<?xml version="1.0" encoding="UTF-8"?>
<coverage generated="1623584805987" clover="3.2.0">
  <project timestamp="1623584805987" name="All files">
    <metrics statements="1421" coveredstatements="1367" conditionals="595" coveredconditionals="488" methods="354" coveredmethods="344" elements="2370" coveredelements="2199" complexity="0" loc="1421" ncloc="1421" packages="1" files="93" classes="93">
      <file name="_counter.ts" path="/Users/andmzr/Documents/Projektai/Lib/ts-prime/src/_counter.ts">
        <metrics statements="7" coveredstatements="7" conditionals="0" coveredconditionals="0" methods="3" coveredmethods="3"/>
        <line num="1" count="10" type="stmt"/>
        <line num="3" count="10" type="stmt"/>
        <line num="4" count="27" type="stmt"/>
        <line num="5" count="27" type="stmt"/>
        <line num="8" count="27" type="stmt"/>
        <line num="9" count="70" type="stmt"/>
        <line num="10" count="70" type="stmt"/>
      </file>
      <file name="_reduceLazy.ts" path="/Users/andmzr/Documents/Projektai/Lib/ts-prime/src/_reduceLazy.ts">
        <metrics statements="8" coveredstatements="8" conditionals="6" coveredconditionals="6" methods="2" coveredmethods="2"/>
        <line num="24" count="26" type="stmt"/>
        <line num="29" count="62" type="stmt"/>
        <line num="30" count="360" type="cond" truecount="2" falsecount="0"/>
        <line num="31" count="360" type="cond" truecount="2" falsecount="0"/>
        <line num="32" count="41" type="stmt"/>
        <line num="33" count="319" type="cond" truecount="2" falsecount="0"/>
        <line num="34" count="252" type="stmt"/>
        <line num="36" count="360" type="stmt"/>
      </file>
      <file name="_toLazyIndexed.ts" path="/Users/andmzr/Documents/Projektai/Lib/ts-prime/src/_toLazyIndexed.ts">
        <metrics statements="3" coveredstatements="3" conditionals="0" coveredconditionals="0" methods="1" coveredmethods="1"/>
        <line num="1" count="22" type="stmt"/>
        <line num="2" count="53" type="stmt"/>
        <line num="3" count="53" type="stmt"/>
      </file>
      <file name="_toSingle.ts" path="/Users/andmzr/Documents/Projektai/Lib/ts-prime/src/_toSingle.ts">
        <metrics statements="3" coveredstatements="3" conditionals="0" coveredconditionals="0" methods="1" coveredmethods="1"/>
        <line num="1" count="12" type="stmt"/>
        <line num="2" count="38" type="stmt"/>
        <line num="3" count="38" type="stmt"/>
      </file>
      <file name="allPass.ts" path="/Users/andmzr/Documents/Projektai/Lib/ts-prime/src/allPass.ts">
        <metrics statements="4" coveredstatements="4" conditionals="0" coveredconditionals="0" methods="3" coveredmethods="3"/>
        <line num="1" count="8" type="stmt"/>
        <line num="27" count="8" type="stmt"/>
        <line num="28" count="6" type="stmt"/>
        <line num="32" count="10" type="stmt"/>
      </file>
      <file name="anyPass.ts" path="/Users/andmzr/Documents/Projektai/Lib/ts-prime/src/anyPass.ts">
        <metrics statements="4" coveredstatements="4" conditionals="0" coveredconditionals="0" methods="3" coveredmethods="3"/>
        <line num="1" count="8" type="stmt"/>
        <line num="27" count="8" type="stmt"/>
        <line num="28" count="6" type="stmt"/>
        <line num="32" count="10" type="stmt"/>
      </file>
      <file name="base64.ts" path="/Users/andmzr/Documents/Projektai/Lib/ts-prime/src/base64.ts">
        <metrics statements="72" coveredstatements="65" conditionals="20" coveredconditionals="18" methods="4" coveredmethods="4"/>
        <line num="8" count="10" type="stmt"/>
        <line num="18" count="10" type="stmt"/>
        <line num="19" count="109" type="stmt"/>
        <line num="20" count="109" type="stmt"/>
        <line num="21" count="109" type="stmt"/>
        <line num="22" count="109" type="stmt"/>
        <line num="23" count="522" type="stmt"/>
        <line num="24" count="522" type="stmt"/>
        <line num="25" count="522" type="stmt"/>
        <line num="26" count="522" type="stmt"/>
        <line num="27" count="522" type="stmt"/>
        <line num="28" count="522" type="stmt"/>
        <line num="29" count="522" type="stmt"/>
        <line num="30" count="522" type="cond" truecount="2" falsecount="0"/>
        <line num="31" count="50" type="stmt"/>
        <line num="32" count="472" type="cond" truecount="2" falsecount="0"/>
        <line num="33" count="35" type="stmt"/>
        <line num="35" count="522" type="stmt"/>
        <line num="42" count="109" type="stmt"/>
        <line num="53" count="10" type="stmt"/>
        <line num="54" count="2" type="stmt"/>
        <line num="55" count="2" type="stmt"/>
        <line num="57" count="2" type="stmt"/>
        <line num="59" count="2" type="stmt"/>
        <line num="60" count="134" type="stmt"/>
        <line num="61" count="134" type="stmt"/>
        <line num="62" count="134" type="stmt"/>
        <line num="63" count="134" type="stmt"/>
        <line num="65" count="134" type="stmt"/>
        <line num="66" count="134" type="stmt"/>
        <line num="67" count="134" type="stmt"/>
        <line num="69" count="134" type="stmt"/>
        <line num="71" count="134" type="cond" truecount="2" falsecount="0"/>
        <line num="72" count="133" type="stmt"/>
        <line num="74" count="134" type="cond" truecount="2" falsecount="0"/>
        <line num="75" count="133" type="stmt"/>
        <line num="79" count="2" type="stmt"/>
        <line num="81" count="2" type="stmt"/>
        <line num="88" count="10" type="stmt"/>
        <line num="89" count="109" type="stmt"/>
        <line num="90" count="109" type="stmt"/>
        <line num="92" count="109" type="stmt"/>
        <line num="93" count="1422" type="stmt"/>
        <line num="95" count="1422" type="cond" truecount="2" falsecount="0"/>
        <line num="96" count="1413" type="stmt"/>
        <line num="97" count="9" type="cond" truecount="3" falsecount="1"/>
        <line num="98" count="9" type="stmt"/>
        <line num="99" count="9" type="stmt"/>
        <line num="101" count="0" type="stmt"/>
        <line num="102" count="0" type="stmt"/>
        <line num="103" count="0" type="stmt"/>
        <line num="107" count="109" type="stmt"/>
        <line num="114" count="10" type="stmt"/>
        <line num="115" count="2" type="stmt"/>
        <line num="116" count="2" type="stmt"/>
        <line num="117" count="2" type="stmt"/>
        <line num="118" count="2" type="stmt"/>
        <line num="119" count="2" type="stmt"/>
        <line num="120" count="2" type="stmt"/>
        <line num="121" count="391" type="stmt"/>
        <line num="123" count="391" type="cond" truecount="2" falsecount="0"/>
        <line num="124" count="382" type="stmt"/>
        <line num="125" count="382" type="stmt"/>
        <line num="126" count="9" type="cond" truecount="3" falsecount="1"/>
        <line num="127" count="9" type="stmt"/>
        <line num="128" count="9" type="stmt"/>
        <line num="129" count="9" type="stmt"/>
        <line num="131" count="0" type="stmt"/>
        <line num="132" count="0" type="stmt"/>
        <line num="133" count="0" type="stmt"/>
        <line num="136" count="0" type="stmt"/>
        <line num="139" count="2" type="stmt"/>
      </file>
      <file name="bytes.ts" path="/Users/andmzr/Documents/Projektai/Lib/ts-prime/src/bytes.ts">
        <metrics statements="7" coveredstatements="7" conditionals="6" coveredconditionals="3" methods="1" coveredmethods="1"/>
        <line num="11" count="40" type="cond" truecount="1" falsecount="1"/>
        <line num="12" count="20" type="cond" truecount="1" falsecount="1"/>
        <line num="13" count="20" type="stmt"/>
        <line num="14" count="20" type="cond" truecount="1" falsecount="1"/>
        <line num="15" count="20" type="stmt"/>
        <line num="16" count="20" type="stmt"/>
        <line num="17" count="20" type="stmt"/>
      </file>
      <file name="cache.ts" path="/Users/andmzr/Documents/Projektai/Lib/ts-prime/src/cache.ts">
        <metrics statements="22" coveredstatements="22" conditionals="16" coveredconditionals="16" methods="7" coveredmethods="7"/>
        <line num="1" count="8" type="stmt"/>
        <line num="30" count="8" type="stmt"/>
        <line num="34" count="3" type="stmt"/>
        <line num="35" count="2" type="stmt"/>
        <line num="36" count="2" type="stmt"/>
        <line num="38" count="7" type="stmt"/>
        <line num="41" count="3" type="stmt"/>
        <line num="45" count="7" type="stmt"/>
        <line num="46" count="3" type="cond" truecount="6" falsecount="0"/>
        <line num="47" count="3" type="cond" truecount="6" falsecount="0"/>
        <line num="48" count="8" type="stmt"/>
        <line num="49" count="8" type="stmt"/>
        <line num="50" count="8" type="stmt"/>
        <line num="51" count="8" type="cond" truecount="2" falsecount="0"/>
        <line num="52" count="4" type="stmt"/>
        <line num="53" count="4" type="cond" truecount="2" falsecount="0"/>
        <line num="54" count="1" type="stmt"/>
        <line num="55" count="1" type="stmt"/>
        <line num="56" count="1" type="stmt"/>
        <line num="59" count="3" type="stmt"/>
        <line num="60" count="3" type="stmt"/>
        <line num="62" count="4" type="stmt"/>
      </file>
      <file name="capitalize.ts" path="/Users/andmzr/Documents/Projektai/Lib/ts-prime/src/capitalize.ts">
        <metrics statements="2" coveredstatements="2" conditionals="0" coveredconditionals="0" methods="1" coveredmethods="1"/>
        <line num="10" count="9" type="stmt"/>
        <line num="11" count="14" type="stmt"/>
      </file>
      <file name="chunk.ts" path="/Users/andmzr/Documents/Projektai/Lib/ts-prime/src/chunk.ts">
        <metrics statements="13" coveredstatements="13" conditionals="4" coveredconditionals="4" methods="3" coveredmethods="3"/>
        <line num="1" count="8" type="stmt"/>
        <line num="21" count="8" type="stmt"/>
        <line num="22" count="5" type="stmt"/>
        <line num="26" count="5" type="stmt"/>
        <line num="27" count="5" type="stmt"/>
        <line num="28" count="5" type="stmt"/>
        <line num="29" count="13" type="cond" truecount="2" falsecount="0"/>
        <line num="30" count="7" type="stmt"/>
        <line num="31" count="7" type="stmt"/>
        <line num="33" count="13" type="stmt"/>
        <line num="34" count="13" type="cond" truecount="2" falsecount="0"/>
        <line num="35" count="5" type="stmt"/>
        <line num="38" count="5" type="stmt"/>
      </file>
      <file name="clamp.ts" path="/Users/andmzr/Documents/Projektai/Lib/ts-prime/src/clamp.ts">
        <metrics statements="10" coveredstatements="10" conditionals="8" coveredconditionals="7" methods="2" coveredmethods="2"/>
        <line num="1" count="8" type="stmt"/>
        <line num="30" count="8" type="stmt"/>
        <line num="31" count="3" type="stmt"/>
        <line num="35" count="3" type="cond" truecount="2" falsecount="0"/>
        <line num="36" count="2" type="cond" truecount="2" falsecount="0"/>
        <line num="37" count="1" type="stmt"/>
        <line num="40" count="2" type="cond" truecount="1" falsecount="1"/>
        <line num="41" count="2" type="cond" truecount="2" falsecount="0"/>
        <line num="42" count="1" type="stmt"/>
        <line num="45" count="1" type="stmt"/>
      </file>
      <file name="clone.ts" path="/Users/andmzr/Documents/Projektai/Lib/ts-prime/src/clone.ts">
        <metrics statements="21" coveredstatements="21" conditionals="23" coveredconditionals="19" methods="4" coveredmethods="4"/>
        <line num="3" count="13" type="stmt"/>
        <line num="6" count="8" type="stmt"/>
        <line num="18" count="130" type="stmt"/>
        <line num="19" count="130" type="stmt"/>
        <line num="20" count="130" type="stmt"/>
        <line num="21" count="340" type="cond" truecount="2" falsecount="0"/>
        <line num="22" count="4" type="stmt"/>
        <line num="24" count="336" type="stmt"/>
        <line num="26" count="126" type="stmt"/>
        <line num="27" count="126" type="stmt"/>
        <line num="29" count="126" type="stmt"/>
        <line num="30" count="199" type="stmt"/>
        <line num="34" count="126" type="stmt"/>
        <line num="36" count="264" type="stmt"/>
        <line num="38" count="87" type="stmt"/>
        <line num="40" count="43" type="stmt"/>
        <line num="42" count="2" type="stmt"/>
        <line num="44" count="8" type="stmt"/>
        <line num="46" count="124" type="stmt"/>
        <line num="57" count="13" type="stmt"/>
        <line num="59" count="65" type="cond" truecount="2" falsecount="0"/>
      </file>
      <file name="compact.ts" path="/Users/andmzr/Documents/Projektai/Lib/ts-prime/src/compact.ts">
        <metrics statements="9" coveredstatements="9" conditionals="12" coveredconditionals="10" methods="7" coveredmethods="7"/>
        <line num="1" count="8" type="stmt"/>
        <line num="8" count="2" type="cond" truecount="2" falsecount="0"/>
        <line num="11" count="4" type="stmt"/>
        <line num="14" count="7" type="cond" truecount="2" falsecount="0"/>
        <line num="15" count="3" type="stmt"/>
        <line num="18" count="2" type="cond" truecount="2" falsecount="0"/>
        <line num="19" count="1" type="cond" truecount="1" falsecount="1"/>
        <line num="37" count="8" type="stmt"/>
        <line num="38" count="2" type="stmt"/>
      </file>
      <file name="convertStringToNameCase.ts" path="/Users/andmzr/Documents/Projektai/Lib/ts-prime/src/convertStringToNameCase.ts">
        <metrics statements="20" coveredstatements="20" conditionals="7" coveredconditionals="7" methods="9" coveredmethods="9"/>
        <line num="1" count="8" type="stmt"/>
        <line num="2" count="8" type="stmt"/>
        <line num="3" count="8" type="stmt"/>
        <line num="4" count="8" type="stmt"/>
        <line num="5" count="8" type="stmt"/>
        <line num="6" count="8" type="stmt"/>
        <line num="21" count="8" type="stmt"/>
        <line num="25" count="10" type="stmt"/>
        <line num="27" count="25" type="stmt"/>
        <line num="28" count="25" type="stmt"/>
        <line num="29" count="25" type="stmt"/>
        <line num="31" count="10" type="stmt"/>
        <line num="33" count="5" type="stmt"/>
        <line num="35" count="5" type="stmt"/>
        <line num="37" count="5" type="stmt"/>
        <line num="39" count="5" type="stmt"/>
        <line num="41" count="2" type="stmt"/>
        <line num="44" count="5" type="cond" truecount="2" falsecount="0"/>
        <line num="45" count="2" type="stmt"/>
        <line num="48" count="3" type="stmt"/>
      </file>
      <file name="createPipe.ts" path="/Users/andmzr/Documents/Projektai/Lib/ts-prime/src/createPipe.ts">
        <metrics statements="3" coveredstatements="3" conditionals="0" coveredconditionals="0" methods="2" coveredmethods="2"/>
        <line num="1" count="8" type="stmt"/>
        <line num="61" count="8" type="stmt"/>
        <line num="62" count="2" type="stmt"/>
      </file>
      <file name="debounce.ts" path="/Users/andmzr/Documents/Projektai/Lib/ts-prime/src/debounce.ts">
        <metrics statements="13" coveredstatements="12" conditionals="2" coveredconditionals="2" methods="4" coveredmethods="3"/>
        <line num="1" count="8" type="stmt"/>
        <line num="16" count="8" type="stmt"/>
        <line num="17" count="1" type="stmt"/>
        <line num="25" count="1" type="stmt"/>
        <line num="26" count="1" type="stmt"/>
        <line num="27" count="100" type="stmt"/>
        <line num="28" count="100" type="cond" truecount="2" falsecount="0"/>
        <line num="29" count="1" type="stmt"/>
        <line num="32" count="1" type="stmt"/>
        <line num="34" count="99" type="stmt"/>
        <line num="35" count="99" type="stmt"/>
        <line num="36" count="0" type="stmt"/>
        <line num="41" count="99" type="stmt"/>
      </file>
      <file name="deepEqual.ts" path="/Users/andmzr/Documents/Projektai/Lib/ts-prime/src/deepEqual.ts">
        <metrics statements="26" coveredstatements="25" conditionals="36" coveredconditionals="23" methods="2" coveredmethods="2"/>
        <line num="1" count="7" type="stmt"/>
        <line num="2" count="7" type="stmt"/>
        <line num="33" count="7" type="stmt"/>
        <line num="36" count="25" type="cond" truecount="2" falsecount="0"/>
        <line num="38" count="13" type="stmt"/>
        <line num="39" count="13" type="cond" truecount="2" falsecount="0"/>
        <line num="40" count="7" type="cond" truecount="1" falsecount="1"/>
        <line num="41" count="7" type="cond" truecount="2" falsecount="2"/>
        <line num="42" count="7" type="cond" truecount="2" falsecount="2"/>
        <line num="43" count="7" type="cond" truecount="4" falsecount="0"/>
        <line num="44" count="4" type="cond" truecount="1" falsecount="1"/>
        <line num="45" count="4" type="cond" truecount="1" falsecount="1"/>
        <line num="46" count="4" type="cond" truecount="1" falsecount="1"/>
        <line num="47" count="4" type="stmt"/>
        <line num="48" count="5" type="cond" truecount="1" falsecount="1"/>
        <line num="50" count="4" type="stmt"/>
        <line num="52" count="3" type="cond" truecount="3" falsecount="1"/>
        <line num="53" count="3" type="stmt"/>
        <line num="54" count="3" type="stmt"/>
        <line num="55" count="3" type="cond" truecount="1" falsecount="1"/>
        <line num="56" count="3" type="cond" truecount="1" falsecount="1"/>
        <line num="57" count="3" type="stmt"/>
        <line num="58" count="3" type="cond" truecount="1" falsecount="1"/>
        <line num="60" count="3" type="stmt"/>
        <line num="62" count="0" type="stmt"/>
        <line num="64" count="13" type="stmt"/>
      </file>
      <file name="deepMerge.ts" path="/Users/andmzr/Documents/Projektai/Lib/ts-prime/src/deepMerge.ts">
        <metrics statements="43" coveredstatements="43" conditionals="24" coveredconditionals="24" methods="5" coveredmethods="5"/>
        <line num="1" count="8" type="stmt"/>
        <line num="2" count="8" type="stmt"/>
        <line num="3" count="8" type="stmt"/>
        <line num="7" count="69" type="stmt"/>
        <line num="11" count="146" type="cond" truecount="2" falsecount="0"/>
        <line num="15" count="17" type="cond" truecount="2" falsecount="0"/>
        <line num="16" count="2" type="stmt"/>
        <line num="23" count="15" type="stmt"/>
        <line num="26" count="15" type="stmt"/>
        <line num="27" count="50" type="cond" truecount="2" falsecount="0"/>
        <line num="28" count="2" type="stmt"/>
        <line num="34" count="129" type="cond" truecount="2" falsecount="0"/>
        <line num="35" count="15" type="stmt"/>
        <line num="36" count="27" type="cond" truecount="2" falsecount="0"/>
        <line num="37" count="2" type="stmt"/>
        <line num="42" count="140" type="stmt"/>
        <line num="45" count="69" type="stmt"/>
        <line num="52" count="79" type="cond" truecount="4" falsecount="0"/>
        <line num="53" count="17" type="stmt"/>
        <line num="54" count="17" type="stmt"/>
        <line num="55" count="69" type="stmt"/>
        <line num="57" count="69" type="cond" truecount="2" falsecount="0"/>
        <line num="58" count="2" type="stmt"/>
        <line num="59" count="2" type="stmt"/>
        <line num="61" count="67" type="stmt"/>
        <line num="63" count="17" type="stmt"/>
        <line num="66" count="62" type="cond" truecount="4" falsecount="0"/>
        <line num="68" count="5" type="stmt"/>
        <line num="73" count="57" type="cond" truecount="2" falsecount="0"/>
        <line num="74" count="22" type="stmt"/>
        <line num="77" count="35" type="stmt"/>
        <line num="104" count="8" type="stmt"/>
        <line num="106" count="5" type="stmt"/>
        <line num="108" count="5" type="stmt"/>
        <line num="109" count="5" type="stmt"/>
        <line num="110" count="5" type="stmt"/>
        <line num="112" count="5" type="stmt"/>
        <line num="133" count="8" type="stmt"/>
        <line num="135" count="7" type="stmt"/>
        <line num="137" count="7" type="stmt"/>
        <line num="138" count="7" type="stmt"/>
        <line num="141" count="7" type="stmt"/>
        <line num="143" count="7" type="stmt"/>
      </file>
      <file name="deepSort.ts" path="/Users/andmzr/Documents/Projektai/Lib/ts-prime/src/deepSort.ts">
        <metrics statements="39" coveredstatements="34" conditionals="26" coveredconditionals="18" methods="9" coveredmethods="7"/>
        <line num="1" count="1" type="stmt"/>
        <line num="10" count="1" type="stmt"/>
        <line num="11" count="1" type="stmt"/>
        <line num="12" count="1" type="stmt"/>
        <line num="17" count="20" type="cond" truecount="2" falsecount="0"/>
        <line num="18" count="2" type="stmt"/>
        <line num="19" count="2" type="stmt"/>
        <line num="22" count="8" type="stmt"/>
        <line num="23" count="8" type="cond" truecount="1" falsecount="1"/>
        <line num="24" count="8" type="cond" truecount="2" falsecount="0"/>
        <line num="25" count="4" type="cond" truecount="1" falsecount="1"/>
        <line num="26" count="4" type="cond" truecount="1" falsecount="1"/>
        <line num="27" count="0" type="stmt"/>
        <line num="30" count="4" type="stmt"/>
        <line num="33" count="12" type="stmt"/>
        <line num="38" count="18" type="cond" truecount="1" falsecount="1"/>
        <line num="39" count="0" type="stmt"/>
        <line num="40" count="0" type="stmt"/>
        <line num="41" count="0" type="stmt"/>
        <line num="44" count="18" type="stmt"/>
        <line num="51" count="1" type="stmt"/>
        <line num="52" count="15" type="stmt"/>
        <line num="53" count="15" type="cond" truecount="2" falsecount="0"/>
        <line num="54" count="13" type="cond" truecount="2" falsecount="0"/>
        <line num="55" count="5" type="cond" truecount="1" falsecount="1"/>
        <line num="56" count="5" type="cond" truecount="1" falsecount="1"/>
        <line num="57" count="5" type="cond" truecount="1" falsecount="1"/>
        <line num="59" count="5" type="cond" truecount="2" falsecount="0"/>
        <line num="60" count="2" type="stmt"/>
        <line num="62" count="10" type="stmt"/>
        <line num="64" count="2" type="stmt"/>
        <line num="65" count="5" type="stmt"/>
        <line num="66" count="5" type="stmt"/>
        <line num="69" count="2" type="stmt"/>
        <line num="72" count="3" type="cond" truecount="1" falsecount="1"/>
        <line num="73" count="3" type="stmt"/>
        <line num="74" count="9" type="stmt"/>
        <line num="76" count="20" type="stmt"/>
        <line num="81" count="0" type="stmt"/>
      </file>
      <file name="deepUniq.ts" path="/Users/andmzr/Documents/Projektai/Lib/ts-prime/src/deepUniq.ts">
        <metrics statements="17" coveredstatements="17" conditionals="4" coveredconditionals="2" methods="2" coveredmethods="2"/>
        <line num="1" count="1" type="stmt"/>
        <line num="2" count="1" type="stmt"/>
        <line num="3" count="1" type="stmt"/>
        <line num="6" count="1" type="stmt"/>
        <line num="7" count="1" type="stmt"/>
        <line num="8" count="1" type="stmt"/>
        <line num="9" count="1" type="stmt"/>
        <line num="10" count="1" type="stmt"/>
        <line num="11" count="1" type="cond" truecount="1" falsecount="1"/>
        <line num="12" count="1" type="stmt"/>
        <line num="13" count="1" type="cond" truecount="1" falsecount="1"/>
        <line num="14" count="1" type="stmt"/>
        <line num="15" count="1" type="stmt"/>
        <line num="18" count="1" type="stmt"/>
        <line num="20" count="1" type="stmt"/>
        <line num="40" count="1" type="stmt"/>
        <line num="41" count="1" type="stmt"/>
      </file>
      <file name="delay.ts" path="/Users/andmzr/Documents/Projektai/Lib/ts-prime/src/delay.ts">
        <metrics statements="4" coveredstatements="4" conditionals="0" coveredconditionals="0" methods="3" coveredmethods="3"/>
        <line num="10" count="11" type="stmt"/>
        <line num="11" count="141022" type="stmt"/>
        <line num="12" count="141022" type="stmt"/>
        <line num="13" count="141021" type="stmt"/>
      </file>
      <file name="difference.ts" path="/Users/andmzr/Documents/Projektai/Lib/ts-prime/src/difference.ts">
        <metrics statements="13" coveredstatements="13" conditionals="4" coveredconditionals="3" methods="5" coveredmethods="5"/>
        <line num="1" count="8" type="stmt"/>
        <line num="2" count="8" type="stmt"/>
        <line num="38" count="8" type="stmt"/>
        <line num="39" count="3" type="stmt"/>
        <line num="43" count="2" type="stmt"/>
        <line num="44" count="2" type="stmt"/>
        <line num="47" count="8" type="cond" truecount="1" falsecount="1"/>
        <line num="48" count="8" type="stmt"/>
        <line num="49" count="3" type="stmt"/>
        <line num="50" count="3" type="stmt"/>
        <line num="51" count="12" type="cond" truecount="2" falsecount="0"/>
        <line num="52" count="6" type="stmt"/>
        <line num="58" count="6" type="stmt"/>
      </file>
      <file name="drop.ts" path="/Users/andmzr/Documents/Projektai/Lib/ts-prime/src/drop.ts">
        <metrics statements="13" coveredstatements="13" conditionals="4" coveredconditionals="3" methods="5" coveredmethods="5"/>
        <line num="1" count="8" type="stmt"/>
        <line num="2" count="8" type="stmt"/>
        <line num="32" count="8" type="stmt"/>
        <line num="33" count="3" type="stmt"/>
        <line num="37" count="1" type="stmt"/>
        <line num="40" count="8" type="cond" truecount="1" falsecount="1"/>
        <line num="41" count="8" type="stmt"/>
        <line num="42" count="3" type="stmt"/>
        <line num="43" count="3" type="stmt"/>
        <line num="44" count="14" type="cond" truecount="2" falsecount="0"/>
        <line num="45" count="6" type="stmt"/>
        <line num="46" count="6" type="stmt"/>
        <line num="51" count="8" type="stmt"/>
      </file>
      <file name="dropLast.ts" path="/Users/andmzr/Documents/Projektai/Lib/ts-prime/src/dropLast.ts">
        <metrics statements="7" coveredstatements="7" conditionals="2" coveredconditionals="2" methods="2" coveredmethods="2"/>
        <line num="1" count="8" type="stmt"/>
        <line num="29" count="8" type="stmt"/>
        <line num="30" count="3" type="stmt"/>
        <line num="34" count="3" type="stmt"/>
        <line num="35" count="3" type="cond" truecount="2" falsecount="0"/>
        <line num="36" count="1" type="stmt"/>
        <line num="38" count="3" type="stmt"/>
      </file>
      <file name="ensureArray.ts" path="/Users/andmzr/Documents/Projektai/Lib/ts-prime/src/ensureArray.ts">
        <metrics statements="3" coveredstatements="3" conditionals="2" coveredconditionals="2" methods="1" coveredmethods="1"/>
        <line num="1" count="8" type="stmt"/>
        <line num="13" count="8" type="stmt"/>
        <line num="14" count="2" type="cond" truecount="2" falsecount="0"/>
      </file>
      <file name="ensureType.ts" path="/Users/andmzr/Documents/Projektai/Lib/ts-prime/src/ensureType.ts">
        <metrics statements="2" coveredstatements="2" conditionals="0" coveredconditionals="0" methods="1" coveredmethods="1"/>
        <line num="9" count="14" type="stmt"/>
        <line num="10" count="17" type="stmt"/>
      </file>
      <file name="entries.ts" path="/Users/andmzr/Documents/Projektai/Lib/ts-prime/src/entries.ts">
        <metrics statements="10" coveredstatements="10" conditionals="0" coveredconditionals="0" methods="4" coveredmethods="4"/>
        <line num="1" count="8" type="stmt"/>
        <line num="7" count="6" type="stmt"/>
        <line num="21" count="8" type="stmt"/>
        <line num="22" count="6" type="stmt"/>
        <line num="27" count="6" type="stmt"/>
        <line num="28" count="18" type="stmt"/>
        <line num="29" count="18" type="stmt"/>
        <line num="31" count="6" type="stmt"/>
        <line num="46" count="8" type="stmt"/>
        <line num="47" count="6" type="stmt"/>
      </file>
      <file name="equals.ts" path="/Users/andmzr/Documents/Projektai/Lib/ts-prime/src/equals.ts">
        <metrics statements="49" coveredstatements="49" conditionals="38" coveredconditionals="38" methods="2" coveredmethods="2"/>
        <line num="1" count="8" type="stmt"/>
        <line num="4" count="8" type="stmt"/>
        <line num="5" count="8" type="stmt"/>
        <line num="6" count="8" type="stmt"/>
        <line num="40" count="8" type="stmt"/>
        <line num="41" count="92" type="stmt"/>
        <line num="45" count="92" type="cond" truecount="2" falsecount="0"/>
        <line num="46" count="31" type="stmt"/>
        <line num="49" count="61" type="cond" truecount="6" falsecount="0"/>
        <line num="50" count="42" type="stmt"/>
        <line num="51" count="42" type="stmt"/>
        <line num="52" count="42" type="stmt"/>
        <line num="53" count="42" type="stmt"/>
        <line num="54" count="42" type="stmt"/>
        <line num="56" count="42" type="cond" truecount="4" falsecount="0"/>
        <line num="57" count="10" type="stmt"/>
        <line num="58" count="10" type="cond" truecount="2" falsecount="0"/>
        <line num="59" count="1" type="stmt"/>
        <line num="61" count="9" type="stmt"/>
        <line num="62" count="15" type="cond" truecount="2" falsecount="0"/>
        <line num="63" count="4" type="stmt"/>
        <line num="66" count="5" type="stmt"/>
        <line num="69" count="32" type="cond" truecount="2" falsecount="0"/>
        <line num="70" count="2" type="stmt"/>
        <line num="73" count="30" type="stmt"/>
        <line num="74" count="30" type="stmt"/>
        <line num="75" count="30" type="cond" truecount="2" falsecount="0"/>
        <line num="76" count="1" type="stmt"/>
        <line num="78" count="29" type="cond" truecount="4" falsecount="0"/>
        <line num="79" count="3" type="stmt"/>
        <line num="82" count="26" type="stmt"/>
        <line num="83" count="26" type="stmt"/>
        <line num="84" count="26" type="cond" truecount="2" falsecount="0"/>
        <line num="85" count="1" type="stmt"/>
        <line num="87" count="25" type="cond" truecount="4" falsecount="0"/>
        <line num="88" count="3" type="stmt"/>
        <line num="91" count="22" type="stmt"/>
        <line num="92" count="22" type="stmt"/>
        <line num="94" count="22" type="cond" truecount="2" falsecount="0"/>
        <line num="95" count="3" type="stmt"/>
        <line num="98" count="19" type="stmt"/>
        <line num="99" count="28" type="cond" truecount="2" falsecount="0"/>
        <line num="100" count="4" type="stmt"/>
        <line num="104" count="15" type="stmt"/>
        <line num="105" count="24" type="stmt"/>
        <line num="106" count="24" type="cond" truecount="2" falsecount="0"/>
        <line num="107" count="4" type="stmt"/>
        <line num="111" count="11" type="stmt"/>
        <line num="114" count="19" type="cond" truecount="2" falsecount="0"/>
      </file>
      <file name="errors.ts" path="/Users/andmzr/Documents/Projektai/Lib/ts-prime/src/errors.ts">
        <metrics statements="26" coveredstatements="26" conditionals="12" coveredconditionals="11" methods="6" coveredmethods="6"/>
        <line num="1" count="7" type="stmt"/>
        <line num="3" count="7" type="stmt"/>
        <line num="4" count="6" type="stmt"/>
        <line num="5" count="6" type="stmt"/>
        <line num="6" count="6" type="cond" truecount="1" falsecount="1"/>
        <line num="8" count="7" type="stmt"/>
        <line num="18" count="7" type="stmt"/>
        <line num="19" count="2" type="cond" truecount="2" falsecount="0"/>
        <line num="20" count="1" type="stmt"/>
        <line num="22" count="1" type="stmt"/>
        <line num="34" count="7" type="stmt"/>
        <line num="35" count="2" type="cond" truecount="2" falsecount="0"/>
        <line num="36" count="1" type="stmt"/>
        <line num="39" count="1" type="stmt"/>
        <line num="59" count="7" type="stmt"/>
        <line num="62" count="19" type="stmt"/>
        <line num="63" count="19" type="stmt"/>
        <line num="64" count="15" type="cond" truecount="2" falsecount="0"/>
        <line num="65" count="13" type="stmt"/>
        <line num="66" count="10" type="cond" truecount="2" falsecount="0"/>
        <line num="67" count="9" type="stmt"/>
        <line num="69" count="1" type="stmt"/>
        <line num="72" count="2" type="stmt"/>
        <line num="74" count="4" type="cond" truecount="2" falsecount="0"/>
        <line num="75" count="3" type="stmt"/>
        <line num="77" count="1" type="stmt"/>
      </file>
      <file name="filter.ts" path="/Users/andmzr/Documents/Projektai/Lib/ts-prime/src/filter.ts">
        <metrics statements="18" coveredstatements="18" conditionals="8" coveredconditionals="7" methods="8" coveredmethods="8"/>
        <line num="1" count="12" type="stmt"/>
        <line num="2" count="12" type="stmt"/>
        <line num="4" count="12" type="stmt"/>
        <line num="30" count="12" type="stmt"/>
        <line num="31" count="20" type="stmt"/>
        <line num="34" count="24" type="stmt"/>
        <line num="38" count="4" type="stmt"/>
        <line num="45" count="24" type="stmt"/>
        <line num="48" count="24" type="stmt"/>
        <line num="49" count="76" type="cond" truecount="2" falsecount="0"/>
        <line num="50" count="76" type="cond" truecount="2" falsecount="0"/>
        <line num="51" count="55" type="stmt"/>
        <line num="57" count="21" type="stmt"/>
        <line num="64" count="12" type="cond" truecount="1" falsecount="1"/>
        <line num="82" count="12" type="stmt"/>
        <line num="83" count="4" type="stmt"/>
        <line num="86" count="12" type="stmt"/>
        <line num="87" count="12" type="stmt"/>
      </file>
      <file name="filterRecord.ts" path="/Users/andmzr/Documents/Projektai/Lib/ts-prime/src/filterRecord.ts">
        <metrics statements="8" coveredstatements="8" conditionals="0" coveredconditionals="0" methods="4" coveredmethods="4"/>
        <line num="2" count="8" type="stmt"/>
        <line num="25" count="8" type="stmt"/>
        <line num="26" count="2" type="stmt"/>
        <line num="29" count="8" type="stmt"/>
        <line num="37" count="2" type="stmt"/>
        <line num="39" count="4" type="stmt"/>
        <line num="40" count="4" type="stmt"/>
        <line num="41" count="4" type="stmt"/>
      </file>
      <file name="find.ts" path="/Users/andmzr/Documents/Projektai/Lib/ts-prime/src/find.ts">
        <metrics statements="18" coveredstatements="18" conditionals="6" coveredconditionals="5" methods="9" coveredmethods="9"/>
        <line num="1" count="11" type="stmt"/>
        <line num="3" count="11" type="stmt"/>
        <line num="4" count="11" type="stmt"/>
        <line num="34" count="11" type="stmt"/>
        <line num="35" count="5" type="stmt"/>
        <line num="38" count="11" type="stmt"/>
        <line num="42" count="2" type="cond" truecount="2" falsecount="0"/>
        <line num="43" count="1" type="stmt"/>
        <line num="46" count="2" type="stmt"/>
        <line num="49" count="22" type="stmt"/>
        <line num="52" count="5" type="stmt"/>
        <line num="53" count="17" type="cond" truecount="2" falsecount="0"/>
        <line num="54" count="17" type="stmt"/>
        <line num="62" count="11" type="cond" truecount="1" falsecount="1"/>
        <line num="70" count="11" type="stmt"/>
        <line num="71" count="2" type="stmt"/>
        <line num="74" count="11" type="stmt"/>
        <line num="76" count="11" type="stmt"/>
      </file>
      <file name="findIndex.ts" path="/Users/andmzr/Documents/Projektai/Lib/ts-prime/src/findIndex.ts">
        <metrics statements="22" coveredstatements="21" conditionals="8" coveredconditionals="6" methods="9" coveredmethods="9"/>
        <line num="1" count="8" type="stmt"/>
        <line num="3" count="8" type="stmt"/>
        <line num="4" count="8" type="stmt"/>
        <line num="27" count="8" type="stmt"/>
        <line num="28" count="4" type="stmt"/>
        <line num="31" count="8" type="stmt"/>
        <line num="35" count="3" type="cond" truecount="1" falsecount="1"/>
        <line num="36" count="0" type="stmt"/>
        <line num="39" count="7" type="stmt"/>
        <line num="42" count="16" type="stmt"/>
        <line num="45" count="2" type="stmt"/>
        <line num="46" count="2" type="stmt"/>
        <line num="47" count="4" type="cond" truecount="2" falsecount="0"/>
        <line num="48" count="4" type="cond" truecount="2" falsecount="0"/>
        <line num="49" count="2" type="stmt"/>
        <line num="55" count="2" type="stmt"/>
        <line num="56" count="2" type="stmt"/>
        <line num="63" count="8" type="cond" truecount="1" falsecount="1"/>
        <line num="71" count="8" type="stmt"/>
        <line num="72" count="1" type="stmt"/>
        <line num="75" count="8" type="stmt"/>
        <line num="77" count="8" type="stmt"/>
      </file>
      <file name="first.ts" path="/Users/andmzr/Documents/Projektai/Lib/ts-prime/src/first.ts">
        <metrics statements="10" coveredstatements="10" conditionals="4" coveredconditionals="2" methods="6" coveredmethods="6"/>
        <line num="1" count="8" type="stmt"/>
        <line num="25" count="8" type="stmt"/>
        <line num="26" count="9" type="stmt"/>
        <line num="30" count="2" type="stmt"/>
        <line num="33" count="8" type="cond" truecount="1" falsecount="1"/>
        <line num="34" count="8" type="stmt"/>
        <line num="35" count="8" type="stmt"/>
        <line num="36" count="7" type="stmt"/>
        <line num="43" count="8" type="cond" truecount="1" falsecount="1"/>
        <line num="44" count="8" type="stmt"/>
      </file>
      <file name="flatMap.ts" path="/Users/andmzr/Documents/Projektai/Lib/ts-prime/src/flatMap.ts">
        <metrics statements="5" coveredstatements="5" conditionals="0" coveredconditionals="0" methods="3" coveredmethods="3"/>
        <line num="1" count="9" type="stmt"/>
        <line num="2" count="9" type="stmt"/>
        <line num="37" count="9" type="stmt"/>
        <line num="38" count="13" type="stmt"/>
        <line num="45" count="33" type="stmt"/>
      </file>
      <file name="flatMapRecord.ts" path="/Users/andmzr/Documents/Projektai/Lib/ts-prime/src/flatMapRecord.ts">
        <metrics statements="10" coveredstatements="10" conditionals="0" coveredconditionals="0" methods="5" coveredmethods="5"/>
        <line num="2" count="8" type="stmt"/>
        <line num="46" count="8" type="stmt"/>
        <line num="47" count="2" type="stmt"/>
        <line num="50" count="8" type="stmt"/>
        <line num="58" count="2" type="stmt"/>
        <line num="59" count="6" type="stmt"/>
        <line num="60" count="6" type="stmt"/>
        <line num="63" count="12" type="stmt"/>
        <line num="64" count="12" type="stmt"/>
        <line num="66" count="6" type="stmt"/>
      </file>
      <file name="flatMapToObj.ts" path="/Users/andmzr/Documents/Projektai/Lib/ts-prime/src/flatMapToObj.ts">
        <metrics statements="9" coveredstatements="9" conditionals="0" coveredconditionals="0" methods="5" coveredmethods="5"/>
        <line num="2" count="8" type="stmt"/>
        <line num="56" count="8" type="stmt"/>
        <line num="57" count="2" type="stmt"/>
        <line num="60" count="8" type="stmt"/>
        <line num="64" count="2" type="stmt"/>
        <line num="65" count="6" type="stmt"/>
        <line num="66" count="6" type="stmt"/>
        <line num="67" count="4" type="stmt"/>
        <line num="69" count="6" type="stmt"/>
      </file>
      <file name="flatten.ts" path="/Users/andmzr/Documents/Projektai/Lib/ts-prime/src/flatten.ts">
        <metrics statements="11" coveredstatements="11" conditionals="4" coveredconditionals="3" methods="5" coveredmethods="5"/>
        <line num="1" count="10" type="stmt"/>
        <line num="2" count="10" type="stmt"/>
        <line num="25" count="10" type="stmt"/>
        <line num="26" count="18" type="stmt"/>
        <line num="30" count="15" type="stmt"/>
        <line num="33" count="10" type="cond" truecount="1" falsecount="1"/>
        <line num="34" count="10" type="stmt"/>
        <line num="35" count="18" type="stmt"/>
        <line num="36" count="44" type="cond" truecount="2" falsecount="0"/>
        <line num="37" count="41" type="stmt"/>
        <line num="44" count="3" type="stmt"/>
      </file>
      <file name="flattenDeep.ts" path="/Users/andmzr/Documents/Projektai/Lib/ts-prime/src/flattenDeep.ts">
        <metrics statements="20" coveredstatements="20" conditionals="8" coveredconditionals="7" methods="7" coveredmethods="7"/>
        <line num="1" count="8" type="stmt"/>
        <line num="2" count="8" type="stmt"/>
        <line num="29" count="8" type="stmt"/>
        <line num="30" count="6" type="stmt"/>
        <line num="34" count="5" type="stmt"/>
        <line num="38" count="11" type="cond" truecount="2" falsecount="0"/>
        <line num="39" count="5" type="stmt"/>
        <line num="41" count="6" type="stmt"/>
        <line num="42" count="6" type="stmt"/>
        <line num="43" count="11" type="cond" truecount="2" falsecount="0"/>
        <line num="44" count="3" type="stmt"/>
        <line num="46" count="8" type="stmt"/>
        <line num="49" count="6" type="stmt"/>
        <line num="52" count="8" type="cond" truecount="1" falsecount="1"/>
        <line num="53" count="8" type="stmt"/>
        <line num="54" count="6" type="stmt"/>
        <line num="55" count="11" type="stmt"/>
        <line num="56" count="11" type="cond" truecount="2" falsecount="0"/>
        <line num="57" count="6" type="stmt"/>
        <line num="64" count="5" type="stmt"/>
      </file>
      <file name="groupBy.ts" path="/Users/andmzr/Documents/Projektai/Lib/ts-prime/src/groupBy.ts">
        <metrics statements="21" coveredstatements="21" conditionals="8" coveredconditionals="7" methods="9" coveredmethods="9"/>
        <line num="1" count="8" type="stmt"/>
        <line num="25" count="8" type="stmt"/>
        <line num="26" count="4" type="stmt"/>
        <line num="32" count="24" type="stmt"/>
        <line num="35" count="8" type="stmt"/>
        <line num="39" count="8" type="stmt"/>
        <line num="40" count="8" type="stmt"/>
        <line num="41" count="24" type="cond" truecount="2" falsecount="0"/>
        <line num="42" count="24" type="stmt"/>
        <line num="43" count="40" type="cond" truecount="2" falsecount="0"/>
        <line num="44" count="28" type="stmt"/>
        <line num="46" count="40" type="stmt"/>
        <line num="48" count="24" type="cond" truecount="2" falsecount="0"/>
        <line num="49" count="8" type="stmt"/>
        <line num="50" count="24" type="stmt"/>
        <line num="52" count="8" type="stmt"/>
        <line num="54" count="16" type="stmt"/>
        <line num="56" count="8" type="stmt"/>
        <line num="59" count="8" type="cond" truecount="1" falsecount="1"/>
        <line num="67" count="8" type="stmt"/>
        <line num="68" count="4" type="stmt"/>
      </file>
      <file name="guards.ts" path="/Users/andmzr/Documents/Projektai/Lib/ts-prime/src/guards.ts">
        <metrics statements="27" coveredstatements="27" conditionals="7" coveredconditionals="7" methods="13" coveredmethods="13"/>
        <line num="18" count="16" type="stmt"/>
        <line num="19" count="60" type="stmt"/>
        <line num="39" count="16" type="stmt"/>
        <line num="40" count="52" type="cond" truecount="2" falsecount="0"/>
        <line num="53" count="16" type="stmt"/>
        <line num="54" count="69" type="cond" truecount="2" falsecount="0"/>
        <line num="74" count="16" type="stmt"/>
        <line num="75" count="18" type="stmt"/>
        <line num="98" count="16" type="stmt"/>
        <line num="99" count="21" type="stmt"/>
        <line num="121" count="16" type="stmt"/>
        <line num="125" count="172" type="stmt"/>
        <line num="148" count="16" type="stmt"/>
        <line num="152" count="527" type="cond" truecount="3" falsecount="0"/>
        <line num="173" count="16" type="stmt"/>
        <line num="174" count="19" type="stmt"/>
        <line num="190" count="16" type="stmt"/>
        <line num="191" count="7" type="stmt"/>
        <line num="212" count="16" type="stmt"/>
        <line num="213" count="34" type="stmt"/>
        <line num="227" count="16" type="stmt"/>
        <line num="228" count="2" type="stmt"/>
        <line num="229" count="5" type="stmt"/>
        <line num="245" count="16" type="stmt"/>
        <line num="246" count="2" type="stmt"/>
        <line num="247" count="4" type="stmt"/>
        <line num="248" count="6" type="stmt"/>
      </file>
      <file name="hash.ts" path="/Users/andmzr/Documents/Projektai/Lib/ts-prime/src/hash.ts">
        <metrics statements="5" coveredstatements="5" conditionals="2" coveredconditionals="1" methods="2" coveredmethods="2"/>
        <line num="1" count="9" type="stmt"/>
        <line num="10" count="9" type="stmt"/>
        <line num="12" count="107" type="stmt"/>
        <line num="16" count="1338" type="stmt"/>
        <line num="17" count="1338" type="stmt"/>
      </file>
      <file name="identity.ts" path="/Users/andmzr/Documents/Projektai/Lib/ts-prime/src/identity.ts">
        <metrics statements="2" coveredstatements="2" conditionals="0" coveredconditionals="0" methods="1" coveredmethods="1"/>
        <line num="7" count="9" type="stmt"/>
        <line num="8" count="15" type="stmt"/>
      </file>
      <file name="includes.ts" path="/Users/andmzr/Documents/Projektai/Lib/ts-prime/src/includes.ts">
        <metrics statements="13" coveredstatements="13" conditionals="4" coveredconditionals="4" methods="4" coveredmethods="4"/>
        <line num="1" count="8" type="stmt"/>
        <line num="6" count="9" type="stmt"/>
        <line num="7" count="9" type="cond" truecount="2" falsecount="0"/>
        <line num="8" count="3" type="stmt"/>
        <line num="11" count="2" type="stmt"/>
        <line num="29" count="8" type="stmt"/>
        <line num="30" count="5" type="stmt"/>
        <line num="35" count="9" type="stmt"/>
        <line num="36" count="9" type="cond" truecount="2" falsecount="0"/>
        <line num="37" count="4" type="stmt"/>
        <line num="40" count="2" type="stmt"/>
        <line num="59" count="8" type="stmt"/>
        <line num="60" count="6" type="stmt"/>
      </file>
      <file name="index.ts" path="/Users/andmzr/Documents/Projektai/Lib/ts-prime/src/index.ts">
        <metrics statements="88" coveredstatements="88" conditionals="0" coveredconditionals="0" methods="0" coveredmethods="0"/>
        <line num="1" count="7" type="stmt"/>
        <line num="2" count="7" type="stmt"/>
        <line num="3" count="7" type="stmt"/>
        <line num="4" count="7" type="stmt"/>
        <line num="5" count="7" type="stmt"/>
        <line num="6" count="7" type="stmt"/>
        <line num="7" count="7" type="stmt"/>
        <line num="8" count="7" type="stmt"/>
        <line num="9" count="7" type="stmt"/>
        <line num="10" count="7" type="stmt"/>
        <line num="11" count="7" type="stmt"/>
        <line num="12" count="7" type="stmt"/>
        <line num="13" count="7" type="stmt"/>
        <line num="14" count="7" type="stmt"/>
        <line num="15" count="7" type="stmt"/>
        <line num="16" count="7" type="stmt"/>
        <line num="17" count="7" type="stmt"/>
        <line num="18" count="7" type="stmt"/>
        <line num="19" count="7" type="stmt"/>
        <line num="20" count="7" type="stmt"/>
        <line num="21" count="7" type="stmt"/>
        <line num="22" count="7" type="stmt"/>
        <line num="23" count="7" type="stmt"/>
        <line num="24" count="7" type="stmt"/>
        <line num="25" count="7" type="stmt"/>
        <line num="26" count="7" type="stmt"/>
        <line num="27" count="7" type="stmt"/>
        <line num="28" count="7" type="stmt"/>
        <line num="29" count="7" type="stmt"/>
        <line num="30" count="7" type="stmt"/>
        <line num="31" count="7" type="stmt"/>
        <line num="32" count="7" type="stmt"/>
        <line num="33" count="7" type="stmt"/>
        <line num="34" count="7" type="stmt"/>
        <line num="35" count="7" type="stmt"/>
        <line num="36" count="7" type="stmt"/>
        <line num="37" count="7" type="stmt"/>
        <line num="38" count="7" type="stmt"/>
        <line num="39" count="7" type="stmt"/>
        <line num="40" count="7" type="stmt"/>
        <line num="41" count="7" type="stmt"/>
        <line num="42" count="7" type="stmt"/>
        <line num="43" count="7" type="stmt"/>
        <line num="44" count="7" type="stmt"/>
        <line num="45" count="7" type="stmt"/>
        <line num="46" count="7" type="stmt"/>
        <line num="47" count="7" type="stmt"/>
        <line num="48" count="7" type="stmt"/>
        <line num="49" count="7" type="stmt"/>
        <line num="50" count="7" type="stmt"/>
        <line num="51" count="7" type="stmt"/>
        <line num="52" count="7" type="stmt"/>
        <line num="53" count="7" type="stmt"/>
        <line num="54" count="7" type="stmt"/>
        <line num="55" count="7" type="stmt"/>
        <line num="56" count="7" type="stmt"/>
        <line num="57" count="7" type="stmt"/>
        <line num="58" count="7" type="stmt"/>
        <line num="59" count="7" type="stmt"/>
        <line num="60" count="7" type="stmt"/>
        <line num="61" count="7" type="stmt"/>
        <line num="62" count="7" type="stmt"/>
        <line num="63" count="7" type="stmt"/>
        <line num="64" count="7" type="stmt"/>
        <line num="65" count="7" type="stmt"/>
        <line num="66" count="7" type="stmt"/>
        <line num="67" count="7" type="stmt"/>
        <line num="68" count="7" type="stmt"/>
        <line num="69" count="7" type="stmt"/>
        <line num="70" count="7" type="stmt"/>
        <line num="71" count="7" type="stmt"/>
        <line num="72" count="7" type="stmt"/>
        <line num="73" count="7" type="stmt"/>
        <line num="74" count="7" type="stmt"/>
        <line num="75" count="7" type="stmt"/>
        <line num="76" count="7" type="stmt"/>
        <line num="77" count="7" type="stmt"/>
        <line num="78" count="7" type="stmt"/>
        <line num="79" count="7" type="stmt"/>
        <line num="80" count="7" type="stmt"/>
        <line num="81" count="7" type="stmt"/>
        <line num="82" count="7" type="stmt"/>
        <line num="83" count="7" type="stmt"/>
        <line num="84" count="7" type="stmt"/>
        <line num="85" count="7" type="stmt"/>
        <line num="86" count="7" type="stmt"/>
        <line num="87" count="7" type="stmt"/>
        <line num="88" count="7" type="stmt"/>
      </file>
      <file name="indexBy.ts" path="/Users/andmzr/Documents/Projektai/Lib/ts-prime/src/indexBy.ts">
        <metrics statements="12" coveredstatements="12" conditionals="4" coveredconditionals="3" methods="6" coveredmethods="6"/>
        <line num="1" count="8" type="stmt"/>
        <line num="27" count="8" type="stmt"/>
        <line num="28" count="2" type="stmt"/>
        <line num="31" count="8" type="stmt"/>
        <line num="35" count="4" type="stmt"/>
        <line num="36" count="8" type="cond" truecount="2" falsecount="0"/>
        <line num="37" count="8" type="stmt"/>
        <line num="38" count="8" type="stmt"/>
        <line num="39" count="8" type="stmt"/>
        <line num="43" count="8" type="cond" truecount="1" falsecount="1"/>
        <line num="51" count="8" type="stmt"/>
        <line num="52" count="2" type="stmt"/>
      </file>
      <file name="intersection.ts" path="/Users/andmzr/Documents/Projektai/Lib/ts-prime/src/intersection.ts">
        <metrics statements="13" coveredstatements="13" conditionals="4" coveredconditionals="3" methods="5" coveredmethods="5"/>
        <line num="1" count="8" type="stmt"/>
        <line num="2" count="8" type="stmt"/>
        <line num="23" count="8" type="stmt"/>
        <line num="24" count="2" type="stmt"/>
        <line num="28" count="2" type="stmt"/>
        <line num="29" count="2" type="stmt"/>
        <line num="32" count="8" type="cond" truecount="1" falsecount="1"/>
        <line num="33" count="8" type="stmt"/>
        <line num="34" count="2" type="stmt"/>
        <line num="35" count="6" type="stmt"/>
        <line num="36" count="6" type="cond" truecount="2" falsecount="0"/>
        <line num="37" count="4" type="stmt"/>
        <line num="43" count="2" type="stmt"/>
      </file>
      <file name="isOneOf.ts" path="/Users/andmzr/Documents/Projektai/Lib/ts-prime/src/isOneOf.ts">
        <metrics statements="4" coveredstatements="4" conditionals="2" coveredconditionals="2" methods="2" coveredmethods="2"/>
        <line num="1" count="8" type="stmt"/>
        <line num="7" count="17" type="cond" truecount="2" falsecount="0"/>
        <line num="30" count="8" type="stmt"/>
        <line num="31" count="17" type="stmt"/>
      </file>
      <file name="keys.ts" path="/Users/andmzr/Documents/Projektai/Lib/ts-prime/src/keys.ts">
        <metrics statements="4" coveredstatements="4" conditionals="0" coveredconditionals="0" methods="2" coveredmethods="2"/>
        <line num="1" count="8" type="stmt"/>
        <line num="4" count="2" type="stmt"/>
        <line num="19" count="8" type="stmt"/>
        <line num="20" count="2" type="stmt"/>
      </file>
      <file name="last.ts" path="/Users/andmzr/Documents/Projektai/Lib/ts-prime/src/last.ts">
        <metrics statements="2" coveredstatements="2" conditionals="2" coveredconditionals="2" methods="1" coveredmethods="1"/>
        <line num="17" count="8" type="stmt"/>
        <line num="18" count="2" type="cond" truecount="2" falsecount="0"/>
      </file>
      <file name="map.ts" path="/Users/andmzr/Documents/Projektai/Lib/ts-prime/src/map.ts">
        <metrics statements="15" coveredstatements="15" conditionals="6" coveredconditionals="5" methods="8" coveredmethods="8"/>
        <line num="1" count="22" type="stmt"/>
        <line num="2" count="22" type="stmt"/>
        <line num="3" count="22" type="stmt"/>
        <line num="23" count="22" type="stmt"/>
        <line num="24" count="49" type="stmt"/>
        <line num="27" count="54" type="stmt"/>
        <line num="31" count="2" type="stmt"/>
        <line num="38" count="44" type="stmt"/>
        <line num="39" count="54" type="stmt"/>
        <line num="40" count="146" type="stmt"/>
        <line num="48" count="22" type="cond" truecount="1" falsecount="1"/>
        <line num="56" count="22" type="stmt"/>
        <line num="57" count="5" type="stmt"/>
        <line num="59" count="22" type="stmt"/>
        <line num="60" count="22" type="stmt"/>
      </file>
      <file name="mapRecord.ts" path="/Users/andmzr/Documents/Projektai/Lib/ts-prime/src/mapRecord.ts">
        <metrics statements="10" coveredstatements="10" conditionals="0" coveredconditionals="0" methods="5" coveredmethods="5"/>
        <line num="2" count="8" type="stmt"/>
        <line num="29" count="8" type="stmt"/>
        <line num="30" count="1" type="stmt"/>
        <line num="33" count="8" type="stmt"/>
        <line num="37" count="1" type="stmt"/>
        <line num="38" count="3" type="stmt"/>
        <line num="39" count="3" type="stmt"/>
        <line num="41" count="3" type="stmt"/>
        <line num="42" count="3" type="stmt"/>
        <line num="43" count="3" type="stmt"/>
      </file>
      <file name="mapToObj.ts" path="/Users/andmzr/Documents/Projektai/Lib/ts-prime/src/mapToObj.ts">
        <metrics statements="8" coveredstatements="8" conditionals="0" coveredconditionals="0" methods="4" coveredmethods="4"/>
        <line num="2" count="8" type="stmt"/>
        <line num="33" count="8" type="stmt"/>
        <line num="34" count="3" type="stmt"/>
        <line num="37" count="8" type="stmt"/>
        <line num="41" count="3" type="stmt"/>
        <line num="42" count="9" type="stmt"/>
        <line num="43" count="9" type="stmt"/>
        <line num="44" count="9" type="stmt"/>
      </file>
      <file name="merge.ts" path="/Users/andmzr/Documents/Projektai/Lib/ts-prime/src/merge.ts">
        <metrics statements="4" coveredstatements="4" conditionals="0" coveredconditionals="0" methods="2" coveredmethods="2"/>
        <line num="1" count="8" type="stmt"/>
        <line num="29" count="8" type="stmt"/>
        <line num="30" count="2" type="stmt"/>
        <line num="35" count="2" type="stmt"/>
      </file>
      <file name="minBy.ts" path="/Users/andmzr/Documents/Projektai/Lib/ts-prime/src/minBy.ts">
        <metrics statements="33" coveredstatements="29" conditionals="10" coveredconditionals="7" methods="6" coveredmethods="5"/>
        <line num="1" count="8" type="stmt"/>
        <line num="2" count="8" type="stmt"/>
        <line num="25" count="8" type="stmt"/>
        <line num="26" count="1" type="stmt"/>
        <line num="30" count="1" type="stmt"/>
        <line num="31" count="1" type="stmt"/>
        <line num="32" count="1" type="stmt"/>
        <line num="33" count="2" type="stmt"/>
        <line num="34" count="2" type="cond" truecount="2" falsecount="0"/>
        <line num="35" count="1" type="stmt"/>
        <line num="36" count="1" type="stmt"/>
        <line num="37" count="1" type="stmt"/>
        <line num="40" count="1" type="cond" truecount="1" falsecount="1"/>
        <line num="41" count="0" type="stmt"/>
        <line num="42" count="0" type="stmt"/>
        <line num="44" count="1" type="stmt"/>
        <line num="46" count="1" type="stmt"/>
        <line num="72" count="8" type="stmt"/>
        <line num="73" count="1" type="stmt"/>
        <line num="76" count="1" type="cond" truecount="1" falsecount="1"/>
        <line num="77" count="2" type="stmt"/>
        <line num="78" count="1" type="stmt"/>
        <line num="79" count="1" type="stmt"/>
        <line num="80" count="2" type="stmt"/>
        <line num="81" count="2" type="cond" truecount="2" falsecount="0"/>
        <line num="82" count="1" type="stmt"/>
        <line num="83" count="1" type="stmt"/>
        <line num="84" count="1" type="stmt"/>
        <line num="87" count="1" type="cond" truecount="1" falsecount="1"/>
        <line num="88" count="0" type="stmt"/>
        <line num="89" count="0" type="stmt"/>
        <line num="91" count="1" type="stmt"/>
        <line num="93" count="1" type="stmt"/>
      </file>
      <file name="noop.ts" path="/Users/andmzr/Documents/Projektai/Lib/ts-prime/src/noop.ts">
        <metrics statements="2" coveredstatements="2" conditionals="0" coveredconditionals="0" methods="1" coveredmethods="1"/>
        <line num="7" count="8" type="stmt"/>
        <line num="8" count="1" type="stmt"/>
      </file>
      <file name="normalizeString.ts" path="/Users/andmzr/Documents/Projektai/Lib/ts-prime/src/normalizeString.ts">
        <metrics statements="2" coveredstatements="2" conditionals="0" coveredconditionals="0" methods="1" coveredmethods="1"/>
        <line num="11" count="10" type="stmt"/>
        <line num="12" count="35" type="stmt"/>
      </file>
      <file name="omit.ts" path="/Users/andmzr/Documents/Projektai/Lib/ts-prime/src/omit.ts">
        <metrics statements="8" coveredstatements="8" conditionals="2" coveredconditionals="2" methods="3" coveredmethods="3"/>
        <line num="1" count="8" type="stmt"/>
        <line num="26" count="8" type="stmt"/>
        <line num="27" count="2" type="stmt"/>
        <line num="34" count="2" type="stmt"/>
        <line num="35" count="8" type="stmt"/>
        <line num="36" count="8" type="cond" truecount="2" falsecount="0"/>
        <line num="37" count="4" type="stmt"/>
        <line num="39" count="8" type="stmt"/>
      </file>
      <file name="once.ts" path="/Users/andmzr/Documents/Projektai/Lib/ts-prime/src/once.ts">
        <metrics statements="7" coveredstatements="7" conditionals="2" coveredconditionals="2" methods="2" coveredmethods="2"/>
        <line num="12" count="8" type="stmt"/>
        <line num="13" count="1" type="stmt"/>
        <line num="15" count="1" type="stmt"/>
        <line num="16" count="2" type="cond" truecount="2" falsecount="0"/>
        <line num="17" count="1" type="stmt"/>
        <line num="18" count="1" type="stmt"/>
        <line num="20" count="2" type="stmt"/>
      </file>
      <file name="parse.ts" path="/Users/andmzr/Documents/Projektai/Lib/ts-prime/src/parse.ts">
        <metrics statements="23" coveredstatements="23" conditionals="22" coveredconditionals="22" methods="3" coveredmethods="3"/>
        <line num="1" count="7" type="stmt"/>
        <line num="16" count="7" type="stmt"/>
        <line num="20" count="6" type="stmt"/>
        <line num="21" count="6" type="cond" truecount="2" falsecount="0"/>
        <line num="22" count="5" type="stmt"/>
        <line num="43" count="7" type="stmt"/>
        <line num="44" count="6" type="cond" truecount="2" falsecount="0"/>
        <line num="45" count="1" type="stmt"/>
        <line num="47" count="5" type="cond" truecount="2" falsecount="0"/>
        <line num="48" count="3" type="stmt"/>
        <line num="49" count="3" type="stmt"/>
        <line num="56" count="2" type="cond" truecount="2" falsecount="0"/>
        <line num="57" count="1" type="stmt"/>
        <line num="59" count="1" type="stmt"/>
        <line num="77" count="7" type="stmt"/>
        <line num="78" count="9" type="cond" truecount="2" falsecount="0"/>
        <line num="79" count="3" type="stmt"/>
        <line num="82" count="6" type="cond" truecount="2" falsecount="0"/>
        <line num="83" count="3" type="stmt"/>
        <line num="84" count="3" type="stmt"/>
        <line num="91" count="3" type="cond" truecount="2" falsecount="0"/>
        <line num="92" count="2" type="stmt"/>
        <line num="94" count="1" type="stmt"/>
      </file>
      <file name="partition.ts" path="/Users/andmzr/Documents/Projektai/Lib/ts-prime/src/partition.ts">
        <metrics statements="15" coveredstatements="15" conditionals="2" coveredconditionals="2" methods="3" coveredmethods="3"/>
        <line num="1" count="8" type="stmt"/>
        <line num="29" count="8" type="stmt"/>
        <line num="30" count="2" type="stmt"/>
        <line num="37" count="8" type="stmt"/>
        <line num="45" count="2" type="stmt"/>
        <line num="46" count="2" type="stmt"/>
        <line num="47" count="2" type="stmt"/>
        <line num="48" count="16" type="stmt"/>
        <line num="49" count="16" type="cond" truecount="2" falsecount="0"/>
        <line num="50" count="4" type="stmt"/>
        <line num="51" count="4" type="stmt"/>
        <line num="52" count="4" type="stmt"/>
        <line num="55" count="12" type="stmt"/>
        <line num="56" count="12" type="stmt"/>
        <line num="59" count="2" type="stmt"/>
      </file>
      <file name="path.ts" path="/Users/andmzr/Documents/Projektai/Lib/ts-prime/src/path.ts">
        <metrics statements="13" coveredstatements="12" conditionals="8" coveredconditionals="6" methods="3" coveredmethods="3"/>
        <line num="1" count="8" type="stmt"/>
        <line num="2" count="8" type="stmt"/>
        <line num="25" count="8" type="stmt"/>
        <line num="26" count="2" type="stmt"/>
        <line num="32" count="2" type="stmt"/>
        <line num="36" count="14" type="cond" truecount="2" falsecount="0"/>
        <line num="37" count="12" type="cond" truecount="3" falsecount="1"/>
        <line num="39" count="12" type="stmt"/>
        <line num="40" count="12" type="stmt"/>
        <line num="41" count="12" type="cond" truecount="1" falsecount="1"/>
        <line num="42" count="12" type="stmt"/>
        <line num="45" count="0" type="stmt"/>
        <line num="47" count="2" type="stmt"/>
      </file>
      <file name="pick.ts" path="/Users/andmzr/Documents/Projektai/Lib/ts-prime/src/pick.ts">
        <metrics statements="9" coveredstatements="9" conditionals="4" coveredconditionals="3" methods="3" coveredmethods="3"/>
        <line num="1" count="8" type="stmt"/>
        <line num="34" count="8" type="stmt"/>
        <line num="35" count="5" type="stmt"/>
        <line num="39" count="5" type="cond" truecount="2" falsecount="0"/>
        <line num="40" count="2" type="stmt"/>
        <line num="42" count="3" type="stmt"/>
        <line num="43" count="5" type="cond" truecount="1" falsecount="1"/>
        <line num="44" count="5" type="stmt"/>
        <line num="46" count="5" type="stmt"/>
      </file>
      <file name="pipe.ts" path="/Users/andmzr/Documents/Projektai/Lib/ts-prime/src/pipe.ts">
        <metrics statements="73" coveredstatements="73" conditionals="30" coveredconditionals="30" methods="3" coveredmethods="3"/>
        <line num="71" count="44" type="stmt"/>
        <line num="73" count="183" type="stmt"/>
        <line num="75" count="96" type="stmt"/>
        <line num="76" count="96" type="stmt"/>
        <line num="77" count="183" type="stmt"/>
        <line num="78" count="183" type="cond" truecount="2" falsecount="0"/>
        <line num="79" count="113" type="stmt"/>
        <line num="80" count="113" type="stmt"/>
        <line num="81" count="113" type="stmt"/>
        <line num="82" count="113" type="stmt"/>
        <line num="83" count="113" type="stmt"/>
        <line num="84" count="113" type="stmt"/>
        <line num="86" count="70" type="stmt"/>
        <line num="88" count="96" type="stmt"/>
        <line num="89" count="96" type="stmt"/>
        <line num="90" count="124" type="stmt"/>
        <line num="91" count="124" type="stmt"/>
        <line num="92" count="124" type="cond" truecount="2" falsecount="0"/>
        <line num="93" count="70" type="stmt"/>
        <line num="94" count="70" type="stmt"/>
        <line num="95" count="70" type="stmt"/>
        <line num="97" count="54" type="stmt"/>
        <line num="98" count="54" type="stmt"/>
        <line num="99" count="118" type="cond" truecount="2" falsecount="0"/>
        <line num="100" count="113" type="stmt"/>
        <line num="101" count="113" type="cond" truecount="2" falsecount="0"/>
        <line num="102" count="15" type="stmt"/>
        <line num="105" count="5" type="stmt"/>
        <line num="109" count="54" type="stmt"/>
        <line num="111" count="54" type="stmt"/>
        <line num="112" count="150" type="stmt"/>
        <line num="113" count="150" type="cond" truecount="2" falsecount="0"/>
        <line num="114" count="28" type="stmt"/>
        <line num="117" count="54" type="stmt"/>
        <line num="118" count="54" type="cond" truecount="2" falsecount="0"/>
        <line num="119" count="15" type="stmt"/>
        <line num="121" count="39" type="stmt"/>
        <line num="123" count="54" type="stmt"/>
        <line num="125" count="96" type="stmt"/>
        <line num="139" count="160" type="stmt"/>
        <line num="140" count="160" type="stmt"/>
        <line num="141" count="160" type="stmt"/>
        <line num="147" count="160" type="cond" truecount="2" falsecount="0"/>
        <line num="148" count="5" type="stmt"/>
        <line num="149" count="5" type="stmt"/>
        <line num="151" count="155" type="stmt"/>
        <line num="152" count="155" type="stmt"/>
        <line num="153" count="155" type="stmt"/>
        <line num="154" count="297" type="stmt"/>
        <line num="155" count="297" type="stmt"/>
        <line num="156" count="297" type="stmt"/>
        <line num="157" count="297" type="stmt"/>
        <line num="158" count="297" type="stmt"/>
        <line num="159" count="297" type="cond" truecount="2" falsecount="0"/>
        <line num="160" count="297" type="stmt"/>
        <line num="161" count="297" type="cond" truecount="2" falsecount="0"/>
        <line num="162" count="258" type="cond" truecount="2" falsecount="0"/>
        <line num="163" count="6" type="stmt"/>
        <line num="164" count="10" type="stmt"/>
        <line num="165" count="10" type="stmt"/>
        <line num="170" count="10" type="cond" truecount="2" falsecount="0"/>
        <line num="171" count="1" type="stmt"/>
        <line num="174" count="5" type="stmt"/>
        <line num="176" count="252" type="stmt"/>
        <line num="179" count="291" type="cond" truecount="2" falsecount="0"/>
        <line num="180" count="39" type="stmt"/>
        <line num="184" count="252" type="cond" truecount="2" falsecount="0"/>
        <line num="185" count="28" type="stmt"/>
        <line num="188" count="149" type="cond" truecount="2" falsecount="0"/>
        <line num="189" count="110" type="stmt"/>
        <line num="191" count="149" type="cond" truecount="2" falsecount="0"/>
        <line num="192" count="28" type="stmt"/>
        <line num="194" count="121" type="stmt"/>
      </file>
      <file name="purry.ts" path="/Users/andmzr/Documents/Projektai/Lib/ts-prime/src/purry.ts">
        <metrics statements="12" coveredstatements="12" conditionals="10" coveredconditionals="9" methods="2" coveredmethods="2"/>
        <line num="31" count="66" type="stmt"/>
        <line num="32" count="469" type="stmt"/>
        <line num="33" count="469" type="stmt"/>
        <line num="34" count="469" type="cond" truecount="2" falsecount="0"/>
        <line num="35" count="275" type="stmt"/>
        <line num="37" count="194" type="cond" truecount="2" falsecount="0"/>
        <line num="38" count="193" type="stmt"/>
        <line num="39" count="193" type="cond" truecount="4" falsecount="0"/>
        <line num="40" count="115" type="cond" truecount="1" falsecount="1"/>
        <line num="41" count="115" type="stmt"/>
        <line num="43" count="193" type="stmt"/>
        <line num="45" count="1" type="stmt"/>
      </file>
      <file name="randomString.ts" path="/Users/andmzr/Documents/Projektai/Lib/ts-prime/src/randomString.ts">
        <metrics statements="6" coveredstatements="6" conditionals="0" coveredconditionals="0" methods="3" coveredmethods="3"/>
        <line num="1" count="8" type="stmt"/>
        <line num="11" count="8" type="stmt"/>
        <line num="13" count="1" type="stmt"/>
        <line num="14" count="1" type="stmt"/>
        <line num="15" count="10" type="stmt"/>
        <line num="17" count="10" type="stmt"/>
      </file>
      <file name="range.ts" path="/Users/andmzr/Documents/Projektai/Lib/ts-prime/src/range.ts">
        <metrics statements="7" coveredstatements="7" conditionals="0" coveredconditionals="0" methods="2" coveredmethods="2"/>
        <line num="1" count="10" type="stmt"/>
        <line num="19" count="10" type="stmt"/>
        <line num="20" count="11" type="stmt"/>
        <line num="24" count="11" type="stmt"/>
        <line num="25" count="11" type="stmt"/>
        <line num="26" count="818" type="stmt"/>
        <line num="28" count="11" type="stmt"/>
      </file>
      <file name="rateLimiter.ts" path="/Users/andmzr/Documents/Projektai/Lib/ts-prime/src/rateLimiter.ts">
        <metrics statements="19" coveredstatements="18" conditionals="10" coveredconditionals="7" methods="3" coveredmethods="3"/>
        <line num="2" count="8" type="stmt"/>
        <line num="25" count="8" type="stmt"/>
        <line num="26" count="8" type="stmt"/>
        <line num="27" count="8" type="stmt"/>
        <line num="31" count="800" type="stmt"/>
        <line num="32" count="800" type="cond" truecount="1" falsecount="1"/>
        <line num="33" count="280344" type="stmt"/>
        <line num="35" count="800" type="stmt"/>
        <line num="36" count="800" type="cond" truecount="2" falsecount="0"/>
        <line num="37" count="16" type="stmt"/>
        <line num="40" count="800" type="cond" truecount="4" falsecount="2"/>
        <line num="41" count="800" type="stmt"/>
        <line num="42" count="0" type="stmt"/>
        <line num="44" count="800" type="stmt"/>
        <line num="45" count="800" type="stmt"/>
        <line num="47" count="800" type="stmt"/>
        <line num="48" count="800" type="stmt"/>
        <line num="49" count="800" type="stmt"/>
        <line num="54" count="8" type="stmt"/>
      </file>
      <file name="reduce.ts" path="/Users/andmzr/Documents/Projektai/Lib/ts-prime/src/reduce.ts">
        <metrics statements="9" coveredstatements="9" conditionals="4" coveredconditionals="3" methods="6" coveredmethods="6"/>
        <line num="1" count="8" type="stmt"/>
        <line num="42" count="8" type="stmt"/>
        <line num="43" count="2" type="stmt"/>
        <line num="46" count="8" type="stmt"/>
        <line num="51" count="4" type="stmt"/>
        <line num="53" count="20" type="cond" truecount="2" falsecount="0"/>
        <line num="58" count="8" type="cond" truecount="1" falsecount="1"/>
        <line num="68" count="8" type="stmt"/>
        <line num="69" count="2" type="stmt"/>
      </file>
      <file name="retry.ts" path="/Users/andmzr/Documents/Projektai/Lib/ts-prime/src/retry.ts">
        <metrics statements="18" coveredstatements="18" conditionals="2" coveredconditionals="2" methods="5" coveredmethods="5"/>
        <line num="1" count="7" type="stmt"/>
        <line num="2" count="7" type="stmt"/>
        <line num="3" count="7" type="stmt"/>
        <line num="5" count="2" type="stmt"/>
        <line num="9" count="2" type="stmt"/>
        <line num="12" count="2" type="stmt"/>
        <line num="13" count="2" type="stmt"/>
        <line num="14" count="7" type="stmt"/>
        <line num="15" count="1" type="stmt"/>
        <line num="16" count="6" type="stmt"/>
        <line num="17" count="6" type="stmt"/>
        <line num="18" count="6" type="cond" truecount="2" falsecount="0"/>
        <line num="19" count="5" type="stmt"/>
        <line num="21" count="1" type="stmt"/>
        <line num="24" count="1" type="stmt"/>
        <line num="27" count="2" type="stmt"/>
        <line num="46" count="7" type="stmt"/>
        <line num="47" count="2" type="stmt"/>
      </file>
      <file name="reverse.ts" path="/Users/andmzr/Documents/Projektai/Lib/ts-prime/src/reverse.ts">
        <metrics statements="4" coveredstatements="4" conditionals="0" coveredconditionals="0" methods="2" coveredmethods="2"/>
        <line num="1" count="8" type="stmt"/>
        <line num="18" count="8" type="stmt"/>
        <line num="19" count="2" type="stmt"/>
        <line num="23" count="2" type="stmt"/>
      </file>
      <file name="setPath.ts" path="/Users/andmzr/Documents/Projektai/Lib/ts-prime/src/setPath.ts">
        <metrics statements="20" coveredstatements="19" conditionals="12" coveredconditionals="10" methods="1" coveredmethods="1"/>
        <line num="1" count="8" type="stmt"/>
        <line num="2" count="8" type="stmt"/>
        <line num="3" count="8" type="stmt"/>
        <line num="16" count="8" type="stmt"/>
        <line num="21" count="7" type="cond" truecount="3" falsecount="1"/>
        <line num="22" count="0" type="stmt"/>
        <line num="26" count="7" type="stmt"/>
        <line num="27" count="7" type="stmt"/>
        <line num="28" count="7" type="stmt"/>
        <line num="29" count="7" type="stmt"/>
        <line num="30" count="21" type="stmt"/>
        <line num="31" count="21" type="cond" truecount="1" falsecount="1"/>
        <line num="32" count="21" type="cond" truecount="2" falsecount="0"/>
        <line num="33" count="11" type="cond" truecount="2" falsecount="0"/>
        <line num="34" count="11" type="stmt"/>
        <line num="35" count="11" type="stmt"/>
        <line num="38" count="10" type="cond" truecount="2" falsecount="0"/>
        <line num="39" count="3" type="stmt"/>
        <line num="42" count="10" type="stmt"/>
        <line num="45" count="7" type="stmt"/>
      </file>
      <file name="slugify.ts" path="/Users/andmzr/Documents/Projektai/Lib/ts-prime/src/slugify.ts">
        <metrics statements="14" coveredstatements="14" conditionals="2" coveredconditionals="2" methods="2" coveredmethods="2"/>
        <line num="1" count="8" type="stmt"/>
        <line num="12" count="8" type="stmt"/>
        <line num="13" count="3" type="stmt"/>
        <line num="15" count="7" type="stmt"/>
        <line num="17" count="3" type="stmt"/>
        <line num="20" count="3" type="stmt"/>
        <line num="24" count="3" type="stmt"/>
        <line num="26" count="3" type="stmt"/>
        <line num="27" count="3" type="stmt"/>
        <line num="28" count="294" type="stmt"/>
        <line num="32" count="3" type="stmt"/>
        <line num="39" count="3" type="cond" truecount="2" falsecount="0"/>
        <line num="40" count="1" type="stmt"/>
        <line num="42" count="2" type="stmt"/>
      </file>
      <file name="sort.ts" path="/Users/andmzr/Documents/Projektai/Lib/ts-prime/src/sort.ts">
        <metrics statements="6" coveredstatements="6" conditionals="0" coveredconditionals="0" methods="2" coveredmethods="2"/>
        <line num="1" count="8" type="stmt"/>
        <line num="22" count="8" type="stmt"/>
        <line num="23" count="2" type="stmt"/>
        <line num="27" count="2" type="stmt"/>
        <line num="28" count="2" type="stmt"/>
        <line num="29" count="2" type="stmt"/>
      </file>
      <file name="sortBy.ts" path="/Users/andmzr/Documents/Projektai/Lib/ts-prime/src/sortBy.ts">
        <metrics statements="57" coveredstatements="45" conditionals="44" coveredconditionals="30" methods="9" coveredmethods="8"/>
        <line num="1" count="10" type="stmt"/>
        <line num="2" count="10" type="stmt"/>
        <line num="3" count="10" type="stmt"/>
        <line num="4" count="10" type="stmt"/>
        <line num="5" count="10" type="stmt"/>
        <line num="44" count="10" type="stmt"/>
        <line num="45" count="22" type="stmt"/>
        <line num="49" count="22" type="stmt"/>
        <line num="50" count="22" type="stmt"/>
        <line num="51" count="43" type="stmt"/>
        <line num="52" count="43" type="stmt"/>
        <line num="55" count="43" type="stmt"/>
        <line num="56" count="39" type="cond" truecount="4" falsecount="0"/>
        <line num="59" count="43" type="stmt"/>
        <line num="63" count="49" type="stmt"/>
        <line num="65" count="44" type="stmt"/>
        <line num="66" count="44" type="stmt"/>
        <line num="69" count="5" type="stmt"/>
        <line num="70" count="5" type="stmt"/>
        <line num="75" count="43" type="stmt"/>
        <line num="79" count="49" type="cond" truecount="1" falsecount="1"/>
        <line num="80" count="0" type="stmt"/>
        <line num="82" count="49" type="cond" truecount="4" falsecount="0"/>
        <line num="83" count="15" type="cond" truecount="4" falsecount="0"/>
        <line num="84" count="15" type="stmt"/>
        <line num="85" count="15" type="stmt"/>
        <line num="87" count="34" type="cond" truecount="1" falsecount="1"/>
        <line num="88" count="0" type="stmt"/>
        <line num="90" count="34" type="cond" truecount="1" falsecount="1"/>
        <line num="91" count="0" type="stmt"/>
        <line num="93" count="34" type="stmt"/>
        <line num="95" count="43" type="cond" truecount="4" falsecount="0"/>
        <line num="96" count="15" type="cond" truecount="1" falsecount="1"/>
        <line num="97" count="0" type="stmt"/>
        <line num="101" count="19" type="stmt"/>
        <line num="102" count="19" type="stmt"/>
        <line num="103" count="19" type="stmt"/>
        <line num="104" count="19" type="cond" truecount="1" falsecount="1"/>
        <line num="105" count="0" type="stmt"/>
        <line num="107" count="19" type="stmt"/>
        <line num="108" count="19" type="cond" truecount="2" falsecount="0"/>
        <line num="109" count="13" type="stmt"/>
        <line num="114" count="30" type="cond" truecount="1" falsecount="1"/>
        <line num="115" count="0" type="stmt"/>
        <line num="118" count="30" type="cond" truecount="2" falsecount="2"/>
        <line num="119" count="0" type="cond" truecount="0" falsecount="4"/>
        <line num="120" count="0" type="stmt"/>
        <line num="121" count="0" type="stmt"/>
        <line num="123" count="30" type="cond" truecount="1" falsecount="1"/>
        <line num="124" count="0" type="stmt"/>
        <line num="126" count="30" type="cond" truecount="1" falsecount="1"/>
        <line num="127" count="0" type="stmt"/>
        <line num="130" count="30" type="stmt"/>
        <line num="136" count="22" type="stmt"/>
        <line num="139" count="10" type="stmt"/>
        <line num="146" count="10" type="stmt"/>
        <line num="148" count="0" type="stmt"/>
      </file>
      <file name="splitAt.ts" path="/Users/andmzr/Documents/Projektai/Lib/ts-prime/src/splitAt.ts">
        <metrics statements="6" coveredstatements="6" conditionals="0" coveredconditionals="0" methods="2" coveredmethods="2"/>
        <line num="1" count="9" type="stmt"/>
        <line num="31" count="9" type="stmt"/>
        <line num="32" count="5" type="stmt"/>
        <line num="36" count="5" type="stmt"/>
        <line num="37" count="5" type="stmt"/>
        <line num="38" count="5" type="stmt"/>
      </file>
      <file name="splitWhen.ts" path="/Users/andmzr/Documents/Projektai/Lib/ts-prime/src/splitWhen.ts">
        <metrics statements="8" coveredstatements="8" conditionals="2" coveredconditionals="2" methods="2" coveredmethods="2"/>
        <line num="1" count="8" type="stmt"/>
        <line num="2" count="8" type="stmt"/>
        <line num="25" count="8" type="stmt"/>
        <line num="26" count="2" type="stmt"/>
        <line num="30" count="2" type="stmt"/>
        <line num="31" count="8" type="cond" truecount="2" falsecount="0"/>
        <line num="32" count="1" type="stmt"/>
        <line num="35" count="1" type="stmt"/>
      </file>
      <file name="stats.ts" path="/Users/andmzr/Documents/Projektai/Lib/ts-prime/src/stats.ts">
        <metrics statements="18" coveredstatements="16" conditionals="8" coveredconditionals="5" methods="9" coveredmethods="8"/>
        <line num="1" count="8" type="stmt"/>
        <line num="15" count="2" type="stmt"/>
        <line num="16" count="0" type="stmt"/>
        <line num="18" count="2" type="cond" truecount="1" falsecount="1"/>
        <line num="20" count="2" type="cond" truecount="1" falsecount="1"/>
        <line num="21" count="2" type="stmt"/>
        <line num="22" count="10" type="stmt"/>
        <line num="25" count="2" type="stmt"/>
        <line num="26" count="2" type="cond" truecount="1" falsecount="1"/>
        <line num="28" count="0" type="stmt"/>
        <line num="30" count="2" type="stmt"/>
        <line num="31" count="2" type="stmt"/>
        <line num="32" count="12" type="stmt"/>
        <line num="33" count="2" type="stmt"/>
        <line num="40" count="12" type="cond" truecount="2" falsecount="0"/>
        <line num="43" count="12" type="stmt"/>
        <line num="67" count="8" type="stmt"/>
        <line num="68" count="2" type="stmt"/>
      </file>
      <file name="steps.ts" path="/Users/andmzr/Documents/Projektai/Lib/ts-prime/src/steps.ts">
        <metrics statements="2" coveredstatements="2" conditionals="0" coveredconditionals="0" methods="1" coveredmethods="1"/>
        <line num="15" count="1" type="stmt"/>
        <line num="16" count="5" type="stmt"/>
      </file>
      <file name="take.ts" path="/Users/andmzr/Documents/Projektai/Lib/ts-prime/src/take.ts">
        <metrics statements="14" coveredstatements="14" conditionals="6" coveredconditionals="5" methods="5" coveredmethods="5"/>
        <line num="1" count="14" type="stmt"/>
        <line num="2" count="14" type="stmt"/>
        <line num="20" count="14" type="stmt"/>
        <line num="21" count="17" type="stmt"/>
        <line num="25" count="2" type="stmt"/>
        <line num="28" count="14" type="cond" truecount="1" falsecount="1"/>
        <line num="29" count="14" type="stmt"/>
        <line num="30" count="17" type="stmt"/>
        <line num="31" count="48" type="cond" truecount="2" falsecount="0"/>
        <line num="32" count="8" type="stmt"/>
        <line num="37" count="40" type="stmt"/>
        <line num="38" count="40" type="cond" truecount="2" falsecount="0"/>
        <line num="39" count="16" type="stmt"/>
        <line num="45" count="24" type="stmt"/>
      </file>
      <file name="takeWhile.ts" path="/Users/andmzr/Documents/Projektai/Lib/ts-prime/src/takeWhile.ts">
        <metrics statements="9" coveredstatements="9" conditionals="2" coveredconditionals="2" methods="2" coveredmethods="2"/>
        <line num="1" count="8" type="stmt"/>
        <line num="25" count="8" type="stmt"/>
        <line num="26" count="2" type="stmt"/>
        <line num="30" count="2" type="stmt"/>
        <line num="31" count="8" type="stmt"/>
        <line num="32" count="8" type="cond" truecount="2" falsecount="0"/>
        <line num="33" count="2" type="stmt"/>
        <line num="35" count="6" type="stmt"/>
        <line num="37" count="2" type="stmt"/>
      </file>
      <file name="throttle.ts" path="/Users/andmzr/Documents/Projektai/Lib/ts-prime/src/throttle.ts">
        <metrics statements="16" coveredstatements="15" conditionals="4" coveredconditionals="3" methods="3" coveredmethods="3"/>
        <line num="15" count="8" type="stmt"/>
        <line num="19" count="8" type="stmt"/>
        <line num="20" count="1" type="stmt"/>
        <line num="29" count="1" type="stmt"/>
        <line num="30" count="1" type="stmt"/>
        <line num="31" count="10" type="stmt"/>
        <line num="32" count="10" type="cond" truecount="2" falsecount="0"/>
        <line num="33" count="1" type="stmt"/>
        <line num="34" count="1" type="stmt"/>
        <line num="37" count="1" type="stmt"/>
        <line num="39" count="9" type="stmt"/>
        <line num="40" count="9" type="cond" truecount="1" falsecount="1"/>
        <line num="41" count="9" type="stmt"/>
        <line num="42" count="9" type="stmt"/>
        <line num="45" count="9" type="stmt"/>
        <line num="47" count="0" type="stmt"/>
      </file>
      <file name="time.ts" path="/Users/andmzr/Documents/Projektai/Lib/ts-prime/src/time.ts">
        <metrics statements="59" coveredstatements="46" conditionals="38" coveredconditionals="18" methods="10" coveredmethods="6"/>
        <line num="1" count="7" type="stmt"/>
        <line num="2" count="7" type="stmt"/>
        <line num="3" count="7" type="stmt"/>
        <line num="4" count="7" type="stmt"/>
        <line num="15" count="7" type="cond" truecount="2" falsecount="0"/>
        <line num="19" count="7" type="stmt"/>
        <line num="20" count="0" type="stmt"/>
        <line num="26" count="7" type="stmt"/>
        <line num="27" count="0" type="stmt"/>
        <line num="33" count="7" type="stmt"/>
        <line num="34" count="0" type="stmt"/>
        <line num="40" count="7" type="stmt"/>
        <line num="41" count="0" type="stmt"/>
        <line num="45" count="7" type="stmt"/>
        <line num="46" count="3" type="stmt"/>
        <line num="47" count="3" type="stmt"/>
        <line num="48" count="3" type="stmt"/>
        <line num="49" count="3" type="stmt"/>
        <line num="50" count="3" type="stmt"/>
        <line num="52" count="3" type="stmt"/>
        <line num="53" count="3" type="stmt"/>
        <line num="55" count="3" type="stmt"/>
        <line num="62" count="3" type="stmt"/>
        <line num="69" count="3" type="cond" truecount="2" falsecount="0"/>
        <line num="72" count="3" type="stmt"/>
        <line num="73" count="12" type="stmt"/>
        <line num="74" count="12" type="stmt"/>
        <line num="76" count="12" type="stmt"/>
        <line num="77" count="12" type="stmt"/>
        <line num="79" count="4" type="stmt"/>
        <line num="80" count="4" type="stmt"/>
        <line num="83" count="3" type="stmt"/>
        <line num="92" count="8" type="cond" truecount="1" falsecount="1"/>
        <line num="93" count="4" type="stmt"/>
        <line num="94" count="4" type="cond" truecount="1" falsecount="1"/>
        <line num="95" count="0" type="stmt"/>
        <line num="98" count="4" type="stmt"/>
        <line num="99" count="4" type="stmt"/>
        <line num="100" count="4" type="stmt"/>
        <line num="101" count="4" type="stmt"/>
        <line num="102" count="4" type="stmt"/>
        <line num="105" count="4" type="cond" truecount="2" falsecount="0"/>
        <line num="106" count="2" type="cond" truecount="2" falsecount="0"/>
        <line num="108" count="1" type="cond" truecount="1" falsecount="1"/>
        <line num="110" count="1" type="cond" truecount="1" falsecount="1"/>
        <line num="113" count="1" type="cond" truecount="1" falsecount="1"/>
        <line num="115" count="0" type="cond" truecount="0" falsecount="2"/>
        <line num="117" count="0" type="cond" truecount="0" falsecount="2"/>
        <line num="119" count="0" type="cond" truecount="0" falsecount="2"/>
        <line num="121" count="0" type="stmt"/>
        <line num="124" count="2" type="stmt"/>
        <line num="126" count="2" type="cond" truecount="1" falsecount="1"/>
        <line num="128" count="2" type="cond" truecount="1" falsecount="1"/>
        <line num="130" count="2" type="cond" truecount="2" falsecount="0"/>
        <line num="131" count="1" type="cond" truecount="1" falsecount="1"/>
        <line num="133" count="0" type="cond" truecount="0" falsecount="2"/>
        <line num="135" count="0" type="cond" truecount="0" falsecount="2"/>
        <line num="137" count="0" type="cond" truecount="0" falsecount="2"/>
        <line num="139" count="0" type="stmt"/>
      </file>
      <file name="timeout.ts" path="/Users/andmzr/Documents/Projektai/Lib/ts-prime/src/timeout.ts">
        <metrics statements="11" coveredstatements="11" conditionals="2" coveredconditionals="2" methods="6" coveredmethods="6"/>
        <line num="1" count="7" type="stmt"/>
        <line num="2" count="7" type="stmt"/>
        <line num="25" count="7" type="stmt"/>
        <line num="26" count="2" type="stmt"/>
        <line num="32" count="2" type="stmt"/>
        <line num="33" count="2" type="stmt"/>
        <line num="35" count="2" type="stmt"/>
        <line num="36" count="1" type="stmt"/>
        <line num="43" count="2" type="cond" truecount="2" falsecount="0"/>
        <line num="44" count="1" type="stmt"/>
        <line num="46" count="1" type="stmt"/>
      </file>
      <file name="times.ts" path="/Users/andmzr/Documents/Projektai/Lib/ts-prime/src/times.ts">
        <metrics statements="9" coveredstatements="9" conditionals="2" coveredconditionals="2" methods="2" coveredmethods="2"/>
        <line num="1" count="8" type="stmt"/>
        <line num="26" count="8" type="stmt"/>
        <line num="27" count="15" type="stmt"/>
        <line num="31" count="18" type="cond" truecount="2" falsecount="0"/>
        <line num="32" count="6" type="stmt"/>
        <line num="35" count="12" type="stmt"/>
        <line num="36" count="12" type="stmt"/>
        <line num="37" count="42" type="stmt"/>
        <line num="40" count="12" type="stmt"/>
      </file>
      <file name="type.ts" path="/Users/andmzr/Documents/Projektai/Lib/ts-prime/src/type.ts">
        <metrics statements="2" coveredstatements="2" conditionals="4" coveredconditionals="4" methods="1" coveredmethods="1"/>
        <line num="21" count="14" type="stmt"/>
        <line num="22" count="484" type="stmt"/>
      </file>
      <file name="uniq.ts" path="/Users/andmzr/Documents/Projektai/Lib/ts-prime/src/uniq.ts">
        <metrics statements="13" coveredstatements="13" conditionals="4" coveredconditionals="3" methods="5" coveredmethods="5"/>
        <line num="1" count="10" type="stmt"/>
        <line num="2" count="10" type="stmt"/>
        <line num="25" count="10" type="stmt"/>
        <line num="26" count="27" type="stmt"/>
        <line num="30" count="25" type="stmt"/>
        <line num="33" count="10" type="cond" truecount="1" falsecount="1"/>
        <line num="34" count="10" type="stmt"/>
        <line num="35" count="27" type="stmt"/>
        <line num="36" count="27" type="stmt"/>
        <line num="37" count="237" type="cond" truecount="2" falsecount="0"/>
        <line num="38" count="38" type="stmt"/>
        <line num="43" count="199" type="stmt"/>
        <line num="44" count="199" type="stmt"/>
      </file>
      <file name="uniqBy.ts" path="/Users/andmzr/Documents/Projektai/Lib/ts-prime/src/uniqBy.ts">
        <metrics statements="12" coveredstatements="12" conditionals="2" coveredconditionals="2" methods="4" coveredmethods="4"/>
        <line num="1" count="8" type="stmt"/>
        <line num="2" count="8" type="stmt"/>
        <line num="30" count="8" type="stmt"/>
        <line num="31" count="6" type="stmt"/>
        <line num="35" count="4" type="stmt"/>
        <line num="39" count="6" type="stmt"/>
        <line num="40" count="6" type="stmt"/>
        <line num="41" count="35" type="stmt"/>
        <line num="42" count="35" type="cond" truecount="2" falsecount="0"/>
        <line num="43" count="11" type="stmt"/>
        <line num="49" count="24" type="stmt"/>
        <line num="50" count="24" type="stmt"/>
      </file>
      <file name="url.ts" path="/Users/andmzr/Documents/Projektai/Lib/ts-prime/src/url.ts">
        <metrics statements="30" coveredstatements="28" conditionals="20" coveredconditionals="18" methods="2" coveredmethods="2"/>
        <line num="6" count="8" type="stmt"/>
        <line num="7" count="1" type="stmt"/>
        <line num="15" count="103" type="stmt"/>
        <line num="16" count="32" type="stmt"/>
        <line num="18" count="32" type="stmt"/>
        <line num="19" count="32" type="cond" truecount="2" falsecount="0"/>
        <line num="21" count="31" type="cond" truecount="1" falsecount="1"/>
        <line num="22" count="0" type="stmt"/>
        <line num="25" count="31" type="cond" truecount="4" falsecount="0"/>
        <line num="26" count="16" type="stmt"/>
        <line num="27" count="16" type="stmt"/>
        <line num="31" count="31" type="cond" truecount="2" falsecount="0"/>
        <line num="32" count="5" type="stmt"/>
        <line num="34" count="26" type="stmt"/>
        <line num="37" count="31" type="stmt"/>
        <line num="38" count="87" type="stmt"/>
        <line num="40" count="87" type="cond" truecount="1" falsecount="1"/>
        <line num="41" count="0" type="stmt"/>
        <line num="44" count="87" type="cond" truecount="2" falsecount="0"/>
        <line num="46" count="84" type="cond" truecount="2" falsecount="0"/>
        <line num="48" count="54" type="stmt"/>
        <line num="50" count="84" type="cond" truecount="2" falsecount="0"/>
        <line num="52" count="53" type="stmt"/>
        <line num="55" count="31" type="stmt"/>
        <line num="58" count="84" type="stmt"/>
        <line num="62" count="31" type="stmt"/>
        <line num="63" count="31" type="stmt"/>
        <line num="65" count="31" type="stmt"/>
        <line num="66" count="31" type="cond" truecount="2" falsecount="0"/>
        <line num="68" count="31" type="stmt"/>
      </file>
      <file name="uuid.ts" path="/Users/andmzr/Documents/Projektai/Lib/ts-prime/src/uuid.ts">
        <metrics statements="5" coveredstatements="5" conditionals="2" coveredconditionals="2" methods="2" coveredmethods="2"/>
        <line num="7" count="8" type="stmt"/>
        <line num="9" count="2" type="stmt"/>
        <line num="11" count="62" type="stmt"/>
        <line num="12" count="62" type="cond" truecount="2" falsecount="0"/>
        <line num="13" count="62" type="stmt"/>
      </file>
      <file name="values.ts" path="/Users/andmzr/Documents/Projektai/Lib/ts-prime/src/values.ts">
        <metrics statements="4" coveredstatements="4" conditionals="0" coveredconditionals="0" methods="2" coveredmethods="2"/>
        <line num="1" count="8" type="stmt"/>
        <line num="4" count="2" type="stmt"/>
        <line num="19" count="8" type="stmt"/>
        <line num="20" count="2" type="stmt"/>
      </file>
      <file name="waitUntilDefined.ts" path="/Users/andmzr/Documents/Projektai/Lib/ts-prime/src/waitUntilDefined.ts">
        <metrics statements="14" coveredstatements="12" conditionals="2" coveredconditionals="1" methods="2" coveredmethods="2"/>
        <line num="1" count="8" type="stmt"/>
        <line num="15" count="8" type="stmt"/>
        <line num="19" count="1" type="stmt"/>
        <line num="20" count="1" type="stmt"/>
        <line num="21" count="0" type="stmt"/>
        <line num="22" count="38" type="stmt"/>
        <line num="23" count="38" type="cond" truecount="1" falsecount="1"/>
        <line num="24" count="0" type="stmt"/>
        <line num="26" count="38" type="stmt"/>
        <line num="27" count="1" type="stmt"/>
        <line num="28" count="37" type="stmt"/>
        <line num="29" count="37" type="stmt"/>
        <line num="31" count="1" type="stmt"/>
        <line num="32" count="1" type="stmt"/>
      </file>
    </metrics>
  </project>
</coverage>
