{"/home/andmzr/Documents/Darbas/Projektai/ts-prime/src/_counter.ts": {"path":"/home/andmzr/Documents/Darbas/Projektai/ts-prime/src/_counter.ts","statementMap":{"0":{"start":{"line":1,"column":0},"end":{"line":1,"column":27}},"1":{"start":{"line":3,"column":13},"end":{"line":13,"column":2}},"2":{"start":{"line":4,"column":16},"end":{"line":4,"column":25}},"3":{"start":{"line":5,"column":2},"end":{"line":12,"column":4}},"4":{"start":{"line":8,"column":6},"end":{"line":11,"column":8}},"5":{"start":{"line":9,"column":8},"end":{"line":9,"column":16}},"6":{"start":{"line":10,"column":8},"end":{"line":10,"column":17}}},"fnMap":{"0":{"name":"(anonymous_0)","decl":{"start":{"line":3,"column":29},"end":{"line":null,"column":-1}},"loc":{"start":{"line":3,"column":29},"end":{"line":13,"column":1}}},"1":{"name":"(anonymous_1)","decl":{"start":{"line":7,"column":8},"end":{"line":null,"column":-1}},"loc":{"start":{"line":7,"column":8},"end":{"line":11,"column":8}}},"2":{"name":"(anonymous_2)","decl":{"start":{"line":8,"column":16},"end":{"line":8,"column":15}},"loc":{"start":{"line":8,"column":17},"end":{"line":11,"column":7}}}},"branchMap":{},"s":{"0":10,"1":10,"2":27,"3":27,"4":27,"5":70,"6":70},"f":{"0":27,"1":27,"2":70},"b":{}}
,"/home/andmzr/Documents/Darbas/Projektai/ts-prime/src/_reduceLazy.ts": {"path":"/home/andmzr/Documents/Darbas/Projektai/ts-prime/src/_reduceLazy.ts","statementMap":{"0":{"start":{"line":29,"column":2},"end":{"line":37,"column":9}},"1":{"start":{"line":30,"column":19},"end":{"line":30,"column":66}},"2":{"start":{"line":31,"column":4},"end":{"line":35,"column":5}},"3":{"start":{"line":32,"column":6},"end":{"line":32,"column":31}},"4":{"start":{"line":33,"column":11},"end":{"line":35,"column":5}},"5":{"start":{"line":34,"column":6},"end":{"line":34,"column":28}},"6":{"start":{"line":36,"column":4},"end":{"line":36,"column":15}},"7":{"start":{"line":24,"column":0},"end":{"line":38,"column":1}}},"fnMap":{"0":{"name":"_reduceLazy","decl":{"start":{"line":24,"column":16},"end":{"line":24,"column":27}},"loc":{"start":{"line":27,"column":19},"end":{"line":38,"column":1}}},"1":{"name":"(anonymous_1)","decl":{"start":{"line":29,"column":22},"end":{"line":29,"column":22}},"loc":{"start":{"line":29,"column":44},"end":{"line":37,"column":3}}}},"branchMap":{"0":{"loc":{"start":{"line":30,"column":29},"end":{"line":30,"column":53}},"type":"cond-expr","locations":[{"start":{"line":30,"column":29},"end":{"line":30,"column":53}},{"start":{"line":30,"column":56},"end":{"line":30,"column":66}}]},"1":{"loc":{"start":{"line":31,"column":4},"end":{"line":35,"column":5}},"type":"if","locations":[{"start":{"line":31,"column":4},"end":{"line":35,"column":5}},{"start":{"line":31,"column":4},"end":{"line":35,"column":5}}]},"2":{"loc":{"start":{"line":33,"column":11},"end":{"line":35,"column":5}},"type":"if","locations":[{"start":{"line":33,"column":11},"end":{"line":35,"column":5}},{"start":{"line":33,"column":11},"end":{"line":35,"column":5}}]}},"s":{"0":62,"1":360,"2":360,"3":41,"4":319,"5":252,"6":360,"7":25},"f":{"0":62,"1":360},"b":{"0":[11,349],"1":[41,319],"2":[252,67]}}
,"/home/andmzr/Documents/Darbas/Projektai/ts-prime/src/_toLazyIndexed.ts": {"path":"/home/andmzr/Documents/Darbas/Projektai/ts-prime/src/_toLazyIndexed.ts","statementMap":{"0":{"start":{"line":1,"column":13},"end":{"line":4,"column":2}},"1":{"start":{"line":2,"column":3},"end":{"line":2,"column":29}},"2":{"start":{"line":3,"column":2},"end":{"line":3,"column":19}}},"fnMap":{"0":{"name":"(anonymous_0)","decl":{"start":{"line":1,"column":30},"end":{"line":1,"column":33}},"loc":{"start":{"line":1,"column":39},"end":{"line":4,"column":1}}}},"branchMap":{},"s":{"0":21,"1":49,"2":49},"f":{"0":49},"b":{}}
,"/home/andmzr/Documents/Darbas/Projektai/ts-prime/src/_toSingle.ts": {"path":"/home/andmzr/Documents/Darbas/Projektai/ts-prime/src/_toSingle.ts","statementMap":{"0":{"start":{"line":1,"column":13},"end":{"line":4,"column":2}},"1":{"start":{"line":2,"column":3},"end":{"line":2,"column":28}},"2":{"start":{"line":3,"column":2},"end":{"line":3,"column":19}}},"fnMap":{"0":{"name":"(anonymous_0)","decl":{"start":{"line":1,"column":25},"end":{"line":1,"column":28}},"loc":{"start":{"line":1,"column":34},"end":{"line":4,"column":1}}}},"branchMap":{},"s":{"0":11,"1":34,"2":34},"f":{"0":34},"b":{}}
,"/home/andmzr/Documents/Darbas/Projektai/ts-prime/src/allPass.ts": {"path":"/home/andmzr/Documents/Darbas/Projektai/ts-prime/src/allPass.ts","statementMap":{"0":{"start":{"line":1,"column":0},"end":{"line":1,"column":31}},"1":{"start":{"line":28,"column":2},"end":{"line":28,"column":36}},"2":{"start":{"line":27,"column":0},"end":{"line":29,"column":1}},"3":{"start":{"line":32,"column":2},"end":{"line":32,"column":35}},"4":{"start":{"line":32,"column":25},"end":{"line":32,"column":33}}},"fnMap":{"0":{"name":"allPass","decl":{"start":{"line":27,"column":16},"end":{"line":27,"column":23}},"loc":{"start":{"line":27,"column":23},"end":{"line":29,"column":1}}},"1":{"name":"_allPass","decl":{"start":{"line":31,"column":9},"end":{"line":31,"column":17}},"loc":{"start":{"line":31,"column":71},"end":{"line":33,"column":1}}},"2":{"name":"(anonymous_2)","decl":{"start":{"line":32,"column":19},"end":{"line":32,"column":18}},"loc":{"start":{"line":32,"column":21},"end":{"line":32,"column":33}}}},"branchMap":{},"s":{"0":7,"1":6,"2":7,"3":6,"4":10},"f":{"0":6,"1":6,"2":10},"b":{}}
,"/home/andmzr/Documents/Darbas/Projektai/ts-prime/src/anyPass.ts": {"path":"/home/andmzr/Documents/Darbas/Projektai/ts-prime/src/anyPass.ts","statementMap":{"0":{"start":{"line":1,"column":0},"end":{"line":1,"column":31}},"1":{"start":{"line":28,"column":2},"end":{"line":28,"column":36}},"2":{"start":{"line":27,"column":0},"end":{"line":29,"column":1}},"3":{"start":{"line":32,"column":2},"end":{"line":32,"column":34}},"4":{"start":{"line":32,"column":24},"end":{"line":32,"column":32}}},"fnMap":{"0":{"name":"anyPass","decl":{"start":{"line":27,"column":16},"end":{"line":27,"column":23}},"loc":{"start":{"line":27,"column":23},"end":{"line":29,"column":1}}},"1":{"name":"_anyPass","decl":{"start":{"line":31,"column":9},"end":{"line":31,"column":17}},"loc":{"start":{"line":31,"column":71},"end":{"line":33,"column":1}}},"2":{"name":"(anonymous_2)","decl":{"start":{"line":32,"column":18},"end":{"line":32,"column":17}},"loc":{"start":{"line":32,"column":20},"end":{"line":32,"column":32}}}},"branchMap":{},"s":{"0":7,"1":6,"2":7,"3":6,"4":10},"f":{"0":6,"1":6,"2":10},"b":{}}
,"/home/andmzr/Documents/Darbas/Projektai/ts-prime/src/base64.ts": {"path":"/home/andmzr/Documents/Darbas/Projektai/ts-prime/src/base64.ts","statementMap":{"0":{"start":{"line":8,"column":2},"end":{"line":8,"column":69}},"1":{"start":{"line":19,"column":15},"end":{"line":19,"column":17}},"2":{"start":{"line":20,"column":10},"end":{"line":20,"column":11}},"3":{"start":{"line":21,"column":2},"end":{"line":21,"column":28}},"4":{"start":{"line":22,"column":2},"end":{"line":41,"column":3}},"5":{"start":{"line":23,"column":17},"end":{"line":23,"column":38}},"6":{"start":{"line":24,"column":17},"end":{"line":24,"column":38}},"7":{"start":{"line":25,"column":17},"end":{"line":25,"column":38}},"8":{"start":{"line":26,"column":17},"end":{"line":26,"column":26}},"9":{"start":{"line":27,"column":17},"end":{"line":27,"column":48}},"10":{"start":{"line":28,"column":15},"end":{"line":28,"column":47}},"11":{"start":{"line":29,"column":15},"end":{"line":29,"column":24}},"12":{"start":{"line":30,"column":4},"end":{"line":34,"column":5}},"13":{"start":{"line":31,"column":6},"end":{"line":31,"column":23}},"14":{"start":{"line":32,"column":11},"end":{"line":34,"column":5}},"15":{"start":{"line":33,"column":6},"end":{"line":33,"column":16}},"16":{"start":{"line":35,"column":4},"end":{"line":40,"column":26}},"17":{"start":{"line":42,"column":2},"end":{"line":42,"column":16}},"18":{"start":{"line":18,"column":0},"end":{"line":43,"column":1}},"19":{"start":{"line":54,"column":15},"end":{"line":54,"column":17}},"20":{"start":{"line":55,"column":10},"end":{"line":55,"column":11}},"21":{"start":{"line":57,"column":2},"end":{"line":57,"column":51}},"22":{"start":{"line":59,"column":2},"end":{"line":77,"column":3}},"23":{"start":{"line":60,"column":17},"end":{"line":60,"column":50}},"24":{"start":{"line":61,"column":17},"end":{"line":61,"column":50}},"25":{"start":{"line":62,"column":17},"end":{"line":62,"column":50}},"26":{"start":{"line":63,"column":17},"end":{"line":63,"column":50}},"27":{"start":{"line":65,"column":17},"end":{"line":65,"column":42}},"28":{"start":{"line":66,"column":17},"end":{"line":66,"column":49}},"29":{"start":{"line":67,"column":17},"end":{"line":67,"column":41}},"30":{"start":{"line":69,"column":4},"end":{"line":69,"column":48}},"31":{"start":{"line":71,"column":4},"end":{"line":73,"column":5}},"32":{"start":{"line":72,"column":6},"end":{"line":72,"column":50}},"33":{"start":{"line":74,"column":4},"end":{"line":76,"column":5}},"34":{"start":{"line":75,"column":6},"end":{"line":75,"column":50}},"35":{"start":{"line":79,"column":2},"end":{"line":79,"column":30}},"36":{"start":{"line":81,"column":2},"end":{"line":81,"column":16}},"37":{"start":{"line":53,"column":0},"end":{"line":82,"column":1}},"38":{"start":{"line":89,"column":2},"end":{"line":89,"column":39}},"39":{"start":{"line":90,"column":16},"end":{"line":90,"column":18}},"40":{"start":{"line":92,"column":2},"end":{"line":105,"column":3}},"41":{"start":{"line":93,"column":14},"end":{"line":93,"column":33}},"42":{"start":{"line":95,"column":4},"end":{"line":104,"column":5}},"43":{"start":{"line":96,"column":6},"end":{"line":96,"column":40}},"44":{"start":{"line":97,"column":11},"end":{"line":104,"column":5}},"45":{"start":{"line":98,"column":6},"end":{"line":98,"column":53}},"46":{"start":{"line":99,"column":6},"end":{"line":99,"column":53}},"47":{"start":{"line":101,"column":6},"end":{"line":101,"column":54}},"48":{"start":{"line":102,"column":6},"end":{"line":102,"column":60}},"49":{"start":{"line":103,"column":6},"end":{"line":103,"column":53}},"50":{"start":{"line":107,"column":2},"end":{"line":107,"column":17}},"51":{"start":{"line":88,"column":0},"end":{"line":108,"column":1}},"52":{"start":{"line":115,"column":12},"end":{"line":115,"column":14}},"53":{"start":{"line":116,"column":10},"end":{"line":116,"column":11}},"54":{"start":{"line":117,"column":11},"end":{"line":117,"column":12}},"55":{"start":{"line":118,"column":11},"end":{"line":118,"column":12}},"56":{"start":{"line":119,"column":11},"end":{"line":119,"column":12}},"57":{"start":{"line":120,"column":2},"end":{"line":138,"column":3}},"58":{"start":{"line":121,"column":4},"end":{"line":121,"column":31}},"59":{"start":{"line":123,"column":4},"end":{"line":137,"column":5}},"60":{"start":{"line":124,"column":6},"end":{"line":124,"column":37}},"61":{"start":{"line":125,"column":6},"end":{"line":125,"column":10}},"62":{"start":{"line":126,"column":11},"end":{"line":137,"column":5}},"63":{"start":{"line":127,"column":6},"end":{"line":127,"column":37}},"64":{"start":{"line":128,"column":6},"end":{"line":128,"column":63}},"65":{"start":{"line":129,"column":6},"end":{"line":129,"column":13}},"66":{"start":{"line":131,"column":6},"end":{"line":131,"column":37}},"67":{"start":{"line":132,"column":6},"end":{"line":132,"column":37}},"68":{"start":{"line":133,"column":6},"end":{"line":135,"column":8}},"69":{"start":{"line":136,"column":6},"end":{"line":136,"column":13}},"70":{"start":{"line":139,"column":2},"end":{"line":139,"column":13}},"71":{"start":{"line":114,"column":0},"end":{"line":140,"column":1}}},"fnMap":{"0":{"name":"base64encode","decl":{"start":{"line":18,"column":16},"end":{"line":18,"column":28}},"loc":{"start":{"line":18,"column":42},"end":{"line":43,"column":1}}},"1":{"name":"base64decode","decl":{"start":{"line":53,"column":16},"end":{"line":53,"column":28}},"loc":{"start":{"line":53,"column":42},"end":{"line":82,"column":1}}},"2":{"name":"encodeUTF8","decl":{"start":{"line":88,"column":16},"end":{"line":88,"column":26}},"loc":{"start":{"line":88,"column":40},"end":{"line":108,"column":1}}},"3":{"name":"decodeUTF8","decl":{"start":{"line":114,"column":16},"end":{"line":114,"column":26}},"loc":{"start":{"line":114,"column":42},"end":{"line":140,"column":1}}}},"branchMap":{"0":{"loc":{"start":{"line":30,"column":4},"end":{"line":34,"column":5}},"type":"if","locations":[{"start":{"line":30,"column":4},"end":{"line":34,"column":5}},{"start":{"line":30,"column":4},"end":{"line":34,"column":5}}]},"1":{"loc":{"start":{"line":32,"column":11},"end":{"line":34,"column":5}},"type":"if","locations":[{"start":{"line":32,"column":11},"end":{"line":34,"column":5}},{"start":{"line":32,"column":11},"end":{"line":34,"column":5}}]},"2":{"loc":{"start":{"line":71,"column":4},"end":{"line":73,"column":5}},"type":"if","locations":[{"start":{"line":71,"column":4},"end":{"line":73,"column":5}},{"start":{"line":71,"column":4},"end":{"line":73,"column":5}}]},"3":{"loc":{"start":{"line":74,"column":4},"end":{"line":76,"column":5}},"type":"if","locations":[{"start":{"line":74,"column":4},"end":{"line":76,"column":5}},{"start":{"line":74,"column":4},"end":{"line":76,"column":5}}]},"4":{"loc":{"start":{"line":95,"column":4},"end":{"line":104,"column":5}},"type":"if","locations":[{"start":{"line":95,"column":4},"end":{"line":104,"column":5}},{"start":{"line":95,"column":4},"end":{"line":104,"column":5}}]},"5":{"loc":{"start":{"line":97,"column":11},"end":{"line":104,"column":5}},"type":"if","locations":[{"start":{"line":97,"column":11},"end":{"line":104,"column":5}},{"start":{"line":97,"column":11},"end":{"line":104,"column":5}}]},"6":{"loc":{"start":{"line":97,"column":15},"end":{"line":97,"column":22}},"type":"binary-expr","locations":[{"start":{"line":97,"column":15},"end":{"line":97,"column":22}},{"start":{"line":97,"column":26},"end":{"line":97,"column":34}}]},"7":{"loc":{"start":{"line":123,"column":4},"end":{"line":137,"column":5}},"type":"if","locations":[{"start":{"line":123,"column":4},"end":{"line":137,"column":5}},{"start":{"line":123,"column":4},"end":{"line":137,"column":5}}]},"8":{"loc":{"start":{"line":126,"column":11},"end":{"line":137,"column":5}},"type":"if","locations":[{"start":{"line":126,"column":11},"end":{"line":137,"column":5}},{"start":{"line":126,"column":11},"end":{"line":137,"column":5}}]},"9":{"loc":{"start":{"line":126,"column":15},"end":{"line":126,"column":23}},"type":"binary-expr","locations":[{"start":{"line":126,"column":15},"end":{"line":126,"column":23}},{"start":{"line":126,"column":27},"end":{"line":126,"column":35}}]}},"s":{"0":9,"1":109,"2":109,"3":109,"4":109,"5":522,"6":522,"7":522,"8":522,"9":522,"10":522,"11":522,"12":522,"13":50,"14":472,"15":35,"16":522,"17":109,"18":9,"19":2,"20":2,"21":2,"22":2,"23":134,"24":134,"25":134,"26":134,"27":134,"28":134,"29":134,"30":134,"31":134,"32":133,"33":134,"34":133,"35":2,"36":2,"37":9,"38":109,"39":109,"40":109,"41":1422,"42":1422,"43":1413,"44":9,"45":9,"46":9,"47":0,"48":0,"49":0,"50":109,"51":9,"52":2,"53":2,"54":2,"55":2,"56":2,"57":2,"58":391,"59":391,"60":382,"61":382,"62":9,"63":9,"64":9,"65":9,"66":0,"67":0,"68":0,"69":0,"70":2,"71":9},"f":{"0":109,"1":2,"2":109,"3":2},"b":{"0":[50,472],"1":[35,437],"2":[133,1],"3":[133,1],"4":[1413,9],"5":[9,0],"6":[9,9],"7":[382,9],"8":[9,0],"9":[9,9]}}
,"/home/andmzr/Documents/Darbas/Projektai/ts-prime/src/bytes.ts": {"path":"/home/andmzr/Documents/Darbas/Projektai/ts-prime/src/bytes.ts","statementMap":{"0":{"start":{"line":11,"column":43},"end":{"line":11,"column":55}},"1":{"start":{"line":12,"column":4},"end":{"line":12,"column":37}},"2":{"start":{"line":12,"column":21},"end":{"line":12,"column":37}},"3":{"start":{"line":13,"column":14},"end":{"line":13,"column":18}},"4":{"start":{"line":14,"column":15},"end":{"line":14,"column":42}},"5":{"start":{"line":15,"column":18},"end":{"line":15,"column":75}},"6":{"start":{"line":16,"column":14},"end":{"line":16,"column":55}},"7":{"start":{"line":17,"column":4},"end":{"line":17,"column":70}},"8":{"start":{"line":11,"column":0},"end":{"line":18,"column":1}}},"fnMap":{"0":{"name":"formatBytes","decl":{"start":{"line":11,"column":16},"end":{"line":11,"column":27}},"loc":{"start":{"line":11,"column":55},"end":{"line":18,"column":1}}}},"branchMap":{"0":{"loc":{"start":{"line":11,"column":43},"end":{"line":11,"column":55}},"type":"if","locations":[{"start":{"line":11,"column":43},"end":{"line":11,"column":55}},{"start":{"line":11,"column":43},"end":{"line":11,"column":55}}]},"1":{"loc":{"start":{"line":12,"column":4},"end":{"line":12,"column":37}},"type":"if","locations":[{"start":{"line":12,"column":4},"end":{"line":12,"column":37}},{"start":{"line":12,"column":4},"end":{"line":12,"column":37}}]},"2":{"loc":{"start":{"line":14,"column":30},"end":{"line":14,"column":31}},"type":"cond-expr","locations":[{"start":{"line":14,"column":30},"end":{"line":14,"column":31}},{"start":{"line":14,"column":34},"end":{"line":14,"column":42}}]}},"s":{"0":40,"1":20,"2":0,"3":20,"4":20,"5":20,"6":20,"7":20,"8":7},"f":{"0":20},"b":{"0":[20,0],"1":[0,20],"2":[0,20]}}
,"/home/andmzr/Documents/Darbas/Projektai/ts-prime/src/cache.ts": {"path":"/home/andmzr/Documents/Darbas/Projektai/ts-prime/src/cache.ts","statementMap":{"0":{"start":{"line":1,"column":0},"end":{"line":1,"column":29}},"1":{"start":{"line":34,"column":23},"end":{"line":44,"column":3}},"2":{"start":{"line":35,"column":37},"end":{"line":35,"column":39}},"3":{"start":{"line":36,"column":4},"end":{"line":43,"column":6}},"4":{"start":{"line":38,"column":8},"end":{"line":38,"column":26}},"5":{"start":{"line":41,"column":8},"end":{"line":41,"column":26}},"6":{"start":{"line":45,"column":25},"end":{"line":45,"column":67}},"7":{"start":{"line":45,"column":26},"end":{"line":45,"column":35}},"8":{"start":{"line":45,"column":26},"end":{"line":45,"column":36}},"9":{"start":{"line":45,"column":41},"end":{"line":45,"column":67}},"10":{"start":{"line":46,"column":19},"end":{"line":46,"column":56}},"11":{"start":{"line":47,"column":25},"end":{"line":47,"column":66}},"12":{"start":{"line":48,"column":2},"end":{"line":63,"column":4}},"13":{"start":{"line":48,"column":10},"end":{"line":48,"column":19}},"14":{"start":{"line":48,"column":10},"end":{"line":48,"column":20}},"15":{"start":{"line":49,"column":20},"end":{"line":49,"column":37}},"16":{"start":{"line":50,"column":19},"end":{"line":50,"column":46}},"17":{"start":{"line":51,"column":4},"end":{"line":61,"column":5}},"18":{"start":{"line":52,"column":21},"end":{"line":52,"column":32}},"19":{"start":{"line":53,"column":6},"end":{"line":58,"column":7}},"20":{"start":{"line":54,"column":8},"end":{"line":57,"column":28}},"21":{"start":{"line":55,"column":10},"end":{"line":55,"column":41}},"22":{"start":{"line":56,"column":10},"end":{"line":56,"column":19}},"23":{"start":{"line":59,"column":6},"end":{"line":59,"column":42}},"24":{"start":{"line":60,"column":6},"end":{"line":60,"column":25}},"25":{"start":{"line":62,"column":4},"end":{"line":62,"column":18}},"26":{"start":{"line":30,"column":0},"end":{"line":64,"column":1}}},"fnMap":{"0":{"name":"cache","decl":{"start":{"line":30,"column":16},"end":{"line":30,"column":21}},"loc":{"start":{"line":32,"column":30},"end":{"line":64,"column":1}}},"1":{"name":"(anonymous_1)","decl":{"start":{"line":34,"column":23},"end":{"line":null,"column":-1}},"loc":{"start":{"line":34,"column":23},"end":{"line":44,"column":3}}},"2":{"name":"(anonymous_2)","decl":{"start":{"line":37,"column":11},"end":{"line":37,"column":10}},"loc":{"start":{"line":37,"column":14},"end":{"line":39,"column":7}}},"3":{"name":"(anonymous_3)","decl":{"start":{"line":40,"column":11},"end":{"line":40,"column":11}},"loc":{"start":{"line":40,"column":21},"end":{"line":42,"column":7}}},"4":{"name":"(anonymous_4)","decl":{"start":{"line":45,"column":25},"end":{"line":null,"column":-1}},"loc":{"start":{"line":45,"column":25},"end":{"line":45,"column":67}}},"5":{"name":"(anonymous_5)","decl":{"start":{"line":48,"column":9},"end":{"line":null,"column":-1}},"loc":{"start":{"line":48,"column":9},"end":{"line":63,"column":3}}},"6":{"name":"(anonymous_6)","decl":{"start":{"line":54,"column":28},"end":{"line":54,"column":27}},"loc":{"start":{"line":54,"column":29},"end":{"line":57,"column":9}}}},"branchMap":{"0":{"loc":{"start":{"line":46,"column":19},"end":{"line":46,"column":38}},"type":"binary-expr","locations":[{"start":{"line":46,"column":19},"end":{"line":46,"column":38}},{"start":{"line":46,"column":42},"end":{"line":46,"column":56}}]},"1":{"loc":{"start":{"line":46,"column":26},"end":{"line":46,"column":18}},"type":"cond-expr","locations":[{"start":{"line":46,"column":26},"end":{"line":46,"column":18}},{"start":{"line":46,"column":19},"end":{"line":46,"column":38}}]},"2":{"loc":{"start":{"line":46,"column":19},"end":{"line":46,"column":26}},"type":"binary-expr","locations":[{"start":{"line":46,"column":19},"end":{"line":46,"column":26}},{"start":{"line":46,"column":19},"end":{"line":46,"column":26}}]},"3":{"loc":{"start":{"line":47,"column":25},"end":{"line":47,"column":48}},"type":"binary-expr","locations":[{"start":{"line":47,"column":25},"end":{"line":47,"column":48}},{"start":{"line":47,"column":52},"end":{"line":47,"column":66}}]},"4":{"loc":{"start":{"line":47,"column":32},"end":{"line":47,"column":24}},"type":"cond-expr","locations":[{"start":{"line":47,"column":32},"end":{"line":47,"column":24}},{"start":{"line":47,"column":25},"end":{"line":47,"column":48}}]},"5":{"loc":{"start":{"line":47,"column":25},"end":{"line":47,"column":32}},"type":"binary-expr","locations":[{"start":{"line":47,"column":25},"end":{"line":47,"column":32}},{"start":{"line":47,"column":25},"end":{"line":47,"column":32}}]},"6":{"loc":{"start":{"line":51,"column":4},"end":{"line":61,"column":5}},"type":"if","locations":[{"start":{"line":51,"column":4},"end":{"line":61,"column":5}},{"start":{"line":51,"column":4},"end":{"line":61,"column":5}}]},"7":{"loc":{"start":{"line":53,"column":6},"end":{"line":58,"column":7}},"type":"if","locations":[{"start":{"line":53,"column":6},"end":{"line":58,"column":7}},{"start":{"line":53,"column":6},"end":{"line":58,"column":7}}]}},"s":{"0":7,"1":3,"2":2,"3":2,"4":7,"5":3,"6":3,"7":7,"8":7,"9":7,"10":3,"11":3,"12":3,"13":8,"14":8,"15":8,"16":8,"17":8,"18":4,"19":4,"20":1,"21":1,"22":1,"23":3,"24":3,"25":4,"26":7},"f":{"0":3,"1":2,"2":7,"3":3,"4":7,"5":8,"6":1},"b":{"0":[3,2],"1":[2,1],"2":[3,3],"3":[3,2],"4":[2,1],"5":[3,3],"6":[4,4],"7":[1,3]}}
,"/home/andmzr/Documents/Darbas/Projektai/ts-prime/src/capitalize.ts": {"path":"/home/andmzr/Documents/Darbas/Projektai/ts-prime/src/capitalize.ts","statementMap":{"0":{"start":{"line":11,"column":2},"end":{"line":11,"column":52}},"1":{"start":{"line":10,"column":0},"end":{"line":12,"column":1}}},"fnMap":{"0":{"name":"capitalize","decl":{"start":{"line":10,"column":16},"end":{"line":10,"column":26}},"loc":{"start":{"line":10,"column":38},"end":{"line":12,"column":1}}}},"branchMap":{},"s":{"0":14,"1":8},"f":{"0":14},"b":{}}
,"/home/andmzr/Documents/Darbas/Projektai/ts-prime/src/chunk.ts": {"path":"/home/andmzr/Documents/Darbas/Projektai/ts-prime/src/chunk.ts","statementMap":{"0":{"start":{"line":1,"column":0},"end":{"line":1,"column":31}},"1":{"start":{"line":22,"column":2},"end":{"line":22,"column":34}},"2":{"start":{"line":21,"column":0},"end":{"line":23,"column":1}},"3":{"start":{"line":26,"column":21},"end":{"line":26,"column":23}},"4":{"start":{"line":27,"column":28},"end":{"line":27,"column":32}},"5":{"start":{"line":28,"column":2},"end":{"line":37,"column":5}},"6":{"start":{"line":29,"column":4},"end":{"line":32,"column":5}},"7":{"start":{"line":30,"column":6},"end":{"line":30,"column":19}},"8":{"start":{"line":31,"column":6},"end":{"line":31,"column":24}},"9":{"start":{"line":33,"column":4},"end":{"line":33,"column":20}},"10":{"start":{"line":34,"column":4},"end":{"line":36,"column":5}},"11":{"start":{"line":35,"column":6},"end":{"line":35,"column":21}},"12":{"start":{"line":38,"column":2},"end":{"line":38,"column":13}}},"fnMap":{"0":{"name":"chunk","decl":{"start":{"line":21,"column":16},"end":{"line":21,"column":21}},"loc":{"start":{"line":21,"column":21},"end":{"line":23,"column":1}}},"1":{"name":"_chunk","decl":{"start":{"line":25,"column":9},"end":{"line":25,"column":15}},"loc":{"start":{"line":25,"column":43},"end":{"line":39,"column":1}}},"2":{"name":"(anonymous_2)","decl":{"start":{"line":28,"column":16},"end":{"line":28,"column":15}},"loc":{"start":{"line":28,"column":17},"end":{"line":37,"column":3}}}},"branchMap":{"0":{"loc":{"start":{"line":29,"column":4},"end":{"line":32,"column":5}},"type":"if","locations":[{"start":{"line":29,"column":4},"end":{"line":32,"column":5}},{"start":{"line":29,"column":4},"end":{"line":32,"column":5}}]},"1":{"loc":{"start":{"line":34,"column":4},"end":{"line":36,"column":5}},"type":"if","locations":[{"start":{"line":34,"column":4},"end":{"line":36,"column":5}},{"start":{"line":34,"column":4},"end":{"line":36,"column":5}}]}},"s":{"0":7,"1":5,"2":7,"3":5,"4":5,"5":5,"6":13,"7":7,"8":7,"9":13,"10":13,"11":5,"12":5},"f":{"0":5,"1":5,"2":13},"b":{"0":[7,6],"1":[5,8]}}
,"/home/andmzr/Documents/Darbas/Projektai/ts-prime/src/clamp.ts": {"path":"/home/andmzr/Documents/Darbas/Projektai/ts-prime/src/clamp.ts","statementMap":{"0":{"start":{"line":1,"column":0},"end":{"line":1,"column":31}},"1":{"start":{"line":31,"column":2},"end":{"line":31,"column":34}},"2":{"start":{"line":30,"column":0},"end":{"line":32,"column":1}},"3":{"start":{"line":35,"column":2},"end":{"line":39,"column":3}},"4":{"start":{"line":36,"column":4},"end":{"line":38,"column":5}},"5":{"start":{"line":37,"column":6},"end":{"line":37,"column":24}},"6":{"start":{"line":40,"column":2},"end":{"line":44,"column":3}},"7":{"start":{"line":41,"column":4},"end":{"line":43,"column":5}},"8":{"start":{"line":42,"column":6},"end":{"line":42,"column":24}},"9":{"start":{"line":45,"column":2},"end":{"line":45,"column":15}}},"fnMap":{"0":{"name":"clamp","decl":{"start":{"line":30,"column":16},"end":{"line":30,"column":21}},"loc":{"start":{"line":30,"column":21},"end":{"line":32,"column":1}}},"1":{"name":"_clamp","decl":{"start":{"line":34,"column":9},"end":{"line":34,"column":15}},"loc":{"start":{"line":34,"column":69},"end":{"line":46,"column":1}}}},"branchMap":{"0":{"loc":{"start":{"line":35,"column":2},"end":{"line":39,"column":3}},"type":"if","locations":[{"start":{"line":35,"column":2},"end":{"line":39,"column":3}},{"start":{"line":35,"column":2},"end":{"line":39,"column":3}}]},"1":{"loc":{"start":{"line":36,"column":4},"end":{"line":38,"column":5}},"type":"if","locations":[{"start":{"line":36,"column":4},"end":{"line":38,"column":5}},{"start":{"line":36,"column":4},"end":{"line":38,"column":5}}]},"2":{"loc":{"start":{"line":40,"column":2},"end":{"line":44,"column":3}},"type":"if","locations":[{"start":{"line":40,"column":2},"end":{"line":44,"column":3}},{"start":{"line":40,"column":2},"end":{"line":44,"column":3}}]},"3":{"loc":{"start":{"line":41,"column":4},"end":{"line":43,"column":5}},"type":"if","locations":[{"start":{"line":41,"column":4},"end":{"line":43,"column":5}},{"start":{"line":41,"column":4},"end":{"line":43,"column":5}}]}},"s":{"0":7,"1":3,"2":7,"3":3,"4":2,"5":1,"6":2,"7":2,"8":1,"9":1},"f":{"0":3,"1":3},"b":{"0":[2,1],"1":[1,1],"2":[2,0],"3":[1,1]}}
,"/home/andmzr/Documents/Darbas/Projektai/ts-prime/src/clone.ts": {"path":"/home/andmzr/Documents/Darbas/Projektai/ts-prime/src/clone.ts","statementMap":{"0":{"start":{"line":3,"column":0},"end":{"line":3,"column":29}},"1":{"start":{"line":6,"column":2},"end":{"line":13,"column":4}},"2":{"start":{"line":18,"column":16},"end":{"line":18,"column":30}},"3":{"start":{"line":19,"column":14},"end":{"line":19,"column":15}},"4":{"start":{"line":20,"column":4},"end":{"line":25,"column":5}},"5":{"start":{"line":21,"column":6},"end":{"line":23,"column":7}},"6":{"start":{"line":22,"column":8},"end":{"line":22,"column":26}},"7":{"start":{"line":24,"column":6},"end":{"line":24,"column":15}},"8":{"start":{"line":26,"column":4},"end":{"line":26,"column":29}},"9":{"start":{"line":27,"column":4},"end":{"line":27,"column":33}},"10":{"start":{"line":29,"column":4},"end":{"line":33,"column":5}},"11":{"start":{"line":30,"column":6},"end":{"line":32,"column":21}},"12":{"start":{"line":34,"column":4},"end":{"line":34,"column":23}},"13":{"start":{"line":36,"column":2},"end":{"line":47,"column":3}},"14":{"start":{"line":38,"column":6},"end":{"line":38,"column":22}},"15":{"start":{"line":40,"column":6},"end":{"line":40,"column":22}},"16":{"start":{"line":42,"column":6},"end":{"line":42,"column":39}},"17":{"start":{"line":44,"column":6},"end":{"line":44,"column":33}},"18":{"start":{"line":46,"column":6},"end":{"line":46,"column":19}},"19":{"start":{"line":59,"column":2},"end":{"line":62,"column":34}},"20":{"start":{"line":57,"column":0},"end":{"line":63,"column":1}}},"fnMap":{"0":{"name":"_cloneRegExp","decl":{"start":{"line":5,"column":9},"end":{"line":5,"column":21}},"loc":{"start":{"line":5,"column":37},"end":{"line":14,"column":1}}},"1":{"name":"_clone","decl":{"start":{"line":16,"column":9},"end":{"line":16,"column":15}},"loc":{"start":{"line":16,"column":71},"end":{"line":48,"column":1}}},"2":{"name":"copy","decl":{"start":{"line":17,"column":11},"end":{"line":17,"column":15}},"loc":{"start":{"line":17,"column":32},"end":{"line":35,"column":3}}},"3":{"name":"clone","decl":{"start":{"line":57,"column":16},"end":{"line":57,"column":21}},"loc":{"start":{"line":57,"column":45},"end":{"line":63,"column":1}}}},"branchMap":{"0":{"loc":{"start":{"line":8,"column":22},"end":{"line":8,"column":25}},"type":"cond-expr","locations":[{"start":{"line":8,"column":22},"end":{"line":8,"column":25}},{"start":{"line":8,"column":28},"end":{"line":8,"column":30}}]},"1":{"loc":{"start":{"line":9,"column":28},"end":{"line":9,"column":31}},"type":"cond-expr","locations":[{"start":{"line":9,"column":28},"end":{"line":9,"column":31}},{"start":{"line":9,"column":34},"end":{"line":9,"column":36}}]},"2":{"loc":{"start":{"line":10,"column":27},"end":{"line":10,"column":30}},"type":"cond-expr","locations":[{"start":{"line":10,"column":27},"end":{"line":10,"column":30}},{"start":{"line":10,"column":33},"end":{"line":10,"column":35}}]},"3":{"loc":{"start":{"line":11,"column":24},"end":{"line":11,"column":27}},"type":"cond-expr","locations":[{"start":{"line":11,"column":24},"end":{"line":11,"column":27}},{"start":{"line":11,"column":30},"end":{"line":11,"column":32}}]},"4":{"loc":{"start":{"line":12,"column":25},"end":{"line":12,"column":28}},"type":"cond-expr","locations":[{"start":{"line":12,"column":25},"end":{"line":12,"column":28}},{"start":{"line":12,"column":31},"end":{"line":12,"column":33}}]},"5":{"loc":{"start":{"line":21,"column":6},"end":{"line":23,"column":7}},"type":"if","locations":[{"start":{"line":21,"column":6},"end":{"line":23,"column":7}},{"start":{"line":21,"column":6},"end":{"line":23,"column":7}}]},"6":{"loc":{"start":{"line":31,"column":10},"end":{"line":31,"column":50}},"type":"cond-expr","locations":[{"start":{"line":31,"column":10},"end":{"line":31,"column":50}},{"start":{"line":32,"column":10},"end":{"line":32,"column":20}}]},"7":{"loc":{"start":{"line":37,"column":4},"end":{"line":38,"column":22}},"type":"switch","locations":[{"start":{"line":37,"column":4},"end":{"line":38,"column":22}},{"start":{"line":39,"column":4},"end":{"line":40,"column":22}},{"start":{"line":41,"column":4},"end":{"line":42,"column":39}},{"start":{"line":43,"column":4},"end":{"line":44,"column":33}},{"start":{"line":45,"column":4},"end":{"line":46,"column":19}}]},"8":{"loc":{"start":{"line":61,"column":6},"end":{"line":61,"column":19}},"type":"cond-expr","locations":[{"start":{"line":61,"column":6},"end":{"line":61,"column":19}},{"start":{"line":62,"column":6},"end":{"line":62,"column":33}}]},"9":{"loc":{"start":{"line":59,"column":9},"end":{"line":59,"column":22}},"type":"binary-expr","locations":[{"start":{"line":59,"column":9},"end":{"line":59,"column":22}},{"start":{"line":59,"column":26},"end":{"line":59,"column":59}}]}},"s":{"0":12,"1":8,"2":128,"3":128,"4":128,"5":338,"6":4,"7":334,"8":124,"9":124,"10":124,"11":196,"12":124,"13":260,"14":86,"15":42,"16":2,"17":8,"18":122,"19":64,"20":12},"f":{"0":8,"1":260,"2":128,"3":64},"b":{"0":[4,4],"1":[4,4],"2":[4,4],"3":[0,8],"4":[0,8],"5":[4,334],"6":[196,0],"7":[86,42,2,8,122],"8":[0,64],"9":[64,61]}}
,"/home/andmzr/Documents/Darbas/Projektai/ts-prime/src/compact.ts": {"path":"/home/andmzr/Documents/Darbas/Projektai/ts-prime/src/compact.ts","statementMap":{"0":{"start":{"line":1,"column":0},"end":{"line":1,"column":30}},"1":{"start":{"line":8,"column":4},"end":{"line":8,"column":73}},"2":{"start":{"line":11,"column":4},"end":{"line":24,"column":5}},"3":{"start":{"line":14,"column":24},"end":{"line":14,"column":25}},"4":{"start":{"line":14,"column":31},"end":{"line":14,"column":60}},"5":{"start":{"line":15,"column":19},"end":{"line":15,"column":20}},"6":{"start":{"line":15,"column":22},"end":{"line":15,"column":23}},"7":{"start":{"line":15,"column":29},"end":{"line":23,"column":14}},"8":{"start":{"line":18,"column":41},"end":{"line":18,"column":74}},"9":{"start":{"line":19,"column":38},"end":{"line":19,"column":80}},"10":{"start":{"line":38,"column":4},"end":{"line":38,"column":37}},"11":{"start":{"line":37,"column":0},"end":{"line":39,"column":1}}},"fnMap":{"0":{"name":"isPlainObject","decl":{"start":{"line":7,"column":9},"end":{"line":7,"column":22}},"loc":{"start":{"line":7,"column":37},"end":{"line":9,"column":1}}},"1":{"name":"_compact","decl":{"start":{"line":10,"column":9},"end":{"line":10,"column":17}},"loc":{"start":{"line":10,"column":25},"end":{"line":25,"column":1}}},"2":{"name":"(anonymous_3)","decl":{"start":{"line":14,"column":20},"end":{"line":14,"column":20}},"loc":{"start":{"line":14,"column":26},"end":{"line":14,"column":60}}},"3":{"name":"(anonymous_4)","decl":{"start":{"line":15,"column":17},"end":{"line":15,"column":17}},"loc":{"start":{"line":15,"column":24},"end":{"line":23,"column":14}}},"4":{"name":"(anonymous_5)","decl":{"start":{"line":18,"column":32},"end":{"line":18,"column":32}},"loc":{"start":{"line":18,"column":36},"end":{"line":18,"column":74}}},"5":{"name":"(anonymous_6)","decl":{"start":{"line":19,"column":29},"end":{"line":19,"column":29}},"loc":{"start":{"line":19,"column":33},"end":{"line":19,"column":80}}},"6":{"name":"compact","decl":{"start":{"line":37,"column":16},"end":{"line":37,"column":23}},"loc":{"start":{"line":37,"column":23},"end":{"line":39,"column":1}}}},"branchMap":{"0":{"loc":{"start":{"line":8,"column":11},"end":{"line":8,"column":24}},"type":"binary-expr","locations":[{"start":{"line":8,"column":11},"end":{"line":8,"column":24}},{"start":{"line":8,"column":28},"end":{"line":8,"column":73}}]},"1":{"loc":{"start":{"line":14,"column":31},"end":{"line":14,"column":46}},"type":"binary-expr","locations":[{"start":{"line":14,"column":31},"end":{"line":14,"column":46}},{"start":{"line":14,"column":50},"end":{"line":14,"column":60}}]},"2":{"loc":{"start":{"line":17,"column":22},"end":{"line":19,"column":81}},"type":"cond-expr","locations":[{"start":{"line":17,"column":22},"end":{"line":19,"column":81}},{"start":{"line":20,"column":22},"end":{"line":22,"column":27}}]},"3":{"loc":{"start":{"line":18,"column":41},"end":{"line":18,"column":58}},"type":"binary-expr","locations":[{"start":{"line":18,"column":41},"end":{"line":18,"column":58}},{"start":{"line":18,"column":62},"end":{"line":18,"column":74}}]},"4":{"loc":{"start":{"line":19,"column":60},"end":{"line":19,"column":73}},"type":"cond-expr","locations":[{"start":{"line":19,"column":60},"end":{"line":19,"column":73}},{"start":{"line":19,"column":76},"end":{"line":19,"column":79}}]},"5":{"loc":{"start":{"line":21,"column":26},"end":{"line":21,"column":37}},"type":"cond-expr","locations":[{"start":{"line":21,"column":26},"end":{"line":21,"column":37}},{"start":{"line":22,"column":26},"end":{"line":22,"column":27}}]}},"s":{"0":7,"1":2,"2":4,"3":7,"4":7,"5":3,"6":3,"7":3,"8":2,"9":1,"10":2,"11":7},"f":{"0":2,"1":4,"2":7,"3":3,"4":2,"5":1,"6":2},"b":{"0":[2,2],"1":[7,4],"2":[2,1],"3":[2,1],"4":[1,0],"5":[1,0]}}
,"/home/andmzr/Documents/Darbas/Projektai/ts-prime/src/convertStringToNameCase.ts": {"path":"/home/andmzr/Documents/Darbas/Projektai/ts-prime/src/convertStringToNameCase.ts","statementMap":{"0":{"start":{"line":1,"column":0},"end":{"line":1,"column":41}},"1":{"start":{"line":2,"column":0},"end":{"line":2,"column":33}},"2":{"start":{"line":3,"column":0},"end":{"line":3,"column":35}},"3":{"start":{"line":4,"column":0},"end":{"line":4,"column":27}},"4":{"start":{"line":5,"column":0},"end":{"line":5,"column":51}},"5":{"start":{"line":6,"column":0},"end":{"line":6,"column":29}},"6":{"start":{"line":25,"column":17},"end":{"line":30,"column":3}},"7":{"start":{"line":27,"column":17},"end":{"line":27,"column":29}},"8":{"start":{"line":28,"column":13},"end":{"line":28,"column":31}},"9":{"start":{"line":29,"column":16},"end":{"line":29,"column":19}},"10":{"start":{"line":31,"column":2},"end":{"line":51,"column":3}},"11":{"start":{"line":33,"column":6},"end":{"line":33,"column":56}},"12":{"start":{"line":33,"column":29},"end":{"line":33,"column":44}},"13":{"start":{"line":35,"column":6},"end":{"line":35,"column":67}},"14":{"start":{"line":35,"column":29},"end":{"line":35,"column":56}},"15":{"start":{"line":37,"column":6},"end":{"line":37,"column":68}},"16":{"start":{"line":37,"column":29},"end":{"line":37,"column":56}},"17":{"start":{"line":39,"column":6},"end":{"line":39,"column":56}},"18":{"start":{"line":39,"column":29},"end":{"line":39,"column":44}},"19":{"start":{"line":41,"column":6},"end":{"line":50,"column":18}},"20":{"start":{"line":44,"column":10},"end":{"line":46,"column":11}},"21":{"start":{"line":45,"column":12},"end":{"line":45,"column":35}},"22":{"start":{"line":48,"column":10},"end":{"line":48,"column":45}},"23":{"start":{"line":21,"column":0},"end":{"line":52,"column":1}}},"fnMap":{"0":{"name":"convertStringToNameCase","decl":{"start":{"line":21,"column":16},"end":{"line":21,"column":39}},"loc":{"start":{"line":23,"column":77},"end":{"line":52,"column":1}}},"1":{"name":"(anonymous_1)","decl":{"start":{"line":27,"column":12},"end":{"line":27,"column":11}},"loc":{"start":{"line":27,"column":13},"end":{"line":27,"column":29}}},"2":{"name":"(anonymous_2)","decl":{"start":{"line":28,"column":8},"end":{"line":28,"column":7}},"loc":{"start":{"line":28,"column":9},"end":{"line":28,"column":31}}},"3":{"name":"(anonymous_3)","decl":{"start":{"line":29,"column":11},"end":{"line":29,"column":10}},"loc":{"start":{"line":29,"column":12},"end":{"line":29,"column":19}}},"4":{"name":"(anonymous_4)","decl":{"start":{"line":33,"column":24},"end":{"line":33,"column":23}},"loc":{"start":{"line":33,"column":25},"end":{"line":33,"column":44}}},"5":{"name":"(anonymous_5)","decl":{"start":{"line":35,"column":24},"end":{"line":35,"column":23}},"loc":{"start":{"line":35,"column":25},"end":{"line":35,"column":56}}},"6":{"name":"(anonymous_6)","decl":{"start":{"line":37,"column":24},"end":{"line":37,"column":23}},"loc":{"start":{"line":37,"column":25},"end":{"line":37,"column":56}}},"7":{"name":"(anonymous_7)","decl":{"start":{"line":39,"column":24},"end":{"line":39,"column":23}},"loc":{"start":{"line":39,"column":25},"end":{"line":39,"column":44}}},"8":{"name":"(anonymous_8)","decl":{"start":{"line":42,"column":13},"end":{"line":42,"column":13}},"loc":{"start":{"line":42,"column":22},"end":{"line":49,"column":9}}}},"branchMap":{"0":{"loc":{"start":{"line":32,"column":4},"end":{"line":33,"column":56}},"type":"switch","locations":[{"start":{"line":32,"column":4},"end":{"line":33,"column":56}},{"start":{"line":34,"column":4},"end":{"line":35,"column":67}},{"start":{"line":36,"column":4},"end":{"line":37,"column":68}},{"start":{"line":38,"column":4},"end":{"line":39,"column":56}},{"start":{"line":40,"column":4},"end":{"line":50,"column":18}}]},"1":{"loc":{"start":{"line":44,"column":10},"end":{"line":46,"column":11}},"type":"if","locations":[{"start":{"line":44,"column":10},"end":{"line":46,"column":11}},{"start":{"line":44,"column":10},"end":{"line":46,"column":11}}]}},"s":{"0":7,"1":7,"2":7,"3":7,"4":7,"5":7,"6":10,"7":25,"8":25,"9":25,"10":10,"11":2,"12":5,"13":2,"14":5,"15":2,"16":5,"17":2,"18":5,"19":2,"20":5,"21":2,"22":3,"23":7},"f":{"0":10,"1":25,"2":25,"3":25,"4":5,"5":5,"6":5,"7":5,"8":5},"b":{"0":[2,2,2,2,2],"1":[2,3]}}
,"/home/andmzr/Documents/Darbas/Projektai/ts-prime/src/createPipe.ts": {"path":"/home/andmzr/Documents/Darbas/Projektai/ts-prime/src/createPipe.ts","statementMap":{"0":{"start":{"line":1,"column":0},"end":{"line":1,"column":29}},"1":{"start":{"line":61,"column":27},"end":{"line":61,"column":75}},"2":{"start":{"line":61,"column":27},"end":{"line":61,"column":76}},"3":{"start":{"line":62,"column":2},"end":{"line":62,"column":61}},"4":{"start":{"line":62,"column":25},"end":{"line":62,"column":59}},"5":{"start":{"line":61,"column":0},"end":{"line":63,"column":1}}},"fnMap":{"0":{"name":"createPipe","decl":{"start":{"line":61,"column":16},"end":{"line":61,"column":26}},"loc":{"start":{"line":61,"column":26},"end":{"line":63,"column":1}}},"1":{"name":"(anonymous_2)","decl":{"start":{"line":62,"column":9},"end":{"line":62,"column":9}},"loc":{"start":{"line":62,"column":20},"end":{"line":62,"column":60}}}},"branchMap":{},"s":{"0":7,"1":2,"2":3,"3":2,"4":2,"5":7},"f":{"0":2,"1":2},"b":{}}
,"/home/andmzr/Documents/Darbas/Projektai/ts-prime/src/debounce.ts": {"path":"/home/andmzr/Documents/Darbas/Projektai/ts-prime/src/debounce.ts","statementMap":{"0":{"start":{"line":1,"column":0},"end":{"line":1,"column":31}},"1":{"start":{"line":17,"column":2},"end":{"line":17,"column":37}},"2":{"start":{"line":16,"column":0},"end":{"line":18,"column":1}},"3":{"start":{"line":25,"column":53},"end":{"line":25,"column":57}},"4":{"start":{"line":26,"column":27},"end":{"line":26,"column":31}},"5":{"start":{"line":27,"column":2},"end":{"line":42,"column":10}},"6":{"start":{"line":27,"column":11},"end":{"line":27,"column":17}},"7":{"start":{"line":27,"column":11},"end":{"line":27,"column":18}},"8":{"start":{"line":28,"column":4},"end":{"line":33,"column":5}},"9":{"start":{"line":29,"column":6},"end":{"line":31,"column":8}},"10":{"start":{"line":32,"column":6},"end":{"line":32,"column":22}},"11":{"start":{"line":34,"column":4},"end":{"line":34,"column":32}},"12":{"start":{"line":35,"column":4},"end":{"line":39,"column":23}},"13":{"start":{"line":36,"column":6},"end":{"line":38,"column":8}},"14":{"start":{"line":41,"column":4},"end":{"line":41,"column":20}}},"fnMap":{"0":{"name":"debounce","decl":{"start":{"line":16,"column":16},"end":{"line":16,"column":24}},"loc":{"start":{"line":16,"column":24},"end":{"line":18,"column":1}}},"1":{"name":"__debounce","decl":{"start":{"line":20,"column":9},"end":{"line":20,"column":19}},"loc":{"start":{"line":22,"column":24},"end":{"line":43,"column":1}}},"2":{"name":"(anonymous_2)","decl":{"start":{"line":27,"column":10},"end":{"line":null,"column":-1}},"loc":{"start":{"line":27,"column":10},"end":{"line":42,"column":3}}},"3":{"name":"(anonymous_3)","decl":{"start":{"line":35,"column":31},"end":{"line":null,"column":-1}},"loc":{"start":{"line":35,"column":31},"end":{"line":39,"column":5}}}},"branchMap":{"0":{"loc":{"start":{"line":28,"column":4},"end":{"line":33,"column":5}},"type":"if","locations":[{"start":{"line":28,"column":4},"end":{"line":33,"column":5}},{"start":{"line":28,"column":4},"end":{"line":33,"column":5}}]}},"s":{"0":7,"1":1,"2":7,"3":1,"4":1,"5":1,"6":100,"7":0,"8":100,"9":1,"10":1,"11":99,"12":99,"13":0,"14":99},"f":{"0":1,"1":1,"2":100,"3":0},"b":{"0":[1,99]}}
,"/home/andmzr/Documents/Darbas/Projektai/ts-prime/src/deepEqual.ts": {"path":"/home/andmzr/Documents/Darbas/Projektai/ts-prime/src/deepEqual.ts","statementMap":{"0":{"start":{"line":1,"column":0},"end":{"line":1,"column":29}},"1":{"start":{"line":2,"column":0},"end":{"line":2,"column":66}},"2":{"start":{"line":36,"column":2},"end":{"line":36,"column":32}},"3":{"start":{"line":38,"column":18},"end":{"line":63,"column":3}},"4":{"start":{"line":39,"column":4},"end":{"line":39,"column":29}},"5":{"start":{"line":39,"column":17},"end":{"line":39,"column":29}},"6":{"start":{"line":40,"column":4},"end":{"line":40,"column":42}},"7":{"start":{"line":40,"column":29},"end":{"line":40,"column":42}},"8":{"start":{"line":41,"column":4},"end":{"line":41,"column":70}},"9":{"start":{"line":41,"column":40},"end":{"line":41,"column":70}},"10":{"start":{"line":42,"column":4},"end":{"line":42,"column":53}},"11":{"start":{"line":42,"column":38},"end":{"line":42,"column":53}},"12":{"start":{"line":43,"column":4},"end":{"line":51,"column":5}},"13":{"start":{"line":44,"column":6},"end":{"line":44,"column":46}},"14":{"start":{"line":44,"column":33},"end":{"line":44,"column":46}},"15":{"start":{"line":45,"column":21},"end":{"line":45,"column":44}},"16":{"start":{"line":46,"column":21},"end":{"line":46,"column":44}},"17":{"start":{"line":47,"column":6},"end":{"line":49,"column":7}},"18":{"start":{"line":48,"column":8},"end":{"line":48,"column":67}},"19":{"start":{"line":48,"column":54},"end":{"line":48,"column":67}},"20":{"start":{"line":50,"column":6},"end":{"line":50,"column":18}},"21":{"start":{"line":52,"column":4},"end":{"line":61,"column":5}},"22":{"start":{"line":53,"column":20},"end":{"line":53,"column":34}},"23":{"start":{"line":54,"column":20},"end":{"line":54,"column":34}},"24":{"start":{"line":55,"column":6},"end":{"line":55,"column":54}},"25":{"start":{"line":55,"column":41},"end":{"line":55,"column":54}},"26":{"start":{"line":56,"column":6},"end":{"line":56,"column":49}},"27":{"start":{"line":56,"column":36},"end":{"line":56,"column":49}},"28":{"start":{"line":57,"column":6},"end":{"line":59,"column":7}},"29":{"start":{"line":57,"column":21},"end":{"line":57,"column":20}},"30":{"start":{"line":58,"column":8},"end":{"line":58,"column":55}},"31":{"start":{"line":58,"column":42},"end":{"line":58,"column":55}},"32":{"start":{"line":60,"column":6},"end":{"line":60,"column":18}},"33":{"start":{"line":62,"column":4},"end":{"line":62,"column":17}},"34":{"start":{"line":64,"column":2},"end":{"line":64,"column":33}},"35":{"start":{"line":33,"column":0},"end":{"line":65,"column":1}}},"fnMap":{"0":{"name":"deepEqual","decl":{"start":{"line":33,"column":16},"end":{"line":33,"column":25}},"loc":{"start":{"line":36,"column":32},"end":{"line":65,"column":1}}},"1":{"name":"(anonymous_1)","decl":{"start":{"line":38,"column":18},"end":{"line":38,"column":18}},"loc":{"start":{"line":38,"column":41},"end":{"line":63,"column":3}}}},"branchMap":{"0":{"loc":{"start":{"line":36,"column":2},"end":{"line":36,"column":32}},"type":"if","locations":[{"start":{"line":36,"column":2},"end":{"line":36,"column":32}},{"start":{"line":36,"column":2},"end":{"line":36,"column":32}}]},"1":{"loc":{"start":{"line":39,"column":4},"end":{"line":39,"column":29}},"type":"if","locations":[{"start":{"line":39,"column":4},"end":{"line":39,"column":29}},{"start":{"line":39,"column":4},"end":{"line":39,"column":29}}]},"2":{"loc":{"start":{"line":40,"column":4},"end":{"line":40,"column":42}},"type":"if","locations":[{"start":{"line":40,"column":4},"end":{"line":40,"column":42}},{"start":{"line":40,"column":4},"end":{"line":40,"column":42}}]},"3":{"loc":{"start":{"line":41,"column":4},"end":{"line":41,"column":70}},"type":"if","locations":[{"start":{"line":41,"column":4},"end":{"line":41,"column":70}},{"start":{"line":41,"column":4},"end":{"line":41,"column":70}}]},"4":{"loc":{"start":{"line":41,"column":8},"end":{"line":41,"column":21}},"type":"binary-expr","locations":[{"start":{"line":41,"column":8},"end":{"line":41,"column":21}},{"start":{"line":41,"column":25},"end":{"line":41,"column":38}}]},"5":{"loc":{"start":{"line":42,"column":4},"end":{"line":42,"column":53}},"type":"if","locations":[{"start":{"line":42,"column":4},"end":{"line":42,"column":53}},{"start":{"line":42,"column":4},"end":{"line":42,"column":53}}]},"6":{"loc":{"start":{"line":42,"column":8},"end":{"line":42,"column":20}},"type":"binary-expr","locations":[{"start":{"line":42,"column":8},"end":{"line":42,"column":20}},{"start":{"line":42,"column":24},"end":{"line":42,"column":36}}]},"7":{"loc":{"start":{"line":43,"column":4},"end":{"line":51,"column":5}},"type":"if","locations":[{"start":{"line":43,"column":4},"end":{"line":51,"column":5}},{"start":{"line":43,"column":4},"end":{"line":51,"column":5}}]},"8":{"loc":{"start":{"line":43,"column":8},"end":{"line":43,"column":18}},"type":"binary-expr","locations":[{"start":{"line":43,"column":8},"end":{"line":43,"column":18}},{"start":{"line":43,"column":22},"end":{"line":43,"column":32}}]},"9":{"loc":{"start":{"line":44,"column":6},"end":{"line":44,"column":46}},"type":"if","locations":[{"start":{"line":44,"column":6},"end":{"line":44,"column":46}},{"start":{"line":44,"column":6},"end":{"line":44,"column":46}}]},"10":{"loc":{"start":{"line":45,"column":39},"end":{"line":45,"column":40}},"type":"cond-expr","locations":[{"start":{"line":45,"column":39},"end":{"line":45,"column":40}},{"start":{"line":45,"column":43},"end":{"line":45,"column":44}}]},"11":{"loc":{"start":{"line":46,"column":39},"end":{"line":46,"column":40}},"type":"cond-expr","locations":[{"start":{"line":46,"column":39},"end":{"line":46,"column":40}},{"start":{"line":46,"column":43},"end":{"line":46,"column":44}}]},"12":{"loc":{"start":{"line":48,"column":8},"end":{"line":48,"column":67}},"type":"if","locations":[{"start":{"line":48,"column":8},"end":{"line":48,"column":67}},{"start":{"line":48,"column":8},"end":{"line":48,"column":67}}]},"13":{"loc":{"start":{"line":52,"column":4},"end":{"line":61,"column":5}},"type":"if","locations":[{"start":{"line":52,"column":4},"end":{"line":61,"column":5}},{"start":{"line":52,"column":4},"end":{"line":61,"column":5}}]},"14":{"loc":{"start":{"line":52,"column":8},"end":{"line":52,"column":19}},"type":"binary-expr","locations":[{"start":{"line":52,"column":8},"end":{"line":52,"column":19}},{"start":{"line":52,"column":23},"end":{"line":52,"column":34}}]},"15":{"loc":{"start":{"line":55,"column":6},"end":{"line":55,"column":54}},"type":"if","locations":[{"start":{"line":55,"column":6},"end":{"line":55,"column":54}},{"start":{"line":55,"column":6},"end":{"line":55,"column":54}}]},"16":{"loc":{"start":{"line":56,"column":6},"end":{"line":56,"column":49}},"type":"if","locations":[{"start":{"line":56,"column":6},"end":{"line":56,"column":49}},{"start":{"line":56,"column":6},"end":{"line":56,"column":49}}]},"17":{"loc":{"start":{"line":58,"column":8},"end":{"line":58,"column":55}},"type":"if","locations":[{"start":{"line":58,"column":8},"end":{"line":58,"column":55}},{"start":{"line":58,"column":8},"end":{"line":58,"column":55}}]}},"s":{"0":6,"1":6,"2":25,"3":13,"4":13,"5":6,"6":7,"7":0,"8":7,"9":0,"10":7,"11":0,"12":7,"13":4,"14":0,"15":4,"16":4,"17":4,"18":5,"19":0,"20":4,"21":3,"22":3,"23":3,"24":3,"25":0,"26":3,"27":0,"28":3,"29":3,"30":3,"31":0,"32":3,"33":0,"34":13,"35":6},"f":{"0":13,"1":13},"b":{"0":[12,1],"1":[6,7],"2":[0,7],"3":[0,7],"4":[7,0],"5":[0,7],"6":[7,0],"7":[4,3],"8":[7,4],"9":[0,4],"10":[4,0],"11":[4,0],"12":[0,5],"13":[3,0],"14":[3,3],"15":[0,3],"16":[0,3],"17":[0,3]}}
,"/home/andmzr/Documents/Darbas/Projektai/ts-prime/src/deepMerge.ts": {"path":"/home/andmzr/Documents/Darbas/Projektai/ts-prime/src/deepMerge.ts","statementMap":{"0":{"start":{"line":1,"column":0},"end":{"line":1,"column":55}},"1":{"start":{"line":2,"column":0},"end":{"line":2,"column":29}},"2":{"start":{"line":3,"column":0},"end":{"line":3,"column":31}},"3":{"start":{"line":7,"column":22},"end":{"line":7,"column":35}},"4":{"start":{"line":11,"column":4},"end":{"line":40,"column":5}},"5":{"start":{"line":15,"column":6},"end":{"line":17,"column":7}},"6":{"start":{"line":16,"column":8},"end":{"line":16,"column":20}},"7":{"start":{"line":23,"column":6},"end":{"line":23,"column":38}},"8":{"start":{"line":26,"column":6},"end":{"line":30,"column":7}},"9":{"start":{"line":27,"column":8},"end":{"line":29,"column":9}},"10":{"start":{"line":28,"column":10},"end":{"line":28,"column":22}},"11":{"start":{"line":34,"column":11},"end":{"line":40,"column":5}},"12":{"start":{"line":35,"column":6},"end":{"line":39,"column":7}},"13":{"start":{"line":36,"column":8},"end":{"line":38,"column":9}},"14":{"start":{"line":37,"column":10},"end":{"line":37,"column":22}},"15":{"start":{"line":42,"column":4},"end":{"line":42,"column":17}},"16":{"start":{"line":45,"column":2},"end":{"line":45,"column":29}},"17":{"start":{"line":52,"column":2},"end":{"line":64,"column":3}},"18":{"start":{"line":53,"column":16},"end":{"line":53,"column":27}},"19":{"start":{"line":54,"column":17},"end":{"line":54,"column":61}},"20":{"start":{"line":55,"column":4},"end":{"line":62,"column":5}},"21":{"start":{"line":55,"column":16},"end":{"line":55,"column":15}},"22":{"start":{"line":57,"column":6},"end":{"line":60,"column":7}},"23":{"start":{"line":58,"column":8},"end":{"line":58,"column":25}},"24":{"start":{"line":59,"column":8},"end":{"line":59,"column":17}},"25":{"start":{"line":61,"column":6},"end":{"line":61,"column":45}},"26":{"start":{"line":63,"column":4},"end":{"line":63,"column":18}},"27":{"start":{"line":66,"column":2},"end":{"line":69,"column":3}},"28":{"start":{"line":68,"column":4},"end":{"line":68,"column":29}},"29":{"start":{"line":73,"column":2},"end":{"line":75,"column":3}},"30":{"start":{"line":74,"column":4},"end":{"line":74,"column":13}},"31":{"start":{"line":77,"column":2},"end":{"line":77,"column":11}},"32":{"start":{"line":106,"column":2},"end":{"line":106,"column":35}},"33":{"start":{"line":106,"column":2},"end":{"line":106,"column":36}},"34":{"start":{"line":108,"column":15},"end":{"line":108,"column":39}},"35":{"start":{"line":109,"column":2},"end":{"line":111,"column":3}},"36":{"start":{"line":109,"column":19},"end":{"line":109,"column":18}},"37":{"start":{"line":110,"column":4},"end":{"line":110,"column":44}},"38":{"start":{"line":112,"column":2},"end":{"line":112,"column":23}},"39":{"start":{"line":104,"column":0},"end":{"line":113,"column":1}},"40":{"start":{"line":135,"column":2},"end":{"line":135,"column":35}},"41":{"start":{"line":135,"column":2},"end":{"line":135,"column":36}},"42":{"start":{"line":137,"column":15},"end":{"line":137,"column":39}},"43":{"start":{"line":138,"column":2},"end":{"line":142,"column":3}},"44":{"start":{"line":138,"column":19},"end":{"line":138,"column":18}},"45":{"start":{"line":141,"column":4},"end":{"line":141,"column":44}},"46":{"start":{"line":143,"column":2},"end":{"line":143,"column":23}},"47":{"start":{"line":133,"column":0},"end":{"line":144,"column":1}}},"fnMap":{"0":{"name":"isCyclic","decl":{"start":{"line":6,"column":9},"end":{"line":6,"column":17}},"loc":{"start":{"line":6,"column":33},"end":{"line":46,"column":1}}},"1":{"name":"detectCycle","decl":{"start":{"line":8,"column":11},"end":{"line":8,"column":22}},"loc":{"start":{"line":8,"column":35},"end":{"line":43,"column":3}}},"2":{"name":"recursiveMerge","decl":{"start":{"line":51,"column":9},"end":{"line":51,"column":23}},"loc":{"start":{"line":51,"column":46},"end":{"line":78,"column":1}}},"3":{"name":"deepMergeLeft","decl":{"start":{"line":104,"column":16},"end":{"line":104,"column":29}},"loc":{"start":{"line":105,"column":11},"end":{"line":113,"column":1}}},"4":{"name":"deepMergeRight","decl":{"start":{"line":133,"column":16},"end":{"line":133,"column":30}},"loc":{"start":{"line":134,"column":11},"end":{"line":144,"column":1}}}},"branchMap":{"0":{"loc":{"start":{"line":11,"column":4},"end":{"line":40,"column":5}},"type":"if","locations":[{"start":{"line":11,"column":4},"end":{"line":40,"column":5}},{"start":{"line":11,"column":4},"end":{"line":40,"column":5}}]},"1":{"loc":{"start":{"line":12,"column":6},"end":{"line":12,"column":19}},"type":"binary-expr","locations":[{"start":{"line":12,"column":6},"end":{"line":12,"column":19}},{"start":{"line":13,"column":6},"end":{"line":13,"column":62}}]},"2":{"loc":{"start":{"line":15,"column":6},"end":{"line":17,"column":7}},"type":"if","locations":[{"start":{"line":15,"column":6},"end":{"line":17,"column":7}},{"start":{"line":15,"column":6},"end":{"line":17,"column":7}}]},"3":{"loc":{"start":{"line":27,"column":8},"end":{"line":29,"column":9}},"type":"if","locations":[{"start":{"line":27,"column":8},"end":{"line":29,"column":9}},{"start":{"line":27,"column":8},"end":{"line":29,"column":9}}]},"4":{"loc":{"start":{"line":34,"column":11},"end":{"line":40,"column":5}},"type":"if","locations":[{"start":{"line":34,"column":11},"end":{"line":40,"column":5}},{"start":{"line":34,"column":11},"end":{"line":40,"column":5}}]},"5":{"loc":{"start":{"line":36,"column":8},"end":{"line":38,"column":9}},"type":"if","locations":[{"start":{"line":36,"column":8},"end":{"line":38,"column":9}},{"start":{"line":36,"column":8},"end":{"line":38,"column":9}}]},"6":{"loc":{"start":{"line":52,"column":2},"end":{"line":64,"column":3}},"type":"if","locations":[{"start":{"line":52,"column":2},"end":{"line":64,"column":3}},{"start":{"line":52,"column":2},"end":{"line":64,"column":3}}]},"7":{"loc":{"start":{"line":52,"column":6},"end":{"line":52,"column":17}},"type":"binary-expr","locations":[{"start":{"line":52,"column":6},"end":{"line":52,"column":17}},{"start":{"line":52,"column":21},"end":{"line":52,"column":32}}]},"8":{"loc":{"start":{"line":57,"column":6},"end":{"line":60,"column":7}},"type":"if","locations":[{"start":{"line":57,"column":6},"end":{"line":60,"column":7}},{"start":{"line":57,"column":6},"end":{"line":60,"column":7}}]},"9":{"loc":{"start":{"line":66,"column":2},"end":{"line":69,"column":3}},"type":"if","locations":[{"start":{"line":66,"column":2},"end":{"line":69,"column":3}},{"start":{"line":66,"column":2},"end":{"line":69,"column":3}}]},"10":{"loc":{"start":{"line":66,"column":6},"end":{"line":66,"column":16}},"type":"binary-expr","locations":[{"start":{"line":66,"column":6},"end":{"line":66,"column":16}},{"start":{"line":66,"column":20},"end":{"line":66,"column":30}}]},"11":{"loc":{"start":{"line":73,"column":2},"end":{"line":75,"column":3}},"type":"if","locations":[{"start":{"line":73,"column":2},"end":{"line":75,"column":3}},{"start":{"line":73,"column":2},"end":{"line":75,"column":3}}]}},"s":{"0":7,"1":7,"2":7,"3":69,"4":146,"5":17,"6":2,"7":15,"8":15,"9":50,"10":2,"11":129,"12":15,"13":27,"14":2,"15":140,"16":69,"17":79,"18":17,"19":17,"20":17,"21":69,"22":69,"23":2,"24":2,"25":67,"26":17,"27":62,"28":5,"29":57,"30":22,"31":35,"32":5,"33":5,"34":5,"35":5,"36":5,"37":5,"38":5,"39":7,"40":7,"41":7,"42":7,"43":7,"44":7,"45":7,"46":7,"47":7},"f":{"0":69,"1":146,"2":79,"3":5,"4":7},"b":{"0":[17,129],"1":[146,17],"2":[2,15],"3":[2,48],"4":[15,114],"5":[2,25],"6":[17,62],"7":[79,18],"8":[2,67],"9":[5,57],"10":[62,7],"11":[22,35]}}
,"/home/andmzr/Documents/Darbas/Projektai/ts-prime/src/deepSort.ts": {"path":"/home/andmzr/Documents/Darbas/Projektai/ts-prime/src/deepSort.ts","statementMap":{"0":{"start":{"line":1,"column":0},"end":{"line":9,"column":17}},"1":{"start":{"line":10,"column":0},"end":{"line":10,"column":29}},"2":{"start":{"line":11,"column":0},"end":{"line":11,"column":33}},"3":{"start":{"line":12,"column":0},"end":{"line":12,"column":27}},"4":{"start":{"line":17,"column":2},"end":{"line":36,"column":3}},"5":{"start":{"line":18,"column":17},"end":{"line":18,"column":34}},"6":{"start":{"line":19,"column":4},"end":{"line":35,"column":16}},"7":{"start":{"line":22,"column":22},"end":{"line":22,"column":31}},"8":{"start":{"line":23,"column":8},"end":{"line":23,"column":54}},"9":{"start":{"line":23,"column":29},"end":{"line":23,"column":54}},"10":{"start":{"line":24,"column":8},"end":{"line":24,"column":54}},"11":{"start":{"line":24,"column":29},"end":{"line":24,"column":54}},"12":{"start":{"line":25,"column":8},"end":{"line":25,"column":63}},"13":{"start":{"line":25,"column":30},"end":{"line":25,"column":63}},"14":{"start":{"line":26,"column":8},"end":{"line":28,"column":9}},"15":{"start":{"line":27,"column":10},"end":{"line":27,"column":48}},"16":{"start":{"line":30,"column":8},"end":{"line":30,"column":41}},"17":{"start":{"line":33,"column":8},"end":{"line":33,"column":17}},"18":{"start":{"line":38,"column":2},"end":{"line":43,"column":3}},"19":{"start":{"line":39,"column":4},"end":{"line":42,"column":16}},"20":{"start":{"line":40,"column":20},"end":{"line":40,"column":34}},"21":{"start":{"line":41,"column":18},"end":{"line":41,"column":19}},"22":{"start":{"line":44,"column":2},"end":{"line":44,"column":22}},"23":{"start":{"line":52,"column":12},"end":{"line":52,"column":28}},"24":{"start":{"line":53,"column":2},"end":{"line":53,"column":32}},"25":{"start":{"line":53,"column":19},"end":{"line":53,"column":32}},"26":{"start":{"line":54,"column":2},"end":{"line":54,"column":32}},"27":{"start":{"line":54,"column":19},"end":{"line":54,"column":32}},"28":{"start":{"line":55,"column":2},"end":{"line":55,"column":34}},"29":{"start":{"line":55,"column":21},"end":{"line":55,"column":34}},"30":{"start":{"line":56,"column":2},"end":{"line":56,"column":33}},"31":{"start":{"line":56,"column":20},"end":{"line":56,"column":33}},"32":{"start":{"line":57,"column":2},"end":{"line":57,"column":33}},"33":{"start":{"line":57,"column":20},"end":{"line":57,"column":33}},"34":{"start":{"line":59,"column":2},"end":{"line":70,"column":3}},"35":{"start":{"line":60,"column":17},"end":{"line":63,"column":5}},"36":{"start":{"line":62,"column":18},"end":{"line":62,"column":19}},"37":{"start":{"line":64,"column":16},"end":{"line":64,"column":45}},"38":{"start":{"line":65,"column":4},"end":{"line":67,"column":5}},"39":{"start":{"line":65,"column":16},"end":{"line":65,"column":15}},"40":{"start":{"line":66,"column":6},"end":{"line":66,"column":30}},"41":{"start":{"line":69,"column":4},"end":{"line":69,"column":20}},"42":{"start":{"line":72,"column":2},"end":{"line":79,"column":3}},"43":{"start":{"line":73,"column":4},"end":{"line":78,"column":23}},"44":{"start":{"line":74,"column":17},"end":{"line":74,"column":28}},"45":{"start":{"line":76,"column":8},"end":{"line":76,"column":30}},"46":{"start":{"line":81,"column":2},"end":{"line":81,"column":15}},"47":{"start":{"line":51,"column":0},"end":{"line":82,"column":1}}},"fnMap":{"0":{"name":"anyToString","decl":{"start":{"line":16,"column":9},"end":{"line":16,"column":20}},"loc":{"start":{"line":16,"column":34},"end":{"line":45,"column":1}}},"1":{"name":"(anonymous_1)","decl":{"start":{"line":21,"column":10},"end":{"line":21,"column":9}},"loc":{"start":{"line":21,"column":13},"end":{"line":31,"column":7}}},"2":{"name":"(anonymous_2)","decl":{"start":{"line":32,"column":13},"end":{"line":32,"column":12}},"loc":{"start":{"line":32,"column":14},"end":{"line":34,"column":7}}},"3":{"name":"(anonymous_3)","decl":{"start":{"line":40,"column":15},"end":{"line":40,"column":14}},"loc":{"start":{"line":40,"column":16},"end":{"line":40,"column":34}}},"4":{"name":"(anonymous_4)","decl":{"start":{"line":41,"column":13},"end":{"line":41,"column":12}},"loc":{"start":{"line":41,"column":14},"end":{"line":41,"column":19}}},"5":{"name":"deepSort","decl":{"start":{"line":51,"column":16},"end":{"line":51,"column":24}},"loc":{"start":{"line":51,"column":36},"end":{"line":82,"column":1}}},"6":{"name":"(anonymous_6)","decl":{"start":{"line":62,"column":13},"end":{"line":62,"column":12}},"loc":{"start":{"line":62,"column":14},"end":{"line":62,"column":19}}},"7":{"name":"(anonymous_7)","decl":{"start":{"line":74,"column":12},"end":{"line":74,"column":11}},"loc":{"start":{"line":74,"column":13},"end":{"line":74,"column":28}}},"8":{"name":"(anonymous_8)","decl":{"start":{"line":75,"column":13},"end":{"line":75,"column":12}},"loc":{"start":{"line":75,"column":14},"end":{"line":77,"column":7}}}},"branchMap":{"0":{"loc":{"start":{"line":17,"column":2},"end":{"line":36,"column":3}},"type":"if","locations":[{"start":{"line":17,"column":2},"end":{"line":36,"column":3}},{"start":{"line":17,"column":2},"end":{"line":36,"column":3}}]},"1":{"loc":{"start":{"line":23,"column":8},"end":{"line":23,"column":54}},"type":"if","locations":[{"start":{"line":23,"column":8},"end":{"line":23,"column":54}},{"start":{"line":23,"column":8},"end":{"line":23,"column":54}}]},"2":{"loc":{"start":{"line":24,"column":8},"end":{"line":24,"column":54}},"type":"if","locations":[{"start":{"line":24,"column":8},"end":{"line":24,"column":54}},{"start":{"line":24,"column":8},"end":{"line":24,"column":54}}]},"3":{"loc":{"start":{"line":25,"column":8},"end":{"line":25,"column":63}},"type":"if","locations":[{"start":{"line":25,"column":8},"end":{"line":25,"column":63}},{"start":{"line":25,"column":8},"end":{"line":25,"column":63}}]},"4":{"loc":{"start":{"line":26,"column":8},"end":{"line":28,"column":9}},"type":"if","locations":[{"start":{"line":26,"column":8},"end":{"line":28,"column":9}},{"start":{"line":26,"column":8},"end":{"line":28,"column":9}}]},"5":{"loc":{"start":{"line":38,"column":2},"end":{"line":43,"column":3}},"type":"if","locations":[{"start":{"line":38,"column":2},"end":{"line":43,"column":3}},{"start":{"line":38,"column":2},"end":{"line":43,"column":3}}]},"6":{"loc":{"start":{"line":53,"column":2},"end":{"line":53,"column":32}},"type":"if","locations":[{"start":{"line":53,"column":2},"end":{"line":53,"column":32}},{"start":{"line":53,"column":2},"end":{"line":53,"column":32}}]},"7":{"loc":{"start":{"line":54,"column":2},"end":{"line":54,"column":32}},"type":"if","locations":[{"start":{"line":54,"column":2},"end":{"line":54,"column":32}},{"start":{"line":54,"column":2},"end":{"line":54,"column":32}}]},"8":{"loc":{"start":{"line":55,"column":2},"end":{"line":55,"column":34}},"type":"if","locations":[{"start":{"line":55,"column":2},"end":{"line":55,"column":34}},{"start":{"line":55,"column":2},"end":{"line":55,"column":34}}]},"9":{"loc":{"start":{"line":56,"column":2},"end":{"line":56,"column":33}},"type":"if","locations":[{"start":{"line":56,"column":2},"end":{"line":56,"column":33}},{"start":{"line":56,"column":2},"end":{"line":56,"column":33}}]},"10":{"loc":{"start":{"line":57,"column":2},"end":{"line":57,"column":33}},"type":"if","locations":[{"start":{"line":57,"column":2},"end":{"line":57,"column":33}},{"start":{"line":57,"column":2},"end":{"line":57,"column":33}}]},"11":{"loc":{"start":{"line":59,"column":2},"end":{"line":70,"column":3}},"type":"if","locations":[{"start":{"line":59,"column":2},"end":{"line":70,"column":3}},{"start":{"line":59,"column":2},"end":{"line":70,"column":3}}]},"12":{"loc":{"start":{"line":72,"column":2},"end":{"line":79,"column":3}},"type":"if","locations":[{"start":{"line":72,"column":2},"end":{"line":79,"column":3}},{"start":{"line":72,"column":2},"end":{"line":79,"column":3}}]}},"s":{"0":1,"1":1,"2":1,"3":1,"4":20,"5":2,"6":2,"7":8,"8":8,"9":0,"10":8,"11":4,"12":4,"13":0,"14":4,"15":0,"16":4,"17":12,"18":18,"19":0,"20":0,"21":0,"22":18,"23":15,"24":15,"25":2,"26":13,"27":8,"28":5,"29":0,"30":5,"31":0,"32":5,"33":0,"34":5,"35":2,"36":10,"37":2,"38":2,"39":5,"40":5,"41":2,"42":3,"43":3,"44":9,"45":20,"46":0,"47":1},"f":{"0":20,"1":8,"2":12,"3":0,"4":0,"5":15,"6":10,"7":9,"8":20},"b":{"0":[2,18],"1":[0,8],"2":[4,4],"3":[0,4],"4":[0,4],"5":[0,18],"6":[2,13],"7":[8,5],"8":[0,5],"9":[0,5],"10":[0,5],"11":[2,3],"12":[3,0]}}
,"/home/andmzr/Documents/Darbas/Projektai/ts-prime/src/deepUniq.ts": {"path":"/home/andmzr/Documents/Darbas/Projektai/ts-prime/src/deepUniq.ts","statementMap":{"0":{"start":{"line":1,"column":0},"end":{"line":1,"column":31}},"1":{"start":{"line":2,"column":0},"end":{"line":2,"column":29}},"2":{"start":{"line":3,"column":0},"end":{"line":3,"column":39}},"3":{"start":{"line":6,"column":18},"end":{"line":6,"column":29}},"4":{"start":{"line":7,"column":24},"end":{"line":7,"column":26}},"5":{"start":{"line":8,"column":17},"end":{"line":8,"column":32}},"6":{"start":{"line":9,"column":2},"end":{"line":19,"column":3}},"7":{"start":{"line":10,"column":25},"end":{"line":10,"column":44}},"8":{"start":{"line":11,"column":4},"end":{"line":11,"column":29}},"9":{"start":{"line":11,"column":23},"end":{"line":11,"column":29}},"10":{"start":{"line":12,"column":4},"end":{"line":17,"column":5}},"11":{"start":{"line":13,"column":6},"end":{"line":16,"column":7}},"12":{"start":{"line":14,"column":8},"end":{"line":14,"column":48}},"13":{"start":{"line":15,"column":8},"end":{"line":15,"column":17}},"14":{"start":{"line":18,"column":4},"end":{"line":18,"column":34}},"15":{"start":{"line":20,"column":2},"end":{"line":20,"column":20}},"16":{"start":{"line":41,"column":2},"end":{"line":41,"column":37}},"17":{"start":{"line":40,"column":0},"end":{"line":42,"column":1}}},"fnMap":{"0":{"name":"_deepUniq","decl":{"start":{"line":5,"column":9},"end":{"line":5,"column":18}},"loc":{"start":{"line":5,"column":55},"end":{"line":21,"column":1}}},"1":{"name":"deepUniq","decl":{"start":{"line":40,"column":16},"end":{"line":40,"column":24}},"loc":{"start":{"line":40,"column":24},"end":{"line":42,"column":1}}}},"branchMap":{"0":{"loc":{"start":{"line":11,"column":4},"end":{"line":11,"column":29}},"type":"if","locations":[{"start":{"line":11,"column":4},"end":{"line":11,"column":29}},{"start":{"line":11,"column":4},"end":{"line":11,"column":29}}]},"1":{"loc":{"start":{"line":13,"column":6},"end":{"line":16,"column":7}},"type":"if","locations":[{"start":{"line":13,"column":6},"end":{"line":16,"column":7}},{"start":{"line":13,"column":6},"end":{"line":16,"column":7}}]}},"s":{"0":1,"1":1,"2":1,"3":1,"4":1,"5":1,"6":1,"7":1,"8":1,"9":0,"10":1,"11":1,"12":1,"13":1,"14":1,"15":1,"16":1,"17":1},"f":{"0":1,"1":1},"b":{"0":[0,1],"1":[1,0]}}
,"/home/andmzr/Documents/Darbas/Projektai/ts-prime/src/delay.ts": {"path":"/home/andmzr/Documents/Darbas/Projektai/ts-prime/src/delay.ts","statementMap":{"0":{"start":{"line":11,"column":2},"end":{"line":15,"column":5}},"1":{"start":{"line":12,"column":4},"end":{"line":14,"column":11}},"2":{"start":{"line":13,"column":6},"end":{"line":13,"column":16}},"3":{"start":{"line":10,"column":0},"end":{"line":16,"column":1}}},"fnMap":{"0":{"name":"delay","decl":{"start":{"line":10,"column":22},"end":{"line":10,"column":27}},"loc":{"start":{"line":10,"column":38},"end":{"line":16,"column":1}}},"1":{"name":"(anonymous_16)","decl":{"start":{"line":11,"column":21},"end":{"line":11,"column":20}},"loc":{"start":{"line":11,"column":28},"end":{"line":15,"column":3}}},"2":{"name":"(anonymous_17)","decl":{"start":{"line":12,"column":15},"end":{"line":null,"column":-1}},"loc":{"start":{"line":12,"column":15},"end":{"line":14,"column":5}}}},"branchMap":{},"s":{"0":47,"1":47,"2":46,"3":9},"f":{"0":47,"1":47,"2":46},"b":{}}
,"/home/andmzr/Documents/Darbas/Projektai/ts-prime/src/difference.ts": {"path":"/home/andmzr/Documents/Darbas/Projektai/ts-prime/src/difference.ts","statementMap":{"0":{"start":{"line":1,"column":0},"end":{"line":1,"column":31}},"1":{"start":{"line":2,"column":0},"end":{"line":2,"column":55}},"2":{"start":{"line":39,"column":2},"end":{"line":39,"column":56}},"3":{"start":{"line":38,"column":0},"end":{"line":40,"column":1}},"4":{"start":{"line":43,"column":15},"end":{"line":43,"column":37}},"5":{"start":{"line":44,"column":2},"end":{"line":44,"column":34}},"6":{"start":{"line":47,"column":0},"end":{"line":64,"column":1}},"7":{"start":{"line":49,"column":16},"end":{"line":49,"column":30}},"8":{"start":{"line":50,"column":4},"end":{"line":62,"column":6}},"9":{"start":{"line":51,"column":6},"end":{"line":57,"column":7}},"10":{"start":{"line":52,"column":8},"end":{"line":56,"column":10}},"11":{"start":{"line":58,"column":6},"end":{"line":61,"column":8}},"12":{"start":{"line":48,"column":18},"end":{"line":63,"column":3}}},"fnMap":{"0":{"name":"difference","decl":{"start":{"line":38,"column":16},"end":{"line":38,"column":26}},"loc":{"start":{"line":38,"column":26},"end":{"line":40,"column":1}}},"1":{"name":"_difference","decl":{"start":{"line":42,"column":9},"end":{"line":42,"column":20}},"loc":{"start":{"line":42,"column":46},"end":{"line":45,"column":1}}},"2":{"name":"(anonymous_2)","decl":{"start":{"line":47,"column":0},"end":{"line":47,"column":16}},"loc":{"start":{"line":47,"column":27},"end":{"line":64,"column":1}}},"3":{"name":"lazy","decl":{"start":{"line":48,"column":18},"end":{"line":48,"column":22}},"loc":{"start":{"line":48,"column":45},"end":{"line":63,"column":3}}},"4":{"name":"(anonymous_4)","decl":{"start":{"line":50,"column":11},"end":{"line":50,"column":11}},"loc":{"start":{"line":50,"column":20},"end":{"line":62,"column":5}}}},"branchMap":{"0":{"loc":{"start":{"line":51,"column":6},"end":{"line":57,"column":7}},"type":"if","locations":[{"start":{"line":51,"column":6},"end":{"line":57,"column":7}},{"start":{"line":51,"column":6},"end":{"line":57,"column":7}}]},"1":{"loc":{"start":{"line":47,"column":17},"end":{"line":47,"column":27}},"type":"binary-expr","locations":[{"start":{"line":47,"column":17},"end":{"line":47,"column":27}},{"start":{"line":47,"column":17},"end":{"line":47,"column":27}}]}},"s":{"0":7,"1":7,"2":3,"3":7,"4":2,"5":2,"6":7,"7":3,"8":3,"9":12,"10":6,"11":6,"12":7},"f":{"0":3,"1":2,"2":7,"3":3,"4":12},"b":{"0":[6,6],"1":[7,0]}}
,"/home/andmzr/Documents/Darbas/Projektai/ts-prime/src/drop.ts": {"path":"/home/andmzr/Documents/Darbas/Projektai/ts-prime/src/drop.ts","statementMap":{"0":{"start":{"line":1,"column":0},"end":{"line":1,"column":31}},"1":{"start":{"line":2,"column":0},"end":{"line":2,"column":55}},"2":{"start":{"line":33,"column":2},"end":{"line":33,"column":44}},"3":{"start":{"line":32,"column":0},"end":{"line":34,"column":1}},"4":{"start":{"line":37,"column":2},"end":{"line":37,"column":42}},"5":{"start":{"line":40,"column":0},"end":{"line":58,"column":1}},"6":{"start":{"line":42,"column":15},"end":{"line":42,"column":16}},"7":{"start":{"line":43,"column":4},"end":{"line":56,"column":6}},"8":{"start":{"line":44,"column":6},"end":{"line":50,"column":7}},"9":{"start":{"line":45,"column":8},"end":{"line":45,"column":15}},"10":{"start":{"line":46,"column":8},"end":{"line":49,"column":10}},"11":{"start":{"line":51,"column":6},"end":{"line":55,"column":8}},"12":{"start":{"line":41,"column":18},"end":{"line":57,"column":3}}},"fnMap":{"0":{"name":"drop","decl":{"start":{"line":32,"column":16},"end":{"line":32,"column":20}},"loc":{"start":{"line":32,"column":20},"end":{"line":34,"column":1}}},"1":{"name":"_drop","decl":{"start":{"line":36,"column":9},"end":{"line":36,"column":14}},"loc":{"start":{"line":36,"column":39},"end":{"line":38,"column":1}}},"2":{"name":"(anonymous_2)","decl":{"start":{"line":40,"column":0},"end":{"line":40,"column":16}},"loc":{"start":{"line":40,"column":21},"end":{"line":58,"column":1}}},"3":{"name":"lazy","decl":{"start":{"line":41,"column":18},"end":{"line":41,"column":22}},"loc":{"start":{"line":41,"column":35},"end":{"line":57,"column":3}}},"4":{"name":"(anonymous_4)","decl":{"start":{"line":43,"column":11},"end":{"line":43,"column":11}},"loc":{"start":{"line":43,"column":20},"end":{"line":56,"column":5}}}},"branchMap":{"0":{"loc":{"start":{"line":44,"column":6},"end":{"line":50,"column":7}},"type":"if","locations":[{"start":{"line":44,"column":6},"end":{"line":50,"column":7}},{"start":{"line":44,"column":6},"end":{"line":50,"column":7}}]},"1":{"loc":{"start":{"line":40,"column":17},"end":{"line":40,"column":21}},"type":"binary-expr","locations":[{"start":{"line":40,"column":17},"end":{"line":40,"column":21}},{"start":{"line":40,"column":17},"end":{"line":40,"column":21}}]}},"s":{"0":7,"1":7,"2":3,"3":7,"4":1,"5":7,"6":3,"7":3,"8":14,"9":6,"10":6,"11":8,"12":7},"f":{"0":3,"1":1,"2":7,"3":3,"4":14},"b":{"0":[6,8],"1":[7,0]}}
,"/home/andmzr/Documents/Darbas/Projektai/ts-prime/src/dropLast.ts": {"path":"/home/andmzr/Documents/Darbas/Projektai/ts-prime/src/dropLast.ts","statementMap":{"0":{"start":{"line":1,"column":0},"end":{"line":1,"column":31}},"1":{"start":{"line":30,"column":2},"end":{"line":30,"column":37}},"2":{"start":{"line":29,"column":0},"end":{"line":31,"column":1}},"3":{"start":{"line":34,"column":12},"end":{"line":34,"column":25}},"4":{"start":{"line":35,"column":2},"end":{"line":37,"column":3}},"5":{"start":{"line":36,"column":4},"end":{"line":36,"column":20}},"6":{"start":{"line":38,"column":2},"end":{"line":38,"column":14}}},"fnMap":{"0":{"name":"dropLast","decl":{"start":{"line":29,"column":16},"end":{"line":29,"column":24}},"loc":{"start":{"line":29,"column":24},"end":{"line":31,"column":1}}},"1":{"name":"_dropLast","decl":{"start":{"line":33,"column":9},"end":{"line":33,"column":18}},"loc":{"start":{"line":33,"column":43},"end":{"line":39,"column":1}}}},"branchMap":{"0":{"loc":{"start":{"line":35,"column":2},"end":{"line":37,"column":3}},"type":"if","locations":[{"start":{"line":35,"column":2},"end":{"line":37,"column":3}},{"start":{"line":35,"column":2},"end":{"line":37,"column":3}}]}},"s":{"0":7,"1":3,"2":7,"3":3,"4":3,"5":1,"6":3},"f":{"0":3,"1":3},"b":{"0":[1,2]}}
,"/home/andmzr/Documents/Darbas/Projektai/ts-prime/src/ensureArray.ts": {"path":"/home/andmzr/Documents/Darbas/Projektai/ts-prime/src/ensureArray.ts","statementMap":{"0":{"start":{"line":1,"column":0},"end":{"line":1,"column":34}},"1":{"start":{"line":14,"column":2},"end":{"line":14,"column":66}},"2":{"start":{"line":13,"column":0},"end":{"line":15,"column":1}}},"fnMap":{"0":{"name":"ensureArray","decl":{"start":{"line":13,"column":16},"end":{"line":13,"column":27}},"loc":{"start":{"line":13,"column":53},"end":{"line":15,"column":1}}}},"branchMap":{"0":{"loc":{"start":{"line":14,"column":26},"end":{"line":14,"column":51}},"type":"cond-expr","locations":[{"start":{"line":14,"column":26},"end":{"line":14,"column":51}},{"start":{"line":14,"column":54},"end":{"line":14,"column":65}}]}},"s":{"0":7,"1":2,"2":7},"f":{"0":2},"b":{"0":[1,1]}}
,"/home/andmzr/Documents/Darbas/Projektai/ts-prime/src/ensureType.ts": {"path":"/home/andmzr/Documents/Darbas/Projektai/ts-prime/src/ensureType.ts","statementMap":{"0":{"start":{"line":10,"column":2},"end":{"line":10,"column":14}},"1":{"start":{"line":9,"column":0},"end":{"line":11,"column":1}}},"fnMap":{"0":{"name":"ensureType","decl":{"start":{"line":9,"column":16},"end":{"line":9,"column":26}},"loc":{"start":{"line":9,"column":37},"end":{"line":11,"column":1}}}},"branchMap":{},"s":{"0":17,"1":13},"f":{"0":17},"b":{}}
[...]
,"/home/andmzr/Documents/Darbas/Projektai/ts-prime/src/timeout.ts": {"path":"/home/andmzr/Documents/Darbas/Projektai/ts-prime/src/timeout.ts","statementMap":{"0":{"start":{"line":1,"column":0},"end":{"line":1,"column":33}},"1":{"start":{"line":2,"column":0},"end":{"line":2,"column":31}},"2":{"start":{"line":26,"column":2},"end":{"line":26,"column":36}},"3":{"start":{"line":25,"column":0},"end":{"line":27,"column":1}},"4":{"start":{"line":32,"column":2},"end":{"line":48,"column":4}},"5":{"start":{"line":32,"column":10},"end":{"line":32,"column":19}},"6":{"start":{"line":32,"column":10},"end":{"line":32,"column":20}},"7":{"start":{"line":33,"column":4},"end":{"line":47,"column":7}},"8":{"start":{"line":35,"column":8},"end":{"line":39,"column":24}},"9":{"start":{"line":36,"column":10},"end":{"line":38,"column":12}},"10":{"start":{"line":43,"column":6},"end":{"line":45,"column":7}},"11":{"start":{"line":44,"column":8},"end":{"line":44,"column":16}},"12":{"start":{"line":46,"column":6},"end":{"line":46,"column":20}}},"fnMap":{"0":{"name":"timeout","decl":{"start":{"line":25,"column":16},"end":{"line":25,"column":23}},"loc":{"start":{"line":25,"column":23},"end":{"line":27,"column":1}}},"1":{"name":"_timeout","decl":{"start":{"line":28,"column":9},"end":{"line":28,"column":17}},"loc":{"start":{"line":30,"column":21},"end":{"line":49,"column":1}}},"2":{"name":"(anonymous_2)","decl":{"start":{"line":32,"column":9},"end":{"line":null,"column":-1}},"loc":{"start":{"line":32,"column":9},"end":{"line":48,"column":3}}},"3":{"name":"(anonymous_3)","decl":{"start":{"line":34,"column":25},"end":{"line":34,"column":24}},"loc":{"start":{"line":34,"column":32},"end":{"line":40,"column":7}}},"4":{"name":"(anonymous_4)","decl":{"start":{"line":35,"column":19},"end":{"line":null,"column":-1}},"loc":{"start":{"line":35,"column":19},"end":{"line":39,"column":9}}},"5":{"name":"(anonymous_5)","decl":{"start":{"line":42,"column":12},"end":{"line":42,"column":11}},"loc":{"start":{"line":42,"column":13},"end":{"line":47,"column":5}}}},"branchMap":{"0":{"loc":{"start":{"line":43,"column":6},"end":{"line":45,"column":7}},"type":"if","locations":[{"start":{"line":43,"column":6},"end":{"line":45,"column":7}},{"start":{"line":43,"column":6},"end":{"line":45,"column":7}}]}},"s":{"0":6,"1":6,"2":2,"3":6,"4":2,"5":2,"6":1,"7":2,"8":2,"9":1,"10":2,"11":1,"12":1},"f":{"0":2,"1":2,"2":2,"3":2,"4":1,"5":2},"b":{"0":[1,1]}}
,"/home/andmzr/Documents/Darbas/Projektai/ts-prime/src/times.ts": {"path":"/home/andmzr/Documents/Darbas/Projektai/ts-prime/src/times.ts","statementMap":{"0":{"start":{"line":1,"column":0},"end":{"line":1,"column":31}},"1":{"start":{"line":27,"column":2},"end":{"line":27,"column":34}},"2":{"start":{"line":26,"column":0},"end":{"line":28,"column":1}},"3":{"start":{"line":31,"column":2},"end":{"line":33,"column":3}},"4":{"start":{"line":32,"column":4},"end":{"line":32,"column":60}},"5":{"start":{"line":35,"column":14},"end":{"line":35,"column":16}},"6":{"start":{"line":36,"column":2},"end":{"line":38,"column":3}},"7":{"start":{"line":37,"column":4},"end":{"line":37,"column":20}},"8":{"start":{"line":40,"column":2},"end":{"line":40,"column":13}}},"fnMap":{"0":{"name":"times","decl":{"start":{"line":26,"column":16},"end":{"line":26,"column":21}},"loc":{"start":{"line":26,"column":21},"end":{"line":28,"column":1}}},"1":{"name":"_times","decl":{"start":{"line":30,"column":9},"end":{"line":30,"column":15}},"loc":{"start":{"line":30,"column":54},"end":{"line":41,"column":1}}}},"branchMap":{"0":{"loc":{"start":{"line":31,"column":2},"end":{"line":33,"column":3}},"type":"if","locations":[{"start":{"line":31,"column":2},"end":{"line":33,"column":3}},{"start":{"line":31,"column":2},"end":{"line":33,"column":3}}]}},"s":{"0":7,"1":15,"2":7,"3":18,"4":6,"5":12,"6":12,"7":42,"8":12},"f":{"0":15,"1":18},"b":{"0":[6,12]}}
,"/home/andmzr/Documents/Darbas/Projektai/ts-prime/src/type.ts": {"path":"/home/andmzr/Documents/Darbas/Projektai/ts-prime/src/type.ts","statementMap":{"0":{"start":{"line":22,"column":2},"end":{"line":26,"column":58}},"1":{"start":{"line":21,"column":0},"end":{"line":27,"column":1}}},"fnMap":{"0":{"name":"type","decl":{"start":{"line":21,"column":16},"end":{"line":21,"column":20}},"loc":{"start":{"line":21,"column":29},"end":{"line":27,"column":1}}}},"branchMap":{"0":{"loc":{"start":{"line":23,"column":6},"end":{"line":23,"column":12}},"type":"cond-expr","locations":[{"start":{"line":23,"column":6},"end":{"line":23,"column":12}},{"start":{"line":24,"column":6},"end":{"line":26,"column":56}}]},"1":{"loc":{"start":{"line":25,"column":8},"end":{"line":25,"column":19}},"type":"cond-expr","locations":[{"start":{"line":25,"column":8},"end":{"line":25,"column":19}},{"start":{"line":26,"column":8},"end":{"line":26,"column":56}}]}},"s":{"0":480,"1":13},"f":{"0":480},"b":{"0":[2,478],"1":[3,475]}}
,"/home/andmzr/Documents/Darbas/Projektai/ts-prime/src/uniq.ts": {"path":"/home/andmzr/Documents/Darbas/Projektai/ts-prime/src/uniq.ts","statementMap":{"0":{"start":{"line":1,"column":0},"end":{"line":1,"column":31}},"1":{"start":{"line":2,"column":0},"end":{"line":2,"column":55}},"2":{"start":{"line":26,"column":2},"end":{"line":26,"column":44}},"3":{"start":{"line":25,"column":0},"end":{"line":27,"column":1}},"4":{"start":{"line":30,"column":2},"end":{"line":30,"column":41}},"5":{"start":{"line":33,"column":0},"end":{"line":51,"column":1}},"6":{"start":{"line":35,"column":16},"end":{"line":35,"column":30}},"7":{"start":{"line":36,"column":4},"end":{"line":49,"column":6}},"8":{"start":{"line":37,"column":6},"end":{"line":42,"column":7}},"9":{"start":{"line":38,"column":8},"end":{"line":41,"column":10}},"10":{"start":{"line":43,"column":6},"end":{"line":43,"column":21}},"11":{"start":{"line":44,"column":6},"end":{"line":48,"column":8}},"12":{"start":{"line":34,"column":18},"end":{"line":50,"column":3}}},"fnMap":{"0":{"name":"uniq","decl":{"start":{"line":25,"column":16},"end":{"line":25,"column":20}},"loc":{"start":{"line":25,"column":20},"end":{"line":27,"column":1}}},"1":{"name":"_uniq","decl":{"start":{"line":29,"column":9},"end":{"line":29,"column":14}},"loc":{"start":{"line":29,"column":28},"end":{"line":31,"column":1}}},"2":{"name":"(anonymous_2)","decl":{"start":{"line":33,"column":0},"end":{"line":33,"column":16}},"loc":{"start":{"line":33,"column":21},"end":{"line":51,"column":1}}},"3":{"name":"lazy","decl":{"start":{"line":34,"column":18},"end":{"line":34,"column":22}},"loc":{"start":{"line":34,"column":22},"end":{"line":50,"column":3}}},"4":{"name":"(anonymous_4)","decl":{"start":{"line":36,"column":11},"end":{"line":36,"column":11}},"loc":{"start":{"line":36,"column":22},"end":{"line":49,"column":5}}}},"branchMap":{"0":{"loc":{"start":{"line":37,"column":6},"end":{"line":42,"column":7}},"type":"if","locations":[{"start":{"line":37,"column":6},"end":{"line":42,"column":7}},{"start":{"line":37,"column":6},"end":{"line":42,"column":7}}]},"1":{"loc":{"start":{"line":33,"column":17},"end":{"line":33,"column":21}},"type":"binary-expr","locations":[{"start":{"line":33,"column":17},"end":{"line":33,"column":21}},{"start":{"line":33,"column":17},"end":{"line":33,"column":21}}]}},"s":{"0":9,"1":9,"2":27,"3":9,"4":25,"5":9,"6":27,"7":27,"8":237,"9":38,"10":199,"11":199,"12":9},"f":{"0":27,"1":25,"2":9,"3":27,"4":237},"b":{"0":[38,199],"1":[9,0]}}
,"/home/andmzr/Documents/Darbas/Projektai/ts-prime/src/uniqBy.ts": {"path":"/home/andmzr/Documents/Darbas/Projektai/ts-prime/src/uniqBy.ts","statementMap":{"0":{"start":{"line":1,"column":0},"end":{"line":1,"column":31}},"1":{"start":{"line":2,"column":0},"end":{"line":2,"column":55}},"2":{"start":{"line":31,"column":2},"end":{"line":31,"column":47}},"3":{"start":{"line":30,"column":0},"end":{"line":32,"column":1}},"4":{"start":{"line":35,"column":2},"end":{"line":35,"column":53}},"5":{"start":{"line":39,"column":14},"end":{"line":39,"column":28}},"6":{"start":{"line":40,"column":2},"end":{"line":55,"column":4}},"7":{"start":{"line":41,"column":24},"end":{"line":41,"column":42}},"8":{"start":{"line":42,"column":4},"end":{"line":47,"column":5}},"9":{"start":{"line":43,"column":6},"end":{"line":46,"column":8}},"10":{"start":{"line":49,"column":4},"end":{"line":49,"column":25}},"11":{"start":{"line":50,"column":4},"end":{"line":54,"column":6}}},"fnMap":{"0":{"name":"uniqBy","decl":{"start":{"line":30,"column":16},"end":{"line":30,"column":22}},"loc":{"start":{"line":30,"column":22},"end":{"line":32,"column":1}}},"1":{"name":"_uniqBy","decl":{"start":{"line":34,"column":9},"end":{"line":34,"column":16}},"loc":{"start":{"line":34,"column":62},"end":{"line":36,"column":1}}},"2":{"name":"lazyUniqBy","decl":{"start":{"line":38,"column":9},"end":{"line":38,"column":19}},"loc":{"start":{"line":38,"column":51},"end":{"line":56,"column":1}}},"3":{"name":"(anonymous_3)","decl":{"start":{"line":40,"column":9},"end":{"line":40,"column":9}},"loc":{"start":{"line":40,"column":20},"end":{"line":55,"column":3}}}},"branchMap":{"0":{"loc":{"start":{"line":42,"column":4},"end":{"line":47,"column":5}},"type":"if","locations":[{"start":{"line":42,"column":4},"end":{"line":47,"column":5}},{"start":{"line":42,"column":4},"end":{"line":47,"column":5}}]}},"s":{"0":7,"1":7,"2":6,"3":7,"4":4,"5":6,"6":6,"7":35,"8":35,"9":11,"10":24,"11":24},"f":{"0":6,"1":4,"2":6,"3":35},"b":{"0":[11,24]}}
,"/home/andmzr/Documents/Darbas/Projektai/ts-prime/src/url.ts": {"path":"/home/andmzr/Documents/Darbas/Projektai/ts-prime/src/url.ts","statementMap":{"0":{"start":{"line":7,"column":4},"end":{"line":7,"column":45}},"1":{"start":{"line":6,"column":0},"end":{"line":8,"column":1}},"2":{"start":{"line":15,"column":24},"end":{"line":15,"column":42}},"3":{"start":{"line":15,"column":24},"end":{"line":15,"column":43}},"4":{"start":{"line":16,"column":34},"end":{"line":16,"column":36}},"5":{"start":{"line":18,"column":18},"end":{"line":18,"column":32}},"6":{"start":{"line":19,"column":4},"end":{"line":19,"column":45}},"7":{"start":{"line":19,"column":33},"end":{"line":19,"column":43}},"8":{"start":{"line":21,"column":4},"end":{"line":23,"column":5}},"9":{"start":{"line":22,"column":8},"end":{"line":22,"column":77}},"10":{"start":{"line":25,"column":4},"end":{"line":28,"column":5}},"11":{"start":{"line":26,"column":22},"end":{"line":26,"column":38}},"12":{"start":{"line":27,"column":8},"end":{"line":27,"column":42}},"13":{"start":{"line":31,"column":4},"end":{"line":35,"column":5}},"14":{"start":{"line":32,"column":8},"end":{"line":32,"column":69}},"15":{"start":{"line":34,"column":8},"end":{"line":34,"column":68}},"16":{"start":{"line":37,"column":4},"end":{"line":60,"column":5}},"17":{"start":{"line":38,"column":24},"end":{"line":38,"column":35}},"18":{"start":{"line":40,"column":8},"end":{"line":42,"column":9}},"19":{"start":{"line":41,"column":12},"end":{"line":41,"column":79}},"20":{"start":{"line":44,"column":8},"end":{"line":44,"column":43}},"21":{"start":{"line":44,"column":32},"end":{"line":44,"column":41}},"22":{"start":{"line":46,"column":8},"end":{"line":49,"column":9}},"23":{"start":{"line":48,"column":12},"end":{"line":48,"column":56}},"24":{"start":{"line":50,"column":8},"end":{"line":56,"column":9}},"25":{"start":{"line":52,"column":12},"end":{"line":52,"column":56}},"26":{"start":{"line":55,"column":12},"end":{"line":55,"column":57}},"27":{"start":{"line":58,"column":8},"end":{"line":58,"column":36}},"28":{"start":{"line":62,"column":14},"end":{"line":62,"column":35}},"29":{"start":{"line":63,"column":4},"end":{"line":63,"column":47}},"30":{"start":{"line":65,"column":17},"end":{"line":65,"column":31}},"31":{"start":{"line":66,"column":5},"end":{"line":66,"column":74}},"32":{"start":{"line":68,"column":5},"end":{"line":68,"column":16}},"33":{"start":{"line":15,"column":0},"end":{"line":69,"column":1}}},"fnMap":{"0":{"name":"urlToRelative","decl":{"start":{"line":6,"column":16},"end":{"line":6,"column":29}},"loc":{"start":{"line":6,"column":41},"end":{"line":8,"column":1}}},"1":{"name":"urlJoin","decl":{"start":{"line":15,"column":16},"end":{"line":15,"column":23}},"loc":{"start":{"line":15,"column":23},"end":{"line":69,"column":1}}}},"branchMap":{"0":{"loc":{"start":{"line":19,"column":4},"end":{"line":19,"column":45}},"type":"if","locations":[{"start":{"line":19,"column":4},"end":{"line":19,"column":45}},{"start":{"line":19,"column":4},"end":{"line":19,"column":45}}]},"1":{"loc":{"start":{"line":21,"column":4},"end":{"line":23,"column":5}},"type":"if","locations":[{"start":{"line":21,"column":4},"end":{"line":23,"column":5}},{"start":{"line":21,"column":4},"end":{"line":23,"column":5}}]},"2":{"loc":{"start":{"line":25,"column":4},"end":{"line":28,"column":5}},"type":"if","locations":[{"start":{"line":25,"column":4},"end":{"line":28,"column":5}},{"start":{"line":25,"column":4},"end":{"line":28,"column":5}}]},"3":{"loc":{"start":{"line":25,"column":8},"end":{"line":25,"column":41}},"type":"binary-expr","locations":[{"start":{"line":25,"column":8},"end":{"line":25,"column":41}},{"start":{"line":25,"column":45},"end":{"line":25,"column":64}}]},"4":{"loc":{"start":{"line":31,"column":4},"end":{"line":35,"column":5}},"type":"if","locations":[{"start":{"line":31,"column":4},"end":{"line":35,"column":5}},{"start":{"line":31,"column":4},"end":{"line":35,"column":5}}]},"5":{"loc":{"start":{"line":40,"column":8},"end":{"line":42,"column":9}},"type":"if","locations":[{"start":{"line":40,"column":8},"end":{"line":42,"column":9}},{"start":{"line":40,"column":8},"end":{"line":42,"column":9}}]},"6":{"loc":{"start":{"line":44,"column":8},"end":{"line":44,"column":43}},"type":"if","locations":[{"start":{"line":44,"column":8},"end":{"line":44,"column":43}},{"start":{"line":44,"column":8},"end":{"line":44,"column":43}}]},"7":{"loc":{"start":{"line":46,"column":8},"end":{"line":49,"column":9}},"type":"if","locations":[{"start":{"line":46,"column":8},"end":{"line":49,"column":9}},{"start":{"line":46,"column":8},"end":{"line":49,"column":9}}]},"8":{"loc":{"start":{"line":50,"column":8},"end":{"line":56,"column":9}},"type":"if","locations":[{"start":{"line":50,"column":8},"end":{"line":56,"column":9}},{"start":{"line":50,"column":8},"end":{"line":56,"column":9}}]},"9":{"loc":{"start":{"line":66,"column":47},"end":{"line":66,"column":50}},"type":"cond-expr","locations":[{"start":{"line":66,"column":47},"end":{"line":66,"column":50}},{"start":{"line":66,"column":52},"end":{"line":66,"column":54}}]}},"s":{"0":1,"1":7,"2":32,"3":103,"4":32,"5":32,"6":32,"7":1,"8":31,"9":0,"10":31,"11":16,"12":16,"13":31,"14":5,"15":26,"16":31,"17":87,"18":87,"19":0,"20":87,"21":3,"22":84,"23":54,"24":84,"25":53,"26":31,"27":84,"28":31,"29":31,"30":31,"31":31,"32":31,"33":7},"f":{"0":1,"1":32},"b":{"0":[1,31],"1":[0,31],"2":[16,15],"3":[31,16],"4":[5,26],"5":[0,87],"6":[3,84],"7":[54,30],"8":[53,31],"9":[11,20]}}
,"/home/andmzr/Documents/Darbas/Projektai/ts-prime/src/uuid.ts": {"path":"/home/andmzr/Documents/Darbas/Projektai/ts-prime/src/uuid.ts","statementMap":{"0":{"start":{"line":9,"column":2},"end":{"line":14,"column":5}},"1":{"start":{"line":11,"column":12},"end":{"line":11,"column":36}},"2":{"start":{"line":12,"column":10},"end":{"line":12,"column":41}},"3":{"start":{"line":13,"column":4},"end":{"line":13,"column":26}},"4":{"start":{"line":7,"column":0},"end":{"line":16,"column":1}}},"fnMap":{"0":{"name":"uuidv4","decl":{"start":{"line":7,"column":16},"end":{"line":7,"column":22}},"loc":{"start":{"line":7,"column":22},"end":{"line":16,"column":1}}},"1":{"name":"(anonymous_1)","decl":{"start":{"line":9,"column":65},"end":{"line":9,"column":64}},"loc":{"start":{"line":9,"column":66},"end":{"line":14,"column":3}}}},"branchMap":{"0":{"loc":{"start":{"line":12,"column":22},"end":{"line":12,"column":23}},"type":"cond-expr","locations":[{"start":{"line":12,"column":22},"end":{"line":12,"column":23}},{"start":{"line":12,"column":26},"end":{"line":12,"column":41}}]}},"s":{"0":2,"1":62,"2":62,"3":62,"4":7},"f":{"0":2,"1":62},"b":{"0":[60,2]}}
,"/home/andmzr/Documents/Darbas/Projektai/ts-prime/src/values.ts": {"path":"/home/andmzr/Documents/Darbas/Projektai/ts-prime/src/values.ts","statementMap":{"0":{"start":{"line":1,"column":0},"end":{"line":1,"column":30}},"1":{"start":{"line":4,"column":4},"end":{"line":4,"column":61}},"2":{"start":{"line":20,"column":4},"end":{"line":20,"column":36}},"3":{"start":{"line":19,"column":0},"end":{"line":21,"column":1}}},"fnMap":{"0":{"name":"_values","decl":{"start":{"line":3,"column":9},"end":{"line":3,"column":16}},"loc":{"start":{"line":3,"column":62},"end":{"line":5,"column":1}}},"1":{"name":"values","decl":{"start":{"line":19,"column":16},"end":{"line":19,"column":22}},"loc":{"start":{"line":19,"column":22},"end":{"line":21,"column":1}}}},"branchMap":{},"s":{"0":7,"1":2,"2":2,"3":7},"f":{"0":2,"1":2},"b":{}}
,"/home/andmzr/Documents/Darbas/Projektai/ts-prime/src/waitUntilDefined.ts": {"path":"/home/andmzr/Documents/Darbas/Projektai/ts-prime/src/waitUntilDefined.ts","statementMap":{"0":{"start":{"line":1,"column":0},"end":{"line":1,"column":31}},"1":{"start":{"line":19,"column":8},"end":{"line":19,"column":27}},"2":{"start":{"line":20,"column":2},"end":{"line":34,"column":5}},"3":{"start":{"line":21,"column":15},"end":{"line":null,"column":-1}},"4":{"start":{"line":22,"column":12},"end":{"line":22,"column":38}},"5":{"start":{"line":23,"column":6},"end":{"line":25,"column":7}},"6":{"start":{"line":24,"column":8},"end":{"line":24,"column":58}},"7":{"start":{"line":26,"column":12},"end":{"line":26,"column":21}},"8":{"start":{"line":27,"column":10},"end":{"line":27,"column":19}},"9":{"start":{"line":28,"column":8},"end":{"line":28,"column":22}},"10":{"start":{"line":28,"column":8},"end":{"line":28,"column":23}},"11":{"start":{"line":29,"column":8},"end":{"line":29,"column":17}},"12":{"start":{"line":31,"column":6},"end":{"line":31,"column":35}},"13":{"start":{"line":32,"column":6},"end":{"line":32,"column":13}},"14":{"start":{"line":15,"column":0},"end":{"line":35,"column":1}}},"fnMap":{"0":{"name":"waitUntilDefined","decl":{"start":{"line":15,"column":22},"end":{"line":15,"column":38}},"loc":{"start":{"line":17,"column":23},"end":{"line":35,"column":1}}},"1":{"name":"(anonymous_16)","decl":{"start":{"line":20,"column":37},"end":{"line":20,"column":42}},"loc":{"start":{"line":20,"column":50},"end":{"line":34,"column":3}}}},"branchMap":{"0":{"loc":{"start":{"line":23,"column":6},"end":{"line":25,"column":7}},"type":"if","locations":[{"start":{"line":23,"column":6},"end":{"line":25,"column":7}},{"start":{"line":23,"column":6},"end":{"line":25,"column":7}}]}},"s":{"0":7,"1":1,"2":1,"3":0,"4":35,"5":35,"6":0,"7":35,"8":1,"9":34,"10":34,"11":34,"12":1,"13":1,"14":7},"f":{"0":1,"1":1},"b":{"0":[0,35]}}
}
