TN:
SF:/home/andmzr/Documents/Darbas/Projektai/ts-prime/src/_counter.ts
FN:3,(anonymous_0)
FN:7,(anonymous_1)
FN:8,(anonymous_2)
FNF:3
FNH:3
FNDA:27,(anonymous_0)
FNDA:27,(anonymous_1)
FNDA:70,(anonymous_2)
DA:1,10
DA:3,10
DA:4,27
DA:5,27
DA:8,27
DA:9,70
DA:10,70
LF:7
LH:7
BRF:0
BRH:0
end_of_record
TN:
SF:/home/andmzr/Documents/Darbas/Projektai/ts-prime/src/_reduceLazy.ts
FN:24,_reduceLazy
FN:29,(anonymous_1)
FNF:2
FNH:2
FNDA:62,_reduceLazy
FNDA:360,(anonymous_1)
DA:24,25
DA:29,62
DA:30,360
DA:31,360
DA:32,41
DA:33,319
DA:34,252
DA:36,360
LF:8
LH:8
BRDA:30,0,0,11
BRDA:30,0,1,349
BRDA:31,1,0,41
BRDA:31,1,1,319
BRDA:33,2,0,252
BRDA:33,2,1,67
BRF:6
BRH:6
end_of_record
TN:
SF:/home/andmzr/Documents/Darbas/Projektai/ts-prime/src/_toLazyIndexed.ts
FN:1,(anonymous_0)
FNF:1
FNH:1
FNDA:49,(anonymous_0)
DA:1,21
DA:2,49
DA:3,49
LF:3
LH:3
BRF:0
BRH:0
end_of_record
TN:
SF:/home/andmzr/Documents/Darbas/Projektai/ts-prime/src/_toSingle.ts
FN:1,(anonymous_0)
FNF:1
FNH:1
FNDA:34,(anonymous_0)
DA:1,11
DA:2,34
DA:3,34
LF:3
LH:3
BRF:0
BRH:0
end_of_record
TN:
SF:/home/andmzr/Documents/Darbas/Projektai/ts-prime/src/allPass.ts
FN:27,allPass
FN:31,_allPass
FN:32,(anonymous_2)
FNF:3
FNH:3
FNDA:6,allPass
FNDA:6,_allPass
FNDA:10,(anonymous_2)
DA:1,7
DA:27,7
DA:28,6
DA:32,10
LF:4
LH:4
BRF:0
BRH:0
end_of_record
TN:
SF:/home/andmzr/Documents/Darbas/Projektai/ts-prime/src/anyPass.ts
FN:27,anyPass
FN:31,_anyPass
FN:32,(anonymous_2)
FNF:3
FNH:3
FNDA:6,anyPass
FNDA:6,_anyPass
FNDA:10,(anonymous_2)
DA:1,7
DA:27,7
DA:28,6
DA:32,10
LF:4
LH:4
BRF:0
BRH:0
end_of_record
TN:
SF:/home/andmzr/Documents/Darbas/Projektai/ts-prime/src/base64.ts
FN:18,base64encode
FN:53,base64decode
FN:88,encodeUTF8
FN:114,decodeUTF8
FNF:4
FNH:4
FNDA:109,base64encode
FNDA:2,base64decode
FNDA:109,encodeUTF8
FNDA:2,decodeUTF8
DA:8,9
DA:18,9
DA:19,109
DA:20,109
DA:21,109
DA:22,109
DA:23,522
DA:24,522
DA:25,522
DA:26,522
DA:27,522
DA:28,522
DA:29,522
DA:30,522
DA:31,50
DA:32,472
DA:33,35
DA:35,522
DA:42,109
DA:53,9
DA:54,2
DA:55,2
DA:57,2
DA:59,2
DA:60,134
DA:61,134
DA:62,134
DA:63,134
DA:65,134
DA:66,134
DA:67,134
DA:69,134
DA:71,134
DA:72,133
DA:74,134
DA:75,133
DA:79,2
DA:81,2
DA:88,9
DA:89,109
DA:90,109
DA:92,109
DA:93,1422
DA:95,1422
DA:96,1413
DA:97,9
DA:98,9
DA:99,9
DA:101,0
DA:102,0
DA:103,0
DA:107,109
DA:114,9
DA:115,2
DA:116,2
DA:117,2
DA:118,2
DA:119,2
DA:120,2
DA:121,391
DA:123,391
DA:124,382
DA:125,382
DA:126,9
DA:127,9
DA:128,9
DA:129,9
DA:131,0
DA:132,0
DA:133,0
DA:136,0
DA:139,2
LF:72
LH:65
BRDA:30,0,0,50
BRDA:30,0,1,472
BRDA:32,1,0,35
BRDA:32,1,1,437
BRDA:71,2,0,133
BRDA:71,2,1,1
BRDA:74,3,0,133
BRDA:74,3,1,1
BRDA:95,4,0,1413
BRDA:95,4,1,9
BRDA:97,5,0,9
BRDA:97,5,1,0
BRDA:97,6,0,9
BRDA:97,6,1,9
BRDA:123,7,0,382
BRDA:123,7,1,9
BRDA:126,8,0,9
BRDA:126,8,1,0
BRDA:126,9,0,9
BRDA:126,9,1,9
BRF:20
BRH:18
end_of_record
TN:
SF:/home/andmzr/Documents/Darbas/Projektai/ts-prime/src/bytes.ts
FN:11,formatBytes
FNF:1
FNH:1
FNDA:20,formatBytes
DA:11,40
DA:12,20
DA:13,20
DA:14,20
DA:15,20
DA:16,20
DA:17,20
LF:7
LH:7
BRDA:11,0,0,20
BRDA:11,0,1,0
BRDA:12,1,0,0
BRDA:12,1,1,20
BRDA:14,2,0,0
BRDA:14,2,1,20
BRF:6
BRH:3
end_of_record
TN:
SF:/home/andmzr/Documents/Darbas/Projektai/ts-prime/src/cache.ts
FN:30,cache
FN:34,(anonymous_1)
FN:37,(anonymous_2)
FN:40,(anonymous_3)
FN:45,(anonymous_4)
FN:48,(anonymous_5)
FN:54,(anonymous_6)
FNF:7
FNH:7
FNDA:3,cache
FNDA:2,(anonymous_1)
FNDA:7,(anonymous_2)
FNDA:3,(anonymous_3)
FNDA:7,(anonymous_4)
FNDA:8,(anonymous_5)
FNDA:1,(anonymous_6)
DA:1,7
DA:30,7
DA:34,3
DA:35,2
DA:36,2
DA:38,7
DA:41,3
DA:45,7
DA:46,3
DA:47,3
DA:48,8
DA:49,8
DA:50,8
DA:51,8
DA:52,4
DA:53,4
DA:54,1
DA:55,1
DA:56,1
DA:59,3
DA:60,3
DA:62,4
LF:22
LH:22
BRDA:46,0,0,3
BRDA:46,0,1,2
BRDA:46,1,0,2
BRDA:46,1,1,1
BRDA:46,2,0,3
BRDA:46,2,1,3
BRDA:47,3,0,3
BRDA:47,3,1,2
BRDA:47,4,0,2
BRDA:47,4,1,1
BRDA:47,5,0,3
BRDA:47,5,1,3
BRDA:51,6,0,4
BRDA:51,6,1,4
BRDA:53,7,0,1
BRDA:53,7,1,3
BRF:16
BRH:16
end_of_record
TN:
SF:/home/andmzr/Documents/Darbas/Projektai/ts-prime/src/capitalize.ts
FN:10,capitalize
FNF:1
FNH:1
FNDA:14,capitalize
DA:10,8
DA:11,14
LF:2
LH:2
BRF:0
BRH:0
end_of_record
TN:
SF:/home/andmzr/Documents/Darbas/Projektai/ts-prime/src/chunk.ts
FN:21,chunk
FN:25,_chunk
FN:28,(anonymous_2)
FNF:3
FNH:3
FNDA:5,chunk
FNDA:5,_chunk
FNDA:13,(anonymous_2)
DA:1,7
DA:21,7
DA:22,5
DA:26,5
DA:27,5
DA:28,5
DA:29,13
DA:30,7
DA:31,7
DA:33,13
DA:34,13
DA:35,5
DA:38,5
LF:13
LH:13
BRDA:29,0,0,7
BRDA:29,0,1,6
BRDA:34,1,0,5
BRDA:34,1,1,8
BRF:4
BRH:4
end_of_record
TN:
SF:/home/andmzr/Documents/Darbas/Projektai/ts-prime/src/clamp.ts
FN:30,clamp
FN:34,_clamp
FNF:2
FNH:2
FNDA:3,clamp
FNDA:3,_clamp
DA:1,7
DA:30,7
DA:31,3
DA:35,3
DA:36,2
DA:37,1
DA:40,2
DA:41,2
DA:42,1
DA:45,1
LF:10
LH:10
BRDA:35,0,0,2
BRDA:35,0,1,1
BRDA:36,1,0,1
BRDA:36,1,1,1
BRDA:40,2,0,2
BRDA:40,2,1,0
BRDA:41,3,0,1
BRDA:41,3,1,1
BRF:8
BRH:7
end_of_record
TN:
SF:/home/andmzr/Documents/Darbas/Projektai/ts-prime/src/clone.ts
FN:5,_cloneRegExp
FN:16,_clone
FN:17,copy
FN:57,clone
FNF:4
FNH:4
FNDA:8,_cloneRegExp
FNDA:233,_clone
FNDA:113,copy
FNDA:61,clone
DA:3,12
DA:6,8
DA:18,113
DA:19,113
DA:20,113
DA:21,278
DA:22,4
DA:24,274
DA:26,109
DA:27,109
DA:29,109
DA:30,172
DA:34,109
DA:36,233
DA:38,71
DA:40,42
DA:42,2
DA:44,8
DA:46,110
DA:57,12
DA:59,61
LF:21
LH:21
BRDA:8,0,0,4
BRDA:8,0,1,4
BRDA:9,1,0,4
BRDA:9,1,1,4
BRDA:10,2,0,4
BRDA:10,2,1,4
BRDA:11,3,0,0
BRDA:11,3,1,8
BRDA:12,4,0,0
BRDA:12,4,1,8
BRDA:21,5,0,4
BRDA:21,5,1,274
BRDA:31,6,0,172
BRDA:31,6,1,0
BRDA:37,7,0,71
BRDA:37,7,1,42
BRDA:37,7,2,2
BRDA:37,7,3,8
BRDA:37,7,4,110
BRDA:61,8,0,0
BRDA:61,8,1,61
BRDA:59,9,0,61
BRDA:59,9,1,58
BRF:23
BRH:19
end_of_record
TN:
SF:/home/andmzr/Documents/Darbas/Projektai/ts-prime/src/compact.ts
FN:7,isPlainObject
FN:10,_compact
FN:14,(anonymous_3)
FN:15,(anonymous_4)
FN:18,(anonymous_5)
FN:19,(anonymous_6)
FN:37,compact
FNF:7
FNH:7
FNDA:2,isPlainObject
FNDA:4,_compact
FNDA:7,(anonymous_3)
FNDA:3,(anonymous_4)
FNDA:2,(anonymous_5)
FNDA:1,(anonymous_6)
FNDA:2,compact
DA:1,7
DA:8,2
DA:11,4
DA:14,7
DA:15,3
DA:18,2
DA:19,1
DA:37,7
DA:38,2
LF:9
LH:9
BRDA:8,0,0,2
BRDA:8,0,1,2
BRDA:14,1,0,7
BRDA:14,1,1,4
BRDA:17,2,0,2
BRDA:17,2,1,1
BRDA:18,3,0,2
BRDA:18,3,1,1
BRDA:19,4,0,1
BRDA:19,4,1,0
BRDA:21,5,0,1
BRDA:21,5,1,0
BRF:12
BRH:10
end_of_record
TN:
SF:/home/andmzr/Documents/Darbas/Projektai/ts-prime/src/convertStringToNameCase.ts
FN:21,convertStringToNameCase
FN:27,(anonymous_1)
FN:28,(anonymous_2)
FN:29,(anonymous_3)
FN:33,(anonymous_4)
FN:35,(anonymous_5)
FN:37,(anonymous_6)
FN:39,(anonymous_7)
FN:42,(anonymous_8)
FNF:9
FNH:9
FNDA:10,convertStringToNameCase
FNDA:25,(anonymous_1)
FNDA:25,(anonymous_2)
FNDA:25,(anonymous_3)
FNDA:5,(anonymous_4)
FNDA:5,(anonymous_5)
FNDA:5,(anonymous_6)
FNDA:5,(anonymous_7)
FNDA:5,(anonymous_8)
DA:1,7
DA:2,7
DA:3,7
DA:4,7
DA:5,7
DA:6,7
DA:21,7
DA:25,10
DA:27,25
DA:28,25
DA:29,25
DA:31,10
DA:33,5
DA:35,5
DA:37,5
DA:39,5
DA:41,2
DA:44,5
DA:45,2
DA:48,3
LF:20
LH:20
BRDA:32,0,0,2
BRDA:32,0,1,2
BRDA:32,0,2,2
BRDA:32,0,3,2
BRDA:32,0,4,2
BRDA:44,1,0,2
BRDA:44,1,1,3
BRF:7
BRH:7
end_of_record
TN:
SF:/home/andmzr/Documents/Darbas/Projektai/ts-prime/src/createPipe.ts
FN:61,createPipe
FN:62,(anonymous_2)
FNF:2
FNH:2
FNDA:2,createPipe
FNDA:2,(anonymous_2)
DA:1,7
DA:61,7
DA:62,2
LF:3
LH:3
BRF:0
BRH:0
end_of_record
TN:
SF:/home/andmzr/Documents/Darbas/Projektai/ts-prime/src/debounce.ts
FN:16,debounce
FN:20,__debounce
FN:27,(anonymous_2)
FN:35,(anonymous_3)
FNF:4
FNH:3
FNDA:1,debounce
FNDA:1,__debounce
FNDA:100,(anonymous_2)
FNDA:0,(anonymous_3)
DA:1,7
DA:16,7
DA:17,1
DA:25,1
DA:26,1
DA:27,100
DA:28,100
DA:29,1
DA:32,1
DA:34,99
DA:35,99
DA:36,0
DA:41,99
LF:13
LH:12
BRDA:28,0,0,1
BRDA:28,0,1,99
BRF:2
BRH:2
end_of_record
TN:
SF:/home/andmzr/Documents/Darbas/Projektai/ts-prime/src/deepEqual.ts
FN:33,deepEqual
FN:38,(anonymous_1)
FNF:2
FNH:2
FNDA:13,deepEqual
FNDA:13,(anonymous_1)
DA:1,6
DA:2,6
DA:33,6
DA:36,25
DA:38,13
DA:39,13
DA:40,7
DA:41,7
DA:42,7
DA:43,7
DA:44,4
DA:45,4
DA:46,4
DA:47,4
DA:48,5
DA:50,4
DA:52,3
DA:53,3
DA:54,3
DA:55,3
DA:56,3
DA:57,3
DA:58,3
DA:60,3
DA:62,0
DA:64,13
LF:26
LH:25
BRDA:36,0,0,12
BRDA:36,0,1,1
BRDA:39,1,0,6
BRDA:39,1,1,7
BRDA:40,2,0,0
BRDA:40,2,1,7
BRDA:41,3,0,0
BRDA:41,3,1,7
BRDA:41,4,0,7
BRDA:41,4,1,0
BRDA:42,5,0,0
BRDA:42,5,1,7
BRDA:42,6,0,7
BRDA:42,6,1,0
BRDA:43,7,0,4
BRDA:43,7,1,3
BRDA:43,8,0,7
BRDA:43,8,1,4
BRDA:44,9,0,0
BRDA:44,9,1,4
BRDA:45,10,0,4
BRDA:45,10,1,0
BRDA:46,11,0,4
BRDA:46,11,1,0
BRDA:48,12,0,0
BRDA:48,12,1,5
BRDA:52,13,0,3
BRDA:52,13,1,0
BRDA:52,14,0,3
BRDA:52,14,1,3
BRDA:55,15,0,0
BRDA:55,15,1,3
BRDA:56,16,0,0
BRDA:56,16,1,3
BRDA:58,17,0,0
BRDA:58,17,1,3
BRF:36
BRH:23
end_of_record
TN:
SF:/home/andmzr/Documents/Darbas/Projektai/ts-prime/src/deepMerge.ts
FN:6,isCyclic
FN:8,detectCycle
FN:51,recursiveMerge
FN:104,deepMergeLeft
FN:133,deepMergeRight
FNF:5
FNH:5
FNDA:69,isCyclic
FNDA:158,detectCycle
FNDA:79,recursiveMerge
FNDA:8,deepMergeLeft
FNDA:4,deepMergeRight
DA:1,7
DA:2,7
DA:3,7
DA:7,69
DA:11,158
DA:15,29
DA:16,2
DA:23,27
DA:26,27
DA:27,62
DA:28,2
DA:34,129
DA:35,15
DA:36,27
DA:37,2
DA:42,152
DA:45,69
DA:52,79
DA:53,17
DA:54,17
DA:55,69
DA:57,69
DA:58,2
DA:59,2
DA:61,67
DA:63,17
DA:66,62
DA:68,5
DA:73,57
DA:74,34
DA:77,23
DA:104,7
DA:106,8
DA:108,8
DA:109,8
DA:110,8
DA:112,8
DA:133,7
DA:135,4
DA:137,4
DA:138,4
DA:141,4
DA:143,4
LF:43
LH:43
BRDA:11,0,0,29
BRDA:11,0,1,129
BRDA:12,1,0,158
BRDA:12,1,1,29
BRDA:15,2,0,2
BRDA:15,2,1,27
BRDA:27,3,0,2
BRDA:27,3,1,60
BRDA:34,4,0,15
BRDA:34,4,1,114
BRDA:36,5,0,2
BRDA:36,5,1,25
BRDA:52,6,0,17
BRDA:52,6,1,62
BRDA:52,7,0,79
BRDA:52,7,1,30
BRDA:57,8,0,2
BRDA:57,8,1,67
BRDA:66,9,0,5
BRDA:66,9,1,57
BRDA:66,10,0,62
BRDA:66,10,1,7
BRDA:73,11,0,34
BRDA:73,11,1,23
BRF:24
BRH:24
end_of_record
TN:
SF:/home/andmzr/Documents/Darbas/Projektai/ts-prime/src/deepSort.ts
FN:16,anyToString
FN:21,(anonymous_1)
FN:32,(anonymous_2)
FN:40,(anonymous_3)
FN:41,(anonymous_4)
FN:51,deepSort
FN:62,(anonymous_6)
FN:74,(anonymous_7)
FN:75,(anonymous_8)
FNF:9
FNH:7
FNDA:20,anyToString
FNDA:8,(anonymous_1)
FNDA:12,(anonymous_2)
FNDA:0,(anonymous_3)
FNDA:0,(anonymous_4)
FNDA:15,deepSort
FNDA:10,(anonymous_6)
FNDA:9,(anonymous_7)
FNDA:20,(anonymous_8)
DA:1,1
DA:10,1
DA:11,1
DA:12,1
DA:17,20
DA:18,2
DA:19,2
DA:22,8
DA:23,8
DA:24,8
DA:25,4
DA:26,4
DA:27,0
DA:30,4
DA:33,12
DA:38,18
DA:39,0
DA:40,0
DA:41,0
DA:44,18
DA:51,1
DA:52,15
DA:53,15
DA:54,13
DA:55,5
DA:56,5
DA:57,5
DA:59,5
DA:60,2
DA:62,10
DA:64,2
DA:65,5
DA:66,5
DA:69,2
DA:72,3
DA:73,3
DA:74,9
DA:76,20
DA:81,0
LF:39
LH:34
BRDA:17,0,0,2
BRDA:17,0,1,18
BRDA:23,1,0,0
BRDA:23,1,1,8
BRDA:24,2,0,4
BRDA:24,2,1,4
BRDA:25,3,0,0
BRDA:25,3,1,4
BRDA:26,4,0,0
BRDA:26,4,1,4
BRDA:38,5,0,0
BRDA:38,5,1,18
BRDA:53,6,0,2
BRDA:53,6,1,13
BRDA:54,7,0,8
BRDA:54,7,1,5
BRDA:55,8,0,0
BRDA:55,8,1,5
BRDA:56,9,0,0
BRDA:56,9,1,5
BRDA:57,10,0,0
BRDA:57,10,1,5
BRDA:59,11,0,2
BRDA:59,11,1,3
BRDA:72,12,0,3
BRDA:72,12,1,0
BRF:26
BRH:18
end_of_record
TN:
SF:/home/andmzr/Documents/Darbas/Projektai/ts-prime/src/deepUniq.ts
FN:5,_deepUniq
FN:40,deepUniq
FNF:2
FNH:2
FNDA:1,_deepUniq
FNDA:1,deepUniq
DA:1,1
DA:2,1
DA:3,1
DA:6,1
DA:7,1
DA:8,1
DA:9,1
DA:10,1
DA:11,1
DA:12,1
DA:13,1
DA:14,1
DA:15,1
DA:18,1
DA:20,1
DA:40,1
DA:41,1
LF:17
LH:17
BRDA:11,0,0,0
BRDA:11,0,1,1
BRDA:13,1,0,1
BRDA:13,1,1,0
BRF:4
BRH:2
end_of_record
TN:
SF:/home/andmzr/Documents/Darbas/Projektai/ts-prime/src/delay.ts
FN:10,delay
FN:11,(anonymous_16)
FN:12,(anonymous_17)
FNF:3
FNH:3
FNDA:28,delay
FNDA:28,(anonymous_16)
FNDA:27,(anonymous_17)
DA:10,9
DA:11,28
DA:12,28
DA:13,27
LF:4
LH:4
BRF:0
BRH:0
end_of_record
TN:
SF:/home/andmzr/Documents/Darbas/Projektai/ts-prime/src/difference.ts
FN:38,difference
FN:42,_difference
FN:47,(anonymous_2)
FN:48,lazy
FN:50,(anonymous_4)
FNF:5
FNH:5
FNDA:3,difference
FNDA:2,_difference
FNDA:7,(anonymous_2)
FNDA:3,lazy
FNDA:12,(anonymous_4)
DA:1,7
DA:2,7
DA:38,7
DA:39,3
DA:43,2
DA:44,2
DA:47,7
DA:48,7
DA:49,3
DA:50,3
DA:51,12
DA:52,6
DA:58,6
LF:13
LH:13
BRDA:51,0,0,6
BRDA:51,0,1,6
BRDA:47,1,0,7
BRDA:47,1,1,0
BRF:4
BRH:3
end_of_record
TN:
SF:/home/andmzr/Documents/Darbas/Projektai/ts-prime/src/drop.ts
FN:32,drop
FN:36,_drop
FN:40,(anonymous_2)
FN:41,lazy
FN:43,(anonymous_4)
FNF:5
FNH:5
FNDA:3,drop
FNDA:1,_drop
FNDA:7,(anonymous_2)
FNDA:3,lazy
FNDA:14,(anonymous_4)
DA:1,7
DA:2,7
DA:32,7
DA:33,3
DA:37,1
DA:40,7
DA:41,7
DA:42,3
DA:43,3
DA:44,14
DA:45,6
DA:46,6
DA:51,8
LF:13
LH:13
BRDA:44,0,0,6
BRDA:44,0,1,8
BRDA:40,1,0,7
BRDA:40,1,1,0
BRF:4
BRH:3
end_of_record
TN:
SF:/home/andmzr/Documents/Darbas/Projektai/ts-prime/src/dropLast.ts
FN:29,dropLast
FN:33,_dropLast
FNF:2
FNH:2
FNDA:3,dropLast
FNDA:3,_dropLast
DA:1,7
DA:29,7
DA:30,3
DA:34,3
DA:35,3
DA:36,1
DA:38,3
LF:7
LH:7
BRDA:35,0,0,1
BRDA:35,0,1,2
BRF:2
BRH:2
end_of_record
TN:
SF:/home/andmzr/Documents/Darbas/Projektai/ts-prime/src/ensureArray.ts
FN:13,ensureArray
FNF:1
FNH:1
FNDA:2,ensureArray
DA:1,7
DA:13,7
DA:14,2
LF:3
LH:3
BRDA:14,0,0,1
BRDA:14,0,1,1
BRF:2
BRH:2
end_of_record
TN:
SF:/home/andmzr/Documents/Darbas/Projektai/ts-prime/src/ensureType.ts
FN:9,ensureType
FNF:1
FNH:1
FNDA:17,ensureType
DA:9,13
DA:10,17
LF:2
LH:2
BRF:0
BRH:0
end_of_record
TN:
SF:/home/andmzr/Documents/Darbas/Projektai/ts-prime/src/entries.ts
FN:4,_entries
FN:21,entries
FN:26,_fromEntries
FN:46,fromEntries
FNF:4
FNH:4
FNDA:6,_entries
FNDA:6,entries
FNDA:6,_fromEntries
FNDA:6,fromEntries
DA:1,7
DA:7,6
DA:21,7
DA:22,6
DA:27,6
DA:28,18
DA:29,18
DA:31,6
DA:46,7
DA:47,6
LF:10
LH:10
BRF:0
BRH:0
end_of_record
TN:
SF:/home/andmzr/Documents/Darbas/Projektai/ts-prime/src/equals.ts
FN:40,equals
FN:44,_equals
FNF:2
FNH:2
FNDA:92,equals
FNDA:92,_equals
DA:1,7
DA:4,7
DA:5,7
DA:6,7
DA:40,7
DA:41,92
DA:45,92
DA:46,31
DA:49,61
DA:50,42
DA:51,42
DA:52,42
DA:53,42
DA:54,42
DA:56,42
DA:57,10
DA:58,10
DA:59,1
DA:61,9
DA:62,15
DA:63,4
DA:66,5
DA:69,32
DA:70,2
DA:73,30
DA:74,30
DA:75,30
DA:76,1
DA:78,29
DA:79,3
DA:82,26
DA:83,26
DA:84,26
DA:85,1
DA:87,25
DA:88,3
DA:91,22
DA:92,22
DA:94,22
DA:95,3
DA:98,19
DA:99,28
DA:100,4
DA:104,15
DA:105,24
DA:106,24
DA:107,4
DA:111,11
DA:114,19
LF:49
LH:49
BRDA:45,0,0,31
BRDA:45,0,1,61
BRDA:49,1,0,42
BRDA:49,1,1,19
BRDA:49,2,0,61
BRDA:49,2,1,54
BRDA:49,2,2,53
BRDA:49,2,3,44
BRDA:56,3,0,10
BRDA:56,3,1,32
BRDA:56,4,0,42
BRDA:56,4,1,10
BRDA:58,5,0,1
BRDA:58,5,1,9
BRDA:62,6,0,4
BRDA:62,6,1,11
BRDA:69,7,0,2
BRDA:69,7,1,30
BRDA:75,8,0,1
BRDA:75,8,1,29
BRDA:78,9,0,3
BRDA:78,9,1,26
BRDA:78,10,0,29
BRDA:78,10,1,3
BRDA:84,11,0,1
BRDA:84,11,1,25
BRDA:87,12,0,3
BRDA:87,12,1,22
BRDA:87,13,0,25
BRDA:87,13,1,3
BRDA:94,14,0,3
BRDA:94,14,1,19
BRDA:99,15,0,4
BRDA:99,15,1,24
BRDA:106,16,0,4
BRDA:106,16,1,20
BRDA:114,17,0,19
BRDA:114,17,1,1
BRF:38
BRH:38
end_of_record
TN:
SF:/home/andmzr/Documents/Darbas/Projektai/ts-prime/src/errors.ts
FN:3,(anonymous_6)
FN:5,UnknownError
FN:18,assertError
FN:34,ensureError
FN:59,canFail
FN:65,(anonymous_11)
FNF:6
FNH:6
FNDA:6,(anonymous_6)
FNDA:6,UnknownError
FNDA:2,assertError
FNDA:2,ensureError
FNDA:11,canFail
FNDA:3,(anonymous_11)
DA:1,6
DA:3,6
DA:4,6
DA:5,6
DA:6,6
DA:8,6
DA:18,6
DA:19,2
DA:20,1
DA:22,1
DA:34,6
DA:35,2
DA:36,1
DA:39,1
DA:59,6
DA:62,11
DA:63,11
DA:64,7
DA:65,5
DA:66,3
DA:67,2
DA:69,1
DA:72,2
DA:74,4
DA:75,3
DA:77,1
LF:26
LH:26
BRDA:6,0,0,6
BRDA:6,0,1,0
BRDA:19,1,0,1
BRDA:19,1,1,1
BRDA:35,2,0,1
BRDA:35,2,1,1
BRDA:64,3,0,5
BRDA:64,3,1,2
BRDA:66,4,0,2
BRDA:66,4,1,1
BRDA:74,5,0,3
BRDA:74,5,1,1
BRF:12
BRH:11
end_of_record
TN:
SF:/home/andmzr/Documents/Darbas/Projektai/ts-prime/src/filter.ts
FN:30,filter
FN:34,(anonymous_1)
FN:34,(anonymous_2)
FN:45,(anonymous_3)
FN:45,(anonymous_4)
FN:48,(anonymous_5)
FN:64,(anonymous_6)
FN:82,indexed
FNF:8
FNH:8
FNDA:20,filter
FNDA:24,(anonymous_1)
FNDA:4,(anonymous_2)
FNDA:22,(anonymous_3)
FNDA:24,(anonymous_4)
FNDA:76,(anonymous_5)
FNDA:11,(anonymous_6)
FNDA:4,indexed
DA:1,11
DA:2,11
DA:4,11
DA:30,11
DA:31,20
DA:34,24
DA:38,4
DA:45,22
DA:48,24
DA:49,76
DA:50,76
DA:51,55
DA:57,21
DA:64,11
DA:82,11
DA:83,4
DA:86,11
DA:87,11
LF:18
LH:18
BRDA:40,0,0,2
BRDA:40,0,1,2
BRDA:49,1,0,16
BRDA:49,1,1,60
BRDA:50,2,0,55
BRDA:50,2,1,21
BRDA:64,3,0,11
BRDA:64,3,1,0
BRF:8
BRH:7
end_of_record
TN:
SF:/home/andmzr/Documents/Darbas/Projektai/ts-prime/src/filterRecord.ts
FN:25,filterRecord
FN:29,(anonymous_1)
FN:29,(anonymous_2)
FN:39,(anonymous_3)
FNF:4
FNH:4
FNDA:2,filterRecord
FNDA:2,(anonymous_1)
FNDA:2,(anonymous_2)
FNDA:4,(anonymous_3)
DA:2,7
DA:25,7
DA:26,2
DA:29,7
DA:37,2
DA:39,4
DA:40,4
DA:41,4
LF:8
LH:8
BRF:0
BRH:0
end_of_record
TN:
SF:/home/andmzr/Documents/Darbas/Projektai/ts-prime/src/find.ts
FN:34,find
FN:38,(anonymous_1)
FN:38,(anonymous_2)
FN:46,(anonymous_3)
FN:49,(anonymous_4)
FN:49,(anonymous_5)
FN:52,(anonymous_6)
FN:62,(anonymous_7)
FN:70,indexed
FNF:9
FNH:9
FNDA:5,find
FNDA:7,(anonymous_1)
FNDA:2,(anonymous_2)
FNDA:2,(anonymous_3)
FNDA:20,(anonymous_4)
FNDA:5,(anonymous_5)
FNDA:17,(anonymous_6)
FNDA:10,(anonymous_7)
FNDA:2,indexed
DA:1,10
DA:3,10
DA:4,10
DA:34,10
DA:35,5
DA:38,10
DA:42,2
DA:43,1
DA:46,2
DA:49,20
DA:52,5
DA:53,17
DA:54,17
DA:62,10
DA:70,10
DA:71,2
DA:74,10
DA:76,10
LF:18
LH:18
BRDA:42,0,0,1
BRDA:42,0,1,1
BRDA:53,1,0,2
BRDA:53,1,1,15
BRDA:62,2,0,10
BRDA:62,2,1,0
BRF:6
BRH:5
end_of_record
TN:
SF:/home/andmzr/Documents/Darbas/Projektai/ts-prime/src/findIndex.ts
FN:27,findIndex
FN:31,(anonymous_1)
FN:31,(anonymous_2)
FN:39,(anonymous_3)
FN:42,(anonymous_4)
FN:42,(anonymous_5)
FN:46,(anonymous_6)
FN:63,(anonymous_7)
FN:71,indexed
FNF:9
FNH:9
FNDA:4,findIndex
FNDA:5,(anonymous_1)
FNDA:3,(anonymous_2)
FNDA:7,(anonymous_3)
FNDA:14,(anonymous_4)
FNDA:2,(anonymous_5)
FNDA:4,(anonymous_6)
FNDA:7,(anonymous_7)
FNDA:1,indexed
DA:1,7
DA:3,7
DA:4,7
DA:27,7
DA:28,4
DA:31,7
DA:35,3
DA:36,0
DA:39,7
DA:42,14
DA:45,2
DA:46,2
DA:47,4
DA:48,4
DA:49,2
DA:55,2
DA:56,2
DA:63,7
DA:71,7
DA:72,1
DA:75,7
DA:77,7
LF:22
LH:21
BRDA:35,0,0,0
BRDA:35,0,1,3
BRDA:47,1,0,2
BRDA:47,1,1,2
BRDA:48,2,0,2
BRDA:48,2,1,2
BRDA:63,3,0,7
BRDA:63,3,1,0
BRF:8
BRH:6
end_of_record
TN:
SF:/home/andmzr/Documents/Darbas/Projektai/ts-prime/src/first.ts
FN:25,first
FN:29,_first
FN:33,(anonymous_2)
FN:34,lazy
FN:35,(anonymous_4)
FN:43,(anonymous_5)
FNF:6
FNH:6
FNDA:9,first
FNDA:2,_first
FNDA:7,(anonymous_2)
FNDA:8,lazy
FNDA:7,(anonymous_4)
FNDA:7,(anonymous_5)
DA:1,7
DA:25,7
DA:26,9
DA:30,2
DA:33,7
DA:34,7
DA:35,8
DA:36,7
DA:43,7
DA:44,7
LF:10
LH:10
BRDA:43,0,0,7
BRDA:43,0,1,0
BRDA:33,1,0,7
BRDA:33,1,1,0
BRF:4
BRH:2
end_of_record
TN:
SF:/home/andmzr/Documents/Darbas/Projektai/ts-prime/src/flatMap.ts
FN:37,flatMap
FN:41,_flatMap
FN:45,(anonymous_2)
FNF:3
FNH:3
FNDA:13,flatMap
FNDA:13,_flatMap
FNDA:33,(anonymous_2)
DA:1,8
DA:2,8
DA:37,8
DA:38,13
DA:45,33
LF:5
LH:5
BRF:0
BRH:0
end_of_record
TN:
SF:/home/andmzr/Documents/Darbas/Projektai/ts-prime/src/flatMapRecord.ts
FN:46,flatMapRecord
FN:50,(anonymous_1)
FN:50,(anonymous_2)
FN:59,(anonymous_3)
FN:62,(anonymous_4)
FNF:5
FNH:5
FNDA:2,flatMapRecord
FNDA:2,(anonymous_1)
FNDA:2,(anonymous_2)
FNDA:6,(anonymous_3)
FNDA:6,(anonymous_4)
DA:2,7
DA:46,7
DA:47,2
DA:50,7
DA:58,2
DA:59,6
DA:60,6
DA:63,12
DA:64,12
DA:66,6
LF:10
LH:10
BRF:0
BRH:0
end_of_record
TN:
SF:/home/andmzr/Documents/Darbas/Projektai/ts-prime/src/flatMapToObj.ts
FN:56,flatMapToObj
FN:60,(anonymous_1)
FN:60,(anonymous_2)
FN:64,(anonymous_3)
FN:66,(anonymous_4)
FNF:5
FNH:5
FNDA:2,flatMapToObj
FNDA:2,(anonymous_1)
FNDA:2,(anonymous_2)
FNDA:6,(anonymous_3)
FNDA:4,(anonymous_4)
DA:2,7
DA:56,7
DA:57,2
DA:60,7
DA:64,2
DA:65,6
DA:66,6
DA:67,4
DA:69,6
LF:9
LH:9
BRF:0
BRH:0
end_of_record
TN:
SF:/home/andmzr/Documents/Darbas/Projektai/ts-prime/src/flatten.ts
FN:25,flatten
FN:29,_flatten
FN:33,(anonymous_2)
FN:34,lazy
FN:35,(anonymous_4)
FNF:5
FNH:5
FNDA:18,flatten
FNDA:15,_flatten
FNDA:9,(anonymous_2)
FNDA:18,lazy
FNDA:44,(anonymous_4)
DA:1,9
DA:2,9
DA:25,9
DA:26,18
DA:30,15
DA:33,9
DA:34,9
DA:35,18
DA:36,44
DA:37,41
DA:44,3
LF:11
LH:11
BRDA:36,0,0,41
BRDA:36,0,1,3
BRDA:33,1,0,9
BRDA:33,1,1,0
BRF:4
BRH:3
end_of_record
TN:
SF:/home/andmzr/Documents/Darbas/Projektai/ts-prime/src/flattenDeep.ts
FN:29,flattenDeep
FN:33,_flattenDeep
FN:37,_flattenDeepValue
FN:42,(anonymous_3)
FN:52,(anonymous_4)
FN:53,lazy
FN:54,(anonymous_6)
FNF:7
FNH:7
FNDA:6,flattenDeep
FNDA:5,_flattenDeep
FNDA:11,_flattenDeepValue
FNDA:11,(anonymous_3)
FNDA:7,(anonymous_4)
FNDA:6,lazy
FNDA:11,(anonymous_6)
DA:1,7
DA:2,7
DA:29,7
DA:30,6
DA:34,5
DA:38,11
DA:39,5
DA:41,6
DA:42,6
DA:43,11
DA:44,3
DA:46,8
DA:49,6
DA:52,7
DA:53,7
DA:54,6
DA:55,11
DA:56,11
DA:57,6
DA:64,5
LF:20
LH:20
BRDA:38,0,0,5
BRDA:38,0,1,6
BRDA:43,1,0,3
BRDA:43,1,1,8
BRDA:56,2,0,6
BRDA:56,2,1,5
BRDA:52,3,0,7
BRDA:52,3,1,0
BRF:8
BRH:7
end_of_record
TN:
SF:/home/andmzr/Documents/Darbas/Projektai/ts-prime/src/groupBy.ts
FN:25,groupBy
FN:29,isArray
FN:35,(anonymous_2)
FN:35,(anonymous_3)
FN:40,(anonymous_4)
FN:42,(anonymous_5)
FN:49,(anonymous_6)
FN:59,(anonymous_7)
FN:67,indexed
FNF:9
FNH:9
FNDA:4,groupBy
FNDA:24,isArray
FNDA:8,(anonymous_2)
FNDA:8,(anonymous_3)
FNDA:24,(anonymous_4)
FNDA:40,(anonymous_5)
FNDA:24,(anonymous_6)
FNDA:7,(anonymous_7)
FNDA:4,indexed
DA:1,7
DA:25,7
DA:26,4
DA:32,24
DA:35,8
DA:39,8
DA:40,8
DA:41,24
DA:42,24
DA:43,40
DA:44,28
DA:46,40
DA:48,24
DA:49,8
DA:50,24
DA:52,8
DA:54,16
DA:56,8
DA:59,7
DA:67,7
DA:68,4
LF:21
LH:21
BRDA:41,0,0,12
BRDA:41,0,1,12
BRDA:43,1,0,28
BRDA:43,1,1,12
BRDA:48,2,0,8
BRDA:48,2,1,16
BRDA:59,3,0,7
BRDA:59,3,1,0
BRF:8
BRH:7
end_of_record
TN:
SF:/home/andmzr/Documents/Darbas/Projektai/ts-prime/src/guards.ts
FN:18,isString
FN:39,isNumber
FN:53,isDefined
FN:74,isBoolean
FN:98,isPromise
FN:173,isFunction
FN:190,isNil
FN:212,isError
FN:227,isNot
FN:228,(anonymous_11)
FN:245,haveKeys
FN:246,(anonymous_13)
FN:247,(anonymous_14)
FNF:13
FNH:13
FNDA:55,isString
FNDA:38,isNumber
FNDA:69,isDefined
FNDA:18,isBoolean
FNDA:21,isPromise
FNDA:19,isFunction
FNDA:7,isNil
FNDA:20,isError
FNDA:2,isNot
FNDA:5,(anonymous_11)
FNDA:2,haveKeys
FNDA:4,(anonymous_13)
FNDA:6,(anonymous_14)
DA:18,15
DA:19,55
DA:39,15
DA:40,38
DA:53,15
DA:54,69
DA:74,15
DA:75,18
DA:98,15
DA:99,21
DA:121,15
DA:125,172
DA:148,15
DA:152,551
DA:173,15
DA:174,19
DA:190,15
DA:191,7
DA:212,15
DA:213,20
DA:227,15
DA:228,2
DA:229,5
DA:245,15
DA:246,2
DA:247,4
DA:248,6
LF:27
LH:27
BRDA:40,0,0,38
BRDA:40,0,1,16
BRDA:54,1,0,69
BRDA:54,1,1,48
BRDA:152,2,0,551
BRDA:152,2,1,472
BRDA:152,2,2,427
BRF:7
BRH:7
end_of_record
TN:
SF:/home/andmzr/Documents/Darbas/Projektai/ts-prime/src/hash.ts
FN:10,hash
FN:15,(anonymous_1)
FNF:2
FNH:2
FNDA:107,hash
FNDA:1338,(anonymous_1)
DA:1,8
DA:10,8
DA:12,107
DA:16,1338
DA:17,1338
LF:5
LH:5
BRDA:13,0,0,107
BRDA:13,0,1,0
BRF:2
BRH:1
end_of_record
TN:
SF:/home/andmzr/Documents/Darbas/Projektai/ts-prime/src/identity.ts
FN:7,identity
FNF:1
FNH:1
FNDA:15,identity
DA:7,8
DA:8,15
LF:2
LH:2
BRF:0
BRH:0
end_of_record
TN:
SF:/home/andmzr/Documents/Darbas/Projektai/ts-prime/src/includes.ts
FN:5,_includesAny
FN:29,includesAny
FN:34,_includesEvery
FN:59,includesEvery
FNF:4
FNH:4
FNDA:5,_includesAny
FNDA:5,includesAny
FNDA:6,_includesEvery
FNDA:6,includesEvery
DA:1,7
DA:6,9
DA:7,9
DA:8,3
DA:11,2
DA:29,7
DA:30,5
DA:35,9
DA:36,9
DA:37,4
DA:40,2
DA:59,7
DA:60,6
LF:13
LH:13
BRDA:7,0,0,3
BRDA:7,0,1,6
BRDA:36,1,0,4
BRDA:36,1,1,5
BRF:4
BRH:4
end_of_record
TN:
SF:/home/andmzr/Documents/Darbas/Projektai/ts-prime/src/index.ts
FNF:0
FNH:0
DA:1,6
DA:2,6
DA:3,6
DA:4,6
DA:5,6
DA:6,6
DA:7,6
DA:8,6
DA:9,6
DA:10,6
DA:11,6
DA:12,6
DA:13,6
DA:14,6
DA:15,6
DA:16,6
DA:17,6
DA:18,6
DA:19,6
DA:20,6
DA:21,6
DA:22,6
DA:23,6
DA:24,6
DA:25,6
DA:26,6
DA:27,6
DA:28,6
DA:29,6
DA:30,6
DA:31,6
DA:32,6
DA:33,6
DA:34,6
DA:35,6
DA:36,6
DA:37,6
DA:38,6
DA:39,6
DA:40,6
DA:41,6
DA:42,6
DA:43,6
DA:44,6
DA:45,6
DA:46,6
DA:47,6
DA:48,6
DA:49,6
DA:50,6
DA:51,6
DA:52,6
DA:53,6
DA:54,6
DA:55,6
DA:56,6
DA:57,6
DA:58,6
DA:59,6
DA:60,6
DA:61,6
DA:62,6
DA:63,6
DA:64,6
DA:65,6
DA:66,6
DA:67,6
DA:68,6
DA:69,6
DA:70,6
DA:71,6
DA:72,6
DA:73,6
DA:74,6
DA:75,6
DA:76,6
DA:77,6
DA:78,6
DA:79,6
DA:80,6
DA:81,6
DA:82,6
DA:83,6
DA:84,6
DA:85,6
LF:85
LH:85
BRF:0
BRH:0
end_of_record
TN:
SF:/home/andmzr/Documents/Darbas/Projektai/ts-prime/src/indexBy.ts
FN:27,indexBy
FN:31,(anonymous_1)
FN:31,(anonymous_2)
FN:35,(anonymous_3)
FN:43,(anonymous_4)
FN:51,indexed
FNF:6
FNH:6
FNDA:2,indexBy
FNDA:4,(anonymous_1)
FNDA:4,(anonymous_2)
FNDA:8,(anonymous_3)
FNDA:7,(anonymous_4)
FNDA:2,indexed
DA:1,7
DA:27,7
DA:28,2
DA:31,7
DA:35,4
DA:36,8
DA:37,8
DA:38,8
DA:39,8
DA:43,7
DA:51,7
DA:52,2
LF:12
LH:12
BRDA:36,0,0,4
BRDA:36,0,1,4
BRDA:43,1,0,7
BRDA:43,1,1,0
BRF:4
BRH:3
end_of_record
TN:
SF:/home/andmzr/Documents/Darbas/Projektai/ts-prime/src/intersection.ts
FN:23,intersection
FN:27,_intersection
FN:32,(anonymous_2)
FN:33,lazy
FN:34,(anonymous_4)
FNF:5
FNH:5
FNDA:2,intersection
FNDA:2,_intersection
FNDA:7,(anonymous_2)
FNDA:2,lazy
FNDA:6,(anonymous_4)
DA:1,7
DA:2,7
DA:23,7
DA:24,2
DA:28,2
DA:29,2
DA:32,7
DA:33,7
DA:34,2
DA:35,6
DA:36,6
DA:37,4
DA:43,2
LF:13
LH:13
BRDA:36,0,0,4
BRDA:36,0,1,2
BRDA:32,1,0,7
BRDA:32,1,1,0
BRF:4
BRH:3
end_of_record
TN:
SF:/home/andmzr/Documents/Darbas/Projektai/ts-prime/src/isOneOf.ts
FN:3,_isOneOf
FN:30,isOneOf
FNF:2
FNH:2
FNDA:17,_isOneOf
FNDA:17,isOneOf
DA:1,7
DA:7,17
DA:30,7
DA:31,17
LF:4
LH:4
BRDA:7,0,0,17
BRDA:7,0,1,17
BRF:2
BRH:2
end_of_record
TN:
SF:/home/andmzr/Documents/Darbas/Projektai/ts-prime/src/keys.ts
FN:3,_keys
FN:19,keys
FNF:2
FNH:2
FNDA:2,_keys
FNDA:2,keys
DA:1,7
DA:4,2
DA:19,7
DA:20,2
LF:4
LH:4
BRF:0
BRH:0
end_of_record
TN:
SF:/home/andmzr/Documents/Darbas/Projektai/ts-prime/src/last.ts
FN:17,last
FNF:1
FNH:1
FNDA:2,last
DA:17,7
DA:18,2
LF:2
LH:2
BRDA:18,0,0,2
BRDA:18,0,1,1
BRF:2
BRH:2
end_of_record
TN:
SF:/home/andmzr/Documents/Darbas/Projektai/ts-prime/src/map.ts
FN:23,map
FN:27,(anonymous_1)
FN:27,(anonymous_2)
FN:38,(anonymous_3)
FN:38,(anonymous_4)
FN:39,(anonymous_5)
FN:48,(anonymous_6)
FN:56,indexed
FNF:8
FNH:8
FNDA:49,map
FNDA:54,(anonymous_1)
FNDA:2,(anonymous_2)
FNDA:42,(anonymous_3)
FNDA:54,(anonymous_4)
FNDA:146,(anonymous_5)
FNDA:21,(anonymous_6)
FNDA:5,indexed
DA:1,21
DA:2,21
DA:3,21
DA:23,21
DA:24,49
DA:27,54
DA:31,2
DA:38,42
DA:39,54
DA:40,146
DA:48,21
DA:56,21
DA:57,5
DA:59,21
DA:60,21
LF:15
LH:15
BRDA:33,0,0,1
BRDA:33,0,1,1
BRDA:43,1,0,16
BRDA:43,1,1,130
BRDA:48,2,0,21
BRDA:48,2,1,0
BRF:6
BRH:5
end_of_record
TN:
SF:/home/andmzr/Documents/Darbas/Projektai/ts-prime/src/mapRecord.ts
FN:29,mapRecord
FN:33,(anonymous_1)
FN:33,(anonymous_2)
FN:38,(anonymous_3)
FN:41,(anonymous_4)
FNF:5
FNH:5
FNDA:1,mapRecord
FNDA:1,(anonymous_1)
FNDA:1,(anonymous_2)
FNDA:3,(anonymous_3)
FNDA:3,(anonymous_4)
DA:2,7
DA:29,7
DA:30,1
DA:33,7
DA:37,1
DA:38,3
DA:39,3
DA:41,3
DA:42,3
DA:43,3
LF:10
LH:10
BRF:0
BRH:0
end_of_record
TN:
SF:/home/andmzr/Documents/Darbas/Projektai/ts-prime/src/mapToObj.ts
FN:33,mapToObj
FN:37,(anonymous_1)
FN:37,(anonymous_2)
FN:41,(anonymous_3)
FNF:4
FNH:4
FNDA:3,mapToObj
FNDA:3,(anonymous_1)
FNDA:3,(anonymous_2)
FNDA:9,(anonymous_3)
DA:2,7
DA:33,7
DA:34,3
DA:37,7
DA:41,3
DA:42,9
DA:43,9
DA:44,9
LF:8
LH:8
BRF:0
BRH:0
end_of_record
TN:
SF:/home/andmzr/Documents/Darbas/Projektai/ts-prime/src/merge.ts
FN:29,merge
FN:33,_merge
FNF:2
FNH:2
FNDA:2,merge
FNDA:2,_merge
DA:1,7
DA:29,7
DA:30,2
DA:35,2
LF:4
LH:4
BRF:0
BRH:0
end_of_record
TN:
SF:/home/andmzr/Documents/Darbas/Projektai/ts-prime/src/minBy.ts
FN:25,minBy
FN:29,_minBy
FN:72,maxBy
FN:75,_maxBy
FN:76,(anonymous_4)
FN:77,(anonymous_5)
FNF:6
FNH:5
FNDA:1,minBy
FNDA:1,_minBy
FNDA:1,maxBy
FNDA:1,_maxBy
FNDA:0,(anonymous_4)
FNDA:2,(anonymous_5)
DA:1,7
DA:2,7
DA:25,7
DA:26,1
DA:30,1
DA:31,1
DA:32,1
DA:33,2
DA:34,2
DA:35,1
DA:36,1
DA:37,1
DA:40,1
DA:41,0
DA:42,0
DA:44,1
DA:46,1
DA:72,7
DA:73,1
DA:76,1
DA:77,2
DA:78,1
DA:79,1
DA:80,2
DA:81,2
DA:82,1
DA:83,1
DA:84,1
DA:87,1
DA:88,0
DA:89,0
DA:91,1
DA:93,1
LF:33
LH:29
BRDA:34,0,0,1
BRDA:34,0,1,1
BRDA:40,1,0,0
BRDA:40,1,1,1
BRDA:76,2,0,1
BRDA:76,2,1,0
BRDA:81,3,0,1
BRDA:81,3,1,1
BRDA:87,4,0,0
BRDA:87,4,1,1
BRF:10
BRH:7
end_of_record
TN:
SF:/home/andmzr/Documents/Darbas/Projektai/ts-prime/src/noop.ts
FN:7,noop
FNF:1
FNH:1
FNDA:1,noop
DA:7,7
DA:8,1
LF:2
LH:2
BRF:0
BRH:0
end_of_record
TN:
SF:/home/andmzr/Documents/Darbas/Projektai/ts-prime/src/normalizeString.ts
FN:11,normalizeString
FNF:1
FNH:1
FNDA:35,normalizeString
DA:11,9
DA:12,35
LF:2
LH:2
BRF:0
BRH:0
end_of_record
TN:
SF:/home/andmzr/Documents/Darbas/Projektai/ts-prime/src/omit.ts
FN:26,omit
FN:30,_omit
FN:35,(anonymous_2)
FNF:3
FNH:3
FNDA:2,omit
FNDA:2,_omit
FNDA:8,(anonymous_2)
DA:1,7
DA:26,7
DA:27,2
DA:34,2
DA:35,8
DA:36,8
DA:37,4
DA:39,8
LF:8
LH:8
BRDA:36,0,0,4
BRDA:36,0,1,4
BRF:2
BRH:2
end_of_record
TN:
SF:/home/andmzr/Documents/Darbas/Projektai/ts-prime/src/once.ts
FN:12,once
FN:15,(anonymous_1)
FNF:2
FNH:2
FNDA:1,once
FNDA:2,(anonymous_1)
DA:12,7
DA:13,1
DA:15,1
DA:16,2
DA:17,1
DA:18,1
DA:20,2
LF:7
LH:7
BRDA:16,0,0,1
BRDA:16,0,1,1
BRF:2
BRH:2
end_of_record
TN:
SF:/home/andmzr/Documents/Darbas/Projektai/ts-prime/src/parse.ts
FN:16,toDate
FN:43,toFloat
FN:77,toInt
FNF:3
FNH:3
FNDA:6,toDate
FNDA:5,toFloat
FNDA:1,toInt
DA:1,6
DA:16,6
DA:20,6
DA:21,6
DA:22,5
DA:43,6
DA:44,5
DA:45,0
DA:47,5
DA:48,5
DA:49,5
DA:56,0
DA:57,0
DA:59,0
DA:77,6
DA:78,1
DA:79,0
DA:82,1
DA:83,1
DA:84,1
DA:91,0
DA:92,0
DA:94,0
LF:23
LH:15
BRDA:21,0,0,1
BRDA:21,0,1,5
BRDA:44,1,0,0
BRDA:44,1,1,5
BRDA:47,2,0,5
BRDA:47,2,1,0
BRDA:50,3,0,1
BRDA:50,3,1,4
BRDA:52,4,0,2
BRDA:52,4,1,2
BRDA:56,5,0,0
BRDA:56,5,1,0
BRDA:78,6,0,0
BRDA:78,6,1,1
BRDA:82,7,0,1
BRDA:82,7,1,0
BRDA:85,8,0,1
BRDA:85,8,1,0
BRDA:87,9,0,0
BRDA:87,9,1,0
BRDA:91,10,0,0
BRDA:91,10,1,0
BRF:22
BRH:11
end_of_record
TN:
SF:/home/andmzr/Documents/Darbas/Projektai/ts-prime/src/partition.ts
FN:29,partition
FN:37,(anonymous_1)
FN:37,(anonymous_2)
FNF:3
FNH:3
FNDA:2,partition
FNDA:2,(anonymous_1)
FNDA:2,(anonymous_2)
DA:1,7
DA:29,7
DA:30,2
DA:37,7
DA:45,2
DA:46,2
DA:47,2
DA:48,16
DA:49,16
DA:50,4
DA:51,4
DA:52,4
DA:55,12
DA:56,12
DA:59,2
LF:15
LH:15
BRDA:49,0,0,4
BRDA:49,0,1,12
BRF:2
BRH:2
end_of_record
TN:
SF:/home/andmzr/Documents/Darbas/Projektai/ts-prime/src/path.ts
FN:25,path
FN:28,_path
FN:32,(anonymous_2)
FNF:3
FNH:3
FNDA:2,path
FNDA:2,_path
FNDA:14,(anonymous_2)
DA:1,7
DA:2,7
DA:25,7
DA:26,2
DA:32,2
DA:36,14
DA:37,12
DA:39,12
DA:40,12
DA:41,12
DA:42,12
DA:45,0
DA:47,2
LF:13
LH:12
BRDA:36,0,0,2
BRDA:36,0,1,12
BRDA:37,1,0,0
BRDA:37,1,1,12
BRDA:37,2,0,12
BRDA:37,2,1,2
BRDA:41,3,0,12
BRDA:41,3,1,0
BRF:8
BRH:6
end_of_record
TN:
SF:/home/andmzr/Documents/Darbas/Projektai/ts-prime/src/pick.ts
FN:34,pick
FN:38,_pick
FN:42,(anonymous_2)
FNF:3
FNH:3
FNDA:5,pick
FNDA:5,_pick
FNDA:5,(anonymous_2)
DA:1,1
DA:34,1
DA:35,5
DA:39,5
DA:40,2
DA:42,3
DA:43,5
DA:44,5
DA:46,5
LF:9
LH:9
BRDA:39,0,0,2
BRDA:39,0,1,3
BRDA:43,1,0,5
BRDA:43,1,1,0
BRF:4
BRH:3
end_of_record
TN:
SF:/home/andmzr/Documents/Darbas/Projektai/ts-prime/src/pipe.ts
FN:71,pipe
FN:76,(anonymous_1)
FN:138,_processItem
FNF:3
FNH:3
FNDA:95,pipe
FNDA:182,(anonymous_1)
FNDA:160,_processItem
DA:71,43
DA:73,182
DA:75,95
DA:76,95
DA:77,182
DA:78,182
DA:79,113
DA:80,113
DA:81,113
DA:82,113
DA:83,113
DA:84,113
DA:86,69
DA:88,95
DA:89,95
DA:90,123
DA:91,123
DA:92,123
DA:93,69
DA:94,69
DA:95,69
DA:97,54
DA:98,54
DA:99,118
DA:100,113
DA:101,113
DA:102,15
DA:105,5
DA:109,54
DA:111,54
DA:112,150
DA:113,150
DA:114,28
DA:117,54
DA:118,54
DA:119,15
DA:121,39
DA:123,54
DA:125,95
DA:139,160
DA:140,160
DA:141,160
DA:147,160
DA:148,5
DA:149,5
DA:151,155
DA:152,155
DA:153,155
DA:154,297
DA:155,297
DA:156,297
DA:157,297
DA:158,297
DA:159,297
DA:160,297
DA:161,297
DA:162,258
DA:163,6
DA:164,10
DA:165,10
DA:170,10
DA:171,1
DA:174,5
DA:176,252
DA:179,291
DA:180,39
DA:184,252
DA:185,28
DA:188,149
DA:189,110
DA:191,149
DA:192,28
DA:194,121
LF:73
LH:73
BRDA:78,0,0,113
BRDA:78,0,1,69
BRDA:92,1,0,69
BRDA:92,1,1,54
BRDA:99,2,0,113
BRDA:99,2,1,5
BRDA:101,3,0,15
BRDA:101,3,1,98
BRDA:113,4,0,28
BRDA:113,4,1,122
BRDA:118,5,0,15
BRDA:118,5,1,39
BRDA:147,6,0,5
BRDA:147,6,1,155
BRDA:159,7,0,25
BRDA:159,7,1,272
BRDA:161,8,0,258
BRDA:161,8,1,39
BRDA:162,9,0,6
BRDA:162,9,1,252
BRDA:170,10,0,1
BRDA:170,10,1,9
BRDA:179,11,0,39
BRDA:179,11,1,252
BRDA:184,12,0,28
BRDA:184,12,1,224
BRDA:188,13,0,110
BRDA:188,13,1,39
BRDA:191,14,0,28
BRDA:191,14,1,121
BRF:30
BRH:30
end_of_record
TN:
SF:/home/andmzr/Documents/Darbas/Projektai/ts-prime/src/purry.ts
FN:31,purry
FN:38,(anonymous_2)
FNF:2
FNH:2
FNDA:458,purry
FNDA:83,(anonymous_2)
DA:31,64
DA:32,458
DA:33,458
DA:34,458
DA:35,265
DA:37,193
DA:38,192
DA:39,192
DA:40,115
DA:41,115
DA:43,192
DA:45,1
LF:12
LH:12
BRDA:34,0,0,265
BRDA:34,0,1,193
BRDA:37,1,0,192
BRDA:37,1,1,1
BRDA:39,2,0,115
BRDA:39,2,1,77
BRDA:39,3,0,192
BRDA:39,3,1,77
BRDA:40,4,0,115
BRDA:40,4,1,0
BRF:10
BRH:9
end_of_record
TN:
SF:/home/andmzr/Documents/Darbas/Projektai/ts-prime/src/randomString.ts
FN:11,randomString
FN:14,(anonymous_1)
FN:17,(anonymous_2)
FNF:3
FNH:3
FNDA:1,randomString
FNDA:10,(anonymous_1)
FNDA:10,(anonymous_2)
DA:1,7
DA:11,7
DA:13,1
DA:14,1
DA:15,10
DA:17,10
LF:6
LH:6
BRF:0
BRH:0
end_of_record
TN:
SF:/home/andmzr/Documents/Darbas/Projektai/ts-prime/src/range.ts
FN:19,range
FN:23,_range
FNF:2
FNH:2
FNDA:3,range
FNDA:3,_range
DA:1,8
DA:19,8
DA:20,3
DA:24,3
DA:25,3
DA:26,18
DA:28,3
LF:7
LH:7
BRF:0
BRH:0
end_of_record
TN:
SF:/home/andmzr/Documents/Darbas/Projektai/ts-prime/src/reduce.ts
FN:42,reduce
FN:46,(anonymous_1)
FN:46,(anonymous_2)
FN:52,(anonymous_3)
FN:58,(anonymous_4)
FN:68,indexed
FNF:6
FNH:6
FNDA:2,reduce
FNDA:4,(anonymous_1)
FNDA:4,(anonymous_2)
FNDA:20,(anonymous_3)
FNDA:7,(anonymous_4)
FNDA:2,indexed
DA:1,7
DA:42,7
DA:43,2
DA:46,7
DA:51,4
DA:53,20
DA:58,7
DA:68,7
DA:69,2
LF:9
LH:9
BRDA:53,0,0,10
BRDA:53,0,1,10
BRDA:58,1,0,7
BRDA:58,1,1,0
BRF:4
BRH:3
end_of_record
TN:
SF:/home/andmzr/Documents/Darbas/Projektai/ts-prime/src/retry.ts
FN:5,__retry
FN:12,(anonymous_14)
FN:13,(anonymous_17)
FN:14,(anonymous_20)
FN:46,retry
FNF:5
FNH:0
FNDA:0,__retry
FNDA:0,(anonymous_14)
FNDA:0,(anonymous_17)
FNDA:0,(anonymous_20)
FNDA:0,retry
DA:1,6
DA:2,6
DA:3,6
DA:5,0
DA:9,0
DA:12,0
DA:13,0
DA:14,0
DA:15,0
DA:16,0
DA:17,0
DA:18,0
DA:19,0
DA:21,0
DA:24,0
DA:27,0
DA:46,6
DA:47,0
LF:18
LH:4
BRDA:18,0,0,0
BRDA:18,0,1,0
BRF:2
BRH:0
end_of_record
TN:
SF:/home/andmzr/Documents/Darbas/Projektai/ts-prime/src/reverse.ts
FN:18,reverse
FN:22,_reverse
FNF:2
FNH:2
FNDA:2,reverse
FNDA:2,_reverse
DA:1,7
DA:18,7
DA:19,2
DA:23,2
LF:4
LH:4
BRF:0
BRH:0
end_of_record
TN:
SF:/home/andmzr/Documents/Darbas/Projektai/ts-prime/src/setPath.ts
FN:16,setPath
FNF:1
FNH:1
FNDA:7,setPath
DA:1,7
DA:2,7
DA:3,7
DA:16,7
DA:21,7
DA:22,0
DA:26,7
DA:27,7
DA:28,7
DA:29,7
DA:30,21
DA:31,21
DA:32,21
DA:33,11
DA:34,11
DA:35,11
DA:38,10
DA:39,3
DA:42,10
DA:45,7
LF:20
LH:19
BRDA:21,0,0,0
BRDA:21,0,1,7
BRDA:21,1,0,7
BRDA:21,1,1,1
BRDA:31,2,0,21
BRDA:31,2,1,0
BRDA:32,3,0,11
BRDA:32,3,1,10
BRDA:33,4,0,4
BRDA:33,4,1,7
BRDA:38,5,0,3
BRDA:38,5,1,7
BRF:12
BRH:10
end_of_record
TN:
SF:/home/andmzr/Documents/Darbas/Projektai/ts-prime/src/slugify.ts
FN:12,slugify
FN:15,(anonymous_1)
FNF:2
FNH:2
FNDA:3,slugify
FNDA:7,(anonymous_1)
DA:1,7
DA:12,7
DA:13,3
DA:15,7
DA:17,3
DA:20,3
DA:24,3
DA:26,3
DA:27,3
DA:28,294
DA:32,3
DA:39,3
DA:40,1
DA:42,2
LF:14
LH:14
BRDA:39,0,0,1
BRDA:39,0,1,2
BRF:2
BRH:2
end_of_record
TN:
SF:/home/andmzr/Documents/Darbas/Projektai/ts-prime/src/sort.ts
FN:22,sort
FN:26,_sort
FNF:2
FNH:2
FNDA:2,sort
FNDA:2,_sort
DA:1,7
DA:22,7
DA:23,2
DA:27,2
DA:28,2
DA:29,2
LF:6
LH:6
BRF:0
BRH:0
end_of_record
TN:
SF:/home/andmzr/Documents/Darbas/Projektai/ts-prime/src/sortBy.ts
FN:44,sortBy
FN:48,_sortBy
FN:50,(anonymous_2)
FN:55,(anonymous_3)
FN:59,(anonymous_4)
FN:65,(anonymous_5)
FN:69,(anonymous_6)
FN:75,(anonymous_7)
FN:148,(anonymous_8)
FNF:9
FNH:8
FNDA:21,sortBy
FNDA:21,_sortBy
FNDA:43,(anonymous_2)
FNDA:39,(anonymous_3)
FNDA:49,(anonymous_4)
FNDA:44,(anonymous_5)
FNDA:5,(anonymous_6)
FNDA:49,(anonymous_7)
FNDA:0,(anonymous_8)
DA:1,9
DA:2,9
DA:3,9
DA:4,9
DA:5,9
DA:44,9
DA:45,21
DA:49,21
DA:50,21
DA:51,43
DA:52,43
DA:55,43
DA:56,39
DA:59,43
DA:63,49
DA:65,44
DA:66,44
DA:69,5
DA:70,5
DA:75,43
DA:79,49
DA:80,0
DA:82,49
DA:83,15
DA:84,15
DA:85,15
DA:87,34
DA:88,0
DA:90,34
DA:91,0
DA:93,34
DA:95,43
DA:96,15
DA:97,0
DA:101,19
DA:102,19
DA:103,19
DA:104,19
DA:105,0
DA:107,19
DA:108,19
DA:109,13
DA:114,30
DA:115,0
DA:118,30
DA:119,0
DA:120,0
DA:121,0
DA:123,30
DA:124,0
DA:126,30
DA:127,0
DA:130,30
DA:136,21
DA:139,9
DA:146,9
DA:148,0
LF:57
LH:45
BRDA:56,0,0,13
BRDA:56,0,1,26
BRDA:56,1,0,20
BRDA:56,1,1,6
BRDA:64,2,0,44
BRDA:64,2,1,5
BRDA:79,3,0,0
BRDA:79,3,1,49
BRDA:82,4,0,15
BRDA:82,4,1,34
BRDA:82,5,0,49
BRDA:82,5,1,15
BRDA:83,6,0,15
BRDA:83,6,1,10
BRDA:83,7,0,15
BRDA:83,7,1,5
BRDA:87,8,0,0
BRDA:87,8,1,34
BRDA:90,9,0,0
BRDA:90,9,1,34
BRDA:95,10,0,15
BRDA:95,10,1,28
BRDA:95,11,0,43
BRDA:95,11,1,15
BRDA:96,12,0,0
BRDA:96,12,1,15
BRDA:104,13,0,0
BRDA:104,13,1,19
BRDA:108,14,0,13
BRDA:108,14,1,6
BRDA:114,15,0,0
BRDA:114,15,1,30
BRDA:118,16,0,0
BRDA:118,16,1,30
BRDA:118,17,0,30
BRDA:118,17,1,0
BRDA:119,18,0,0
BRDA:119,18,1,0
BRDA:119,19,0,0
BRDA:119,19,1,0
BRDA:123,20,0,0
BRDA:123,20,1,30
BRDA:126,21,0,0
BRDA:126,21,1,30
BRF:44
BRH:30
end_of_record
TN:
SF:/home/andmzr/Documents/Darbas/Projektai/ts-prime/src/splitAt.ts
FN:31,splitAt
FN:35,_splitAt
FNF:2
FNH:2
FNDA:5,splitAt
FNDA:5,_splitAt
DA:1,8
DA:31,8
DA:32,5
DA:36,5
DA:37,5
DA:38,5
LF:6
LH:6
BRF:0
BRH:0
end_of_record
TN:
SF:/home/andmzr/Documents/Darbas/Projektai/ts-prime/src/splitWhen.ts
FN:25,splitWhen
FN:29,_splitWhen
FNF:2
FNH:2
FNDA:2,splitWhen
FNDA:2,_splitWhen
DA:1,7
DA:2,7
DA:25,7
DA:26,2
DA:30,2
DA:31,8
DA:32,1
DA:35,1
LF:8
LH:8
BRDA:31,0,0,1
BRDA:31,0,1,7
BRF:2
BRH:2
end_of_record
TN:
SF:/home/andmzr/Documents/Darbas/Projektai/ts-prime/src/stats.ts
FN:14,_stats
FN:15,(anonymous_2)
FN:19,calcMedian
FN:21,(anonymous_4)
FN:32,(anonymous_5)
FN:40,(anonymous_6)
FN:43,(anonymous_7)
FN:43,(anonymous_8)
FN:67,stats
FNF:9
FNH:8
FNDA:2,_stats
FNDA:0,(anonymous_2)
FNDA:2,calcMedian
FNDA:10,(anonymous_4)
FNDA:12,(anonymous_5)
FNDA:12,(anonymous_6)
FNDA:12,(anonymous_7)
FNDA:12,(anonymous_8)
FNDA:2,stats
DA:1,7
DA:15,2
DA:16,0
DA:18,2
DA:20,2
DA:21,2
DA:22,10
DA:25,2
DA:26,2
DA:28,0
DA:30,2
DA:31,2
DA:32,12
DA:33,2
DA:40,12
DA:43,12
DA:67,7
DA:68,2
LF:18
LH:16
BRDA:18,0,0,2
BRDA:18,0,1,0
BRDA:20,1,0,0
BRDA:20,1,1,2
BRDA:26,2,0,2
BRDA:26,2,1,0
BRDA:40,3,0,2
BRDA:40,3,1,10
BRF:8
BRH:5
end_of_record
TN:
SF:/home/andmzr/Documents/Darbas/Projektai/ts-prime/src/steps.ts
FN:15,steps
FNF:1
FNH:1
FNDA:5,steps
DA:15,1
DA:16,5
LF:2
LH:2
BRF:0
BRH:0
end_of_record
TN:
SF:/home/andmzr/Documents/Darbas/Projektai/ts-prime/src/take.ts
FN:20,take
FN:24,_take
FN:28,(anonymous_2)
FN:29,lazy
FN:30,(anonymous_4)
FNF:5
FNH:5
FNDA:17,take
FNDA:2,_take
FNDA:13,(anonymous_2)
FNDA:17,lazy
FNDA:48,(anonymous_4)
DA:1,13
DA:2,13
DA:20,13
DA:21,17
DA:25,2
DA:28,13
DA:29,13
DA:30,17
DA:31,48
DA:32,8
DA:37,40
DA:38,40
DA:39,16
DA:45,24
LF:14
LH:14
BRDA:31,0,0,8
BRDA:31,0,1,40
BRDA:38,1,0,16
BRDA:38,1,1,24
BRDA:28,2,0,13
BRDA:28,2,1,0
BRF:6
BRH:5
end_of_record
TN:
SF:/home/andmzr/Documents/Darbas/Projektai/ts-prime/src/takeWhile.ts
FN:25,takeWhile
FN:29,_takeWhile
FNF:2
FNH:2
FNDA:2,takeWhile
FNDA:2,_takeWhile
DA:1,7
DA:25,7
DA:26,2
DA:30,2
DA:31,8
DA:32,8
DA:33,2
DA:35,6
DA:37,2
LF:9
LH:9
BRDA:32,0,0,2
BRDA:32,0,1,6
BRF:2
BRH:2
end_of_record
TN:
SF:/home/andmzr/Documents/Darbas/Projektai/ts-prime/src/throttle.ts
FN:19,throttle
FN:24,__throttle
FN:31,(anonymous_2)
FNF:3
FNH:3
FNDA:1,throttle
FNDA:1,__throttle
FNDA:10,(anonymous_2)
DA:15,7
DA:19,7
DA:20,1
DA:29,1
DA:30,1
DA:31,10
DA:32,10
DA:33,1
DA:34,1
DA:37,1
DA:39,9
DA:40,9
DA:41,9
DA:42,9
DA:45,9
DA:47,0
LF:16
LH:15
BRDA:32,0,0,1
BRDA:32,0,1,9
BRDA:40,1,0,9
BRDA:40,1,1,0
BRF:4
BRH:3
end_of_record
TN:
SF:/home/andmzr/Documents/Darbas/Projektai/ts-prime/src/time.ts
FN:14,prettyMs
FN:42,(anonymous_1)
FN:45,(anonymous_2)
FN:48,(anonymous_3)
FN:57,prettyTimeDiff
FNF:5
FNH:5
FNDA:3,prettyMs
FNDA:12,(anonymous_1)
FNDA:12,(anonymous_2)
FNDA:4,(anonymous_3)
FNDA:4,prettyTimeDiff
DA:1,1
DA:2,1
DA:3,1
DA:4,1
DA:14,1
DA:15,3
DA:16,3
DA:17,3
DA:18,3
DA:19,3
DA:21,3
DA:22,3
DA:24,3
DA:31,3
DA:38,3
DA:41,3
DA:42,12
DA:43,12
DA:45,12
DA:46,12
DA:48,4
DA:49,4
DA:52,3
DA:57,8
DA:58,4
DA:59,4
DA:60,0
DA:63,4
DA:64,4
DA:65,4
DA:66,4
DA:67,4
DA:70,4
DA:71,2
DA:73,1
DA:75,1
DA:78,1
DA:80,0
DA:82,0
DA:84,0
DA:86,0
DA:89,2
DA:91,2
DA:93,2
DA:95,2
DA:96,1
DA:98,0
DA:100,0
DA:102,0
DA:104,0
LF:50
LH:41
BRDA:38,0,0,3
BRDA:38,0,1,3
BRDA:57,1,0,4
BRDA:57,1,1,0
BRDA:59,2,0,0
BRDA:59,2,1,4
BRDA:70,3,0,2
BRDA:70,3,1,2
BRDA:71,4,0,1
BRDA:71,4,1,1
BRDA:73,5,0,0
BRDA:73,5,1,1
BRDA:75,6,0,0
BRDA:75,6,1,1
BRDA:78,7,0,1
BRDA:78,7,1,0
BRDA:80,8,0,0
BRDA:80,8,1,0
BRDA:82,9,0,0
BRDA:82,9,1,0
BRDA:84,10,0,0
BRDA:84,10,1,0
BRDA:91,11,0,0
BRDA:91,11,1,2
BRDA:93,12,0,0
BRDA:93,12,1,2
BRDA:95,13,0,1
BRDA:95,13,1,1
BRDA:96,14,0,1
BRDA:96,14,1,0
BRDA:98,15,0,0
BRDA:98,15,1,0
BRDA:100,16,0,0
BRDA:100,16,1,0
BRDA:102,17,0,0
BRDA:102,17,1,0
BRF:36
BRH:16
end_of_record
TN:
SF:/home/andmzr/Documents/Darbas/Projektai/ts-prime/src/timeout.ts
FN:25,timeout
FN:28,_timeout
FN:32,(anonymous_2)
FN:34,(anonymous_3)
FN:35,(anonymous_4)
FN:42,(anonymous_5)
FNF:6
FNH:6
FNDA:2,timeout
FNDA:2,_timeout
FNDA:2,(anonymous_2)
FNDA:2,(anonymous_3)
FNDA:1,(anonymous_4)
FNDA:2,(anonymous_5)
DA:1,6
DA:2,6
DA:25,6
DA:26,2
DA:32,2
DA:33,2
DA:35,2
DA:36,1
DA:43,2
DA:44,1
DA:46,1
LF:11
LH:11
BRDA:43,0,0,1
BRDA:43,0,1,1
BRF:2
BRH:2
end_of_record
TN:
SF:/home/andmzr/Documents/Darbas/Projektai/ts-prime/src/times.ts
FN:26,times
FN:30,_times
FNF:2
FNH:2
FNDA:15,times
FNDA:18,_times
DA:1,7
DA:26,7
DA:27,15
DA:31,18
DA:32,6
DA:35,12
DA:36,12
DA:37,42
DA:40,12
LF:9
LH:9
BRDA:31,0,0,6
BRDA:31,0,1,12
BRF:2
BRH:2
end_of_record
TN:
SF:/home/andmzr/Documents/Darbas/Projektai/ts-prime/src/type.ts
FN:21,type
FNF:1
FNH:1
FNDA:453,type
DA:21,13
DA:22,453
LF:2
LH:2
BRDA:23,0,0,2
BRDA:23,0,1,451
BRDA:25,1,0,3
BRDA:25,1,1,448
BRF:4
BRH:4
end_of_record
TN:
SF:/home/andmzr/Documents/Darbas/Projektai/ts-prime/src/uniq.ts
FN:25,uniq
FN:29,_uniq
FN:33,(anonymous_2)
FN:34,lazy
FN:36,(anonymous_4)
FNF:5
FNH:5
FNDA:27,uniq
FNDA:25,_uniq
FNDA:9,(anonymous_2)
FNDA:27,lazy
FNDA:237,(anonymous_4)
DA:1,9
DA:2,9
DA:25,9
DA:26,27
DA:30,25
DA:33,9
DA:34,9
DA:35,27
DA:36,27
DA:37,237
DA:38,38
DA:43,199
DA:44,199
LF:13
LH:13
BRDA:37,0,0,38
BRDA:37,0,1,199
BRDA:33,1,0,9
BRDA:33,1,1,0
BRF:4
BRH:3
end_of_record
TN:
SF:/home/andmzr/Documents/Darbas/Projektai/ts-prime/src/uniqBy.ts
FN:30,uniqBy
FN:34,_uniqBy
FN:38,lazyUniqBy
FN:40,(anonymous_3)
FNF:4
FNH:4
FNDA:6,uniqBy
FNDA:4,_uniqBy
FNDA:6,lazyUniqBy
FNDA:35,(anonymous_3)
DA:1,7
DA:2,7
DA:30,7
DA:31,6
DA:35,4
DA:39,6
DA:40,6
DA:41,35
DA:42,35
DA:43,11
DA:49,24
DA:50,24
LF:12
LH:12
BRDA:42,0,0,11
BRDA:42,0,1,24
BRF:2
BRH:2
end_of_record
TN:
SF:/home/andmzr/Documents/Darbas/Projektai/ts-prime/src/url.ts
FN:6,urlToRelative
FN:15,urlJoin
FNF:2
FNH:2
FNDA:1,urlToRelative
FNDA:32,urlJoin
DA:6,7
DA:7,1
DA:15,103
DA:16,32
DA:18,32
DA:19,32
DA:21,31
DA:22,0
DA:25,31
DA:26,16
DA:27,16
DA:31,31
DA:32,5
DA:34,26
DA:37,31
DA:38,87
DA:40,87
DA:41,0
DA:44,87
DA:46,84
DA:48,54
DA:50,84
DA:52,53
DA:55,31
DA:58,84
DA:62,31
DA:63,31
DA:65,31
DA:66,31
DA:68,31
LF:30
LH:28
BRDA:19,0,0,1
BRDA:19,0,1,31
BRDA:21,1,0,0
BRDA:21,1,1,31
BRDA:25,2,0,16
BRDA:25,2,1,15
BRDA:25,3,0,31
BRDA:25,3,1,16
BRDA:31,4,0,5
BRDA:31,4,1,26
BRDA:40,5,0,0
BRDA:40,5,1,87
BRDA:44,6,0,3
BRDA:44,6,1,84
BRDA:46,7,0,54
BRDA:46,7,1,30
BRDA:50,8,0,53
BRDA:50,8,1,31
BRDA:66,9,0,11
BRDA:66,9,1,20
BRF:20
BRH:18
end_of_record
TN:
SF:/home/andmzr/Documents/Darbas/Projektai/ts-prime/src/uuid.ts
FN:7,uuidv4
FN:9,(anonymous_1)
FNF:2
FNH:2
FNDA:2,uuidv4
FNDA:62,(anonymous_1)
DA:7,7
DA:9,2
DA:11,62
DA:12,62
DA:13,62
LF:5
LH:5
BRDA:12,0,0,60
BRDA:12,0,1,2
BRF:2
BRH:2
end_of_record
TN:
SF:/home/andmzr/Documents/Darbas/Projektai/ts-prime/src/values.ts
FN:3,_values
FN:19,values
FNF:2
FNH:2
FNDA:2,_values
FNDA:2,values
DA:1,7
DA:4,2
DA:19,7
DA:20,2
LF:4
LH:4
BRF:0
BRH:0
end_of_record
TN:
SF:/home/andmzr/Documents/Darbas/Projektai/ts-prime/src/waitUntilDefined.ts
FN:15,waitUntilDefined
FN:20,(anonymous_16)
FNF:2
FNH:2
FNDA:1,waitUntilDefined
FNDA:1,(anonymous_16)
DA:1,7
DA:15,7
DA:19,1
DA:20,1
DA:21,0
DA:22,16
DA:23,16
DA:24,0
DA:26,16
DA:27,1
DA:28,15
DA:29,15
DA:31,1
DA:32,1
LF:14
LH:12
BRDA:23,0,0,0
BRDA:23,0,1,16
BRF:2
BRH:1
end_of_record
